#
# There is insufficient memory for the Java Runtime Environment to continue.
# Native memory allocation (malloc) failed to allocate 780576 bytes for Chunk::new
# Possible reasons:
#   The system is out of physical RAM or swap space
#   The process is running with CompressedOops enabled, and the Java Heap may be blocking the growth of the native heap
# Possible solutions:
#   Reduce memory load on the system
#   Increase physical memory or swap space
#   Check if swap backing store is full
#   Decrease Java heap size (-Xmx/-Xms)
#   Decrease number of Java threads
#   Decrease Java thread stack sizes (-Xss)
#   Set larger code cache with -XX:ReservedCodeCacheSize=
#   JVM is running with Zero Based Compressed Oops mode in which the Java heap is
#     placed in the first 32GB address space. The Java Heap base address is the
#     maximum limit for the native heap growth. Please use -XX:HeapBaseMinAddress
#     to set the Java Heap base and to place the Java Heap above 32GB virtual address.
# This output file may be truncated or incomplete.
#
#  Out of Memory Error (arena.cpp:184), pid=1376, tid=22932
#
# JRE version: OpenJDK Runtime Environment (19.0.2+7) (build 19.0.2+7-44)
# Java VM: OpenJDK 64-Bit Server VM (19.0.2+7-44, mixed mode, sharing, tiered, compressed oops, compressed class ptrs, g1 gc, windows-amd64)
# No core dump will be written. Minidumps are not enabled by default on client versions of Windows
#

---------------  S U M M A R Y ------------

Command Line: -Dmaven.multiModuleProjectDirectory=E:\MyProjact\shareIt#13work -Djansi.passthrough=true -Dmaven.home=C:\Program Files\JetBrains\ideaIU-2022.3.3.win\plugins\maven\lib\maven3 -Dclassworlds.conf=C:\Program Files\JetBrains\ideaIU-2022.3.3.win\plugins\maven\lib\maven3\bin\m2.conf -Dmaven.ext.class.path=C:\Program Files\JetBrains\ideaIU-2022.3.3.win\plugins\maven\lib\maven-event-listener.jar -javaagent:C:\Program Files\JetBrains\ideaIU-2022.3.3.win\lib\idea_rt.jar=53239:C:\Program Files\JetBrains\ideaIU-2022.3.3.win\bin -Dfile.encoding=UTF-8 -Dsun.stdout.encoding=UTF-8 -Dsun.stderr.encoding=UTF-8 org.codehaus.classworlds.Launcher -Didea.version=2023.1.3 clean

Host: Intel(R) Core(TM) i5-3570 CPU @ 3.40GHz, 4 cores, 15G,  Windows 11 , 64 bit Build 22621 (10.0.22621.1928)
Time: Fri Jul 14 18:33:34 2023 RTZ 2 (s 11 , 64 bit Build 22621 (10.0.22621.1928) elapsed time: 1.618948 seconds (0d 0h 0m 1s)

---------------  T H R E A D  ---------------

Current thread (0x000001efd5041dd0):  JavaThread "C2 CompilerThread1" daemon [_thread_in_native, id=22932, stack(0x000000065ce00000,0x000000065cf00000)]


Current CompileTask:
C2:   1619 2471       4       org.codehaus.plexus.util.xml.pull.MXParser::parseStartTag (1195 bytes)

Stack: [0x000000065ce00000,0x000000065cf00000]
Native frames: (J=compiled Java code, j=interpreted, Vv=VM code, C=native code)
V  [jvm.dll+0x6ee21a]
V  [jvm.dll+0x85765e]
V  [jvm.dll+0x85904e]
V  [jvm.dll+0x859703]
V  [jvm.dll+0x28298f]
V  [jvm.dll+0xc9adf]
V  [jvm.dll+0xc9e65]
V  [jvm.dll+0x3bca4c]
V  [jvm.dll+0x3860e1]
V  [jvm.dll+0x38555a]
V  [jvm.dll+0x24c3d9]
V  [jvm.dll+0x24b781]
V  [jvm.dll+0x1d6ce1]
V  [jvm.dll+0x25b25a]
V  [jvm.dll+0x2596e8]
V  [jvm.dll+0x807588]
V  [jvm.dll+0x80125a]
V  [jvm.dll+0x6ecf0b]
C  [ucrtbase.dll+0x29363]
C  [KERNEL32.DLL+0x126ad]
C  [ntdll.dll+0x5aa68]


---------------  P R O C E S S  ---------------

Threads class SMR info:
_java_thread_list=0x000001efd52aa8d0, length=14, elements={
0x000001efabdbfe70, 0x000001efd04687d0, 0x000001efd04692a0, 0x000001efd046d0f0,
0x000001efd046da20, 0x000001efd046e4f0, 0x000001efd046efc0, 0x000001efd0477090,
0x000001efd0480bd0, 0x000001efd0492140, 0x000001efd48b9d20, 0x000001efd48ba270,
0x000001efd48ba7c0, 0x000001efd5041dd0
}

Java Threads: ( => current thread )
  0x000001efabdbfe70 JavaThread "main" [_thread_in_native, id=21600, stack(0x000000065b700000,0x000000065b800000)]
  0x000001efd04687d0 JavaThread "Reference Handler" daemon [_thread_blocked, id=20140, stack(0x000000065be00000,0x000000065bf00000)]
  0x000001efd04692a0 JavaThread "Finalizer" daemon [_thread_blocked, id=16380, stack(0x000000065bf00000,0x000000065c000000)]
  0x000001efd046d0f0 JavaThread "Signal Dispatcher" daemon [_thread_blocked, id=18748, stack(0x000000065c000000,0x000000065c100000)]
  0x000001efd046da20 JavaThread "Attach Listener" daemon [_thread_blocked, id=22392, stack(0x000000065c100000,0x000000065c200000)]
  0x000001efd046e4f0 JavaThread "Service Thread" daemon [_thread_blocked, id=20560, stack(0x000000065c200000,0x000000065c300000)]
  0x000001efd046efc0 JavaThread "Monitor Deflation Thread" daemon [_thread_blocked, id=10848, stack(0x000000065c300000,0x000000065c400000)]
  0x000001efd0477090 JavaThread "C2 CompilerThread0" daemon [_thread_in_native, id=19244, stack(0x000000065c400000,0x000000065c500000)]
  0x000001efd0480bd0 JavaThread "C1 CompilerThread0" daemon [_thread_blocked, id=14640, stack(0x000000065c500000,0x000000065c600000)]
  0x000001efd0492140 JavaThread "Sweeper thread" daemon [_thread_blocked, id=18488, stack(0x000000065c600000,0x000000065c700000)]
  0x000001efd48b9d20 JavaThread "Common-Cleaner" daemon [_thread_blocked, id=23188, stack(0x000000065c700000,0x000000065c800000)]
  0x000001efd48ba270 JavaThread "Monitor Ctrl-Break" daemon [_thread_in_native, id=15540, stack(0x000000065c800000,0x000000065c900000)]
  0x000001efd48ba7c0 JavaThread "Notification Thread" daemon [_thread_blocked, id=20700, stack(0x000000065c900000,0x000000065ca00000)]
=>0x000001efd5041dd0 JavaThread "C2 CompilerThread1" daemon [_thread_in_native, id=22932, stack(0x000000065ce00000,0x000000065cf00000)]

Other Threads:
  0x000001efd044c3f0 VMThread "VM Thread" [stack: 0x000000065bd00000,0x000000065be00000] [id=23152]
  0x000001efd4983730 WatcherThread "VM Periodic Task Thread" [stack: 0x000000065ca00000,0x000000065cb00000] [id=3688]
  0x000001efabe2dcc0 WorkerThread "GC Thread#0" [stack: 0x000000065b800000,0x000000065b900000] [id=20348]
  0x000001efd4e88310 WorkerThread "GC Thread#1" [stack: 0x000000065cb00000,0x000000065cc00000] [id=18268]
  0x000001efd4e8c620 WorkerThread "GC Thread#2" [stack: 0x000000065cc00000,0x000000065cd00000] [id=8992]
  0x000001efd4e8c8f0 WorkerThread "GC Thread#3" [stack: 0x000000065cd00000,0x000000065ce00000] [id=7696]
  0x000001efabe401d0 ConcurrentGCThread "G1 Main Marker" [stack: 0x000000065b900000,0x000000065ba00000] [id=15520]
  0x000001efabe40d10 WorkerThread "G1 Conc#0" [stack: 0x000000065ba00000,0x000000065bb00000] [id=21804]
  0x000001efabe7dbb0 ConcurrentGCThread "G1 Refine#0" [stack: 0x000000065bb00000,0x000000065bc00000] [id=17088]
  0x000001efabe7e7a0 ConcurrentGCThread "G1 Service" [stack: 0x000000065bc00000,0x000000065bd00000] [id=13896]

Threads with active compile tasks:
C2 CompilerThread0     1638 2516       4       sun.util.locale.BaseLocale::getInstance (150 bytes)
C2 CompilerThread1     1638 2471       4       org.codehaus.plexus.util.xml.pull.MXParser::parseStartTag (1195 bytes)

VM state: not at safepoint (normal execution)

VM Mutex/Monitor currently owned by a thread: None

Heap address: 0x0000000708600000, size: 3962 MB, Compressed Oops mode: Zero based, Oop shift amount: 3

CDS archive(s) mapped at: [0x0000000800000000-0x0000000800c40000-0x0000000800c40000), size 12845056, SharedBaseAddress: 0x0000000800000000, ArchiveRelocationMode: 0.
Compressed class space mapped at: 0x0000000801000000-0x0000000841000000, reserved size: 1073741824
Narrow klass base: 0x0000000800000000, Narrow klass shift: 0, Narrow klass range: 0x100000000

GC Precious Log:
 CardTable entry size: 512
 Card Set container configuration: InlinePtr #cards 4 size 8 Array Of Cards #cards 16 size 48 Howl #buckets 8 coarsen threshold 3686 Howl Bitmap #cards 512 size 80 coarsen threshold 460 Card regions per heap region 1 cards per card region 4096
 CPUs: 4 total, 4 available
 Memory: 15843M
 Large Page Support: Disabled
 NUMA Support: Disabled
 Compressed Oops: Enabled (Zero based)
 Heap Region Size: 2M
 Heap Min Capacity: 8M
 Heap Initial Capacity: 248M
 Heap Max Capacity: 3962M
 Pre-touch: Disabled
 Parallel Workers: 4
 Concurrent Workers: 1
 Concurrent Refinement Workers: 4
 Periodic GC: Disabled

Heap:
 garbage-first heap   total 253952K, used 7430K [0x0000000708600000, 0x0000000800000000)
  region size 2048K, 3 young (6144K), 2 survivors (4096K)
 Metaspace       used 13055K, committed 13248K, reserved 1114112K
  class space    used 1483K, committed 1600K, reserved 1048576K

Heap Regions: E=young(eden), S=young(survivor), O=old, HS=humongous(starts), HC=humongous(continues), CS=collection set, F=free, OA=open archive, CA=closed archive, TAMS=top-at-mark-start (previous, next)
|   0|0x0000000708600000, 0x0000000708800000, 0x0000000708800000|100%| O|  |TAMS 0x0000000708600000, 0x0000000708600000| Untracked 
|   1|0x0000000708800000, 0x0000000708941a00, 0x0000000708a00000| 62%| O|  |TAMS 0x0000000708800000, 0x0000000708800000| Untracked 
|   2|0x0000000708a00000, 0x0000000708a00000, 0x0000000708c00000|  0%| F|  |TAMS 0x0000000708a00000, 0x0000000708a00000| Untracked 
|   3|0x0000000708c00000, 0x0000000708c00000, 0x0000000708e00000|  0%| F|  |TAMS 0x0000000708c00000, 0x0000000708c00000| Untracked 
|   4|0x0000000708e00000, 0x0000000708e00000, 0x0000000709000000|  0%| F|  |TAMS 0x0000000708e00000, 0x0000000708e00000| Untracked 
|   5|0x0000000709000000, 0x0000000709000000, 0x0000000709200000|  0%| F|  |TAMS 0x0000000709000000, 0x0000000709000000| Untracked 
|   6|0x0000000709200000, 0x0000000709200000, 0x0000000709400000|  0%| F|  |TAMS 0x0000000709200000, 0x0000000709200000| Untracked 
|   7|0x0000000709400000, 0x0000000709400000, 0x0000000709600000|  0%| F|  |TAMS 0x0000000709400000, 0x0000000709400000| Untracked 
|   8|0x0000000709600000, 0x0000000709600000, 0x0000000709800000|  0%| F|  |TAMS 0x0000000709600000, 0x0000000709600000| Untracked 
|   9|0x0000000709800000, 0x0000000709800000, 0x0000000709a00000|  0%| F|  |TAMS 0x0000000709800000, 0x0000000709800000| Untracked 
|  10|0x0000000709a00000, 0x0000000709a00000, 0x0000000709c00000|  0%| F|  |TAMS 0x0000000709a00000, 0x0000000709a00000| Untracked 
|  11|0x0000000709c00000, 0x0000000709c00000, 0x0000000709e00000|  0%| F|  |TAMS 0x0000000709c00000, 0x0000000709c00000| Untracked 
|  12|0x0000000709e00000, 0x0000000709e00000, 0x000000070a000000|  0%| F|  |TAMS 0x0000000709e00000, 0x0000000709e00000| Untracked 
|  13|0x000000070a000000, 0x000000070a000000, 0x000000070a200000|  0%| F|  |TAMS 0x000000070a000000, 0x000000070a000000| Untracked 
|  14|0x000000070a200000, 0x000000070a200000, 0x000000070a400000|  0%| F|  |TAMS 0x000000070a200000, 0x000000070a200000| Untracked 
|  15|0x000000070a400000, 0x000000070a400000, 0x000000070a600000|  0%| F|  |TAMS 0x000000070a400000, 0x000000070a400000| Untracked 
|  16|0x000000070a600000, 0x000000070a600000, 0x000000070a800000|  0%| F|  |TAMS 0x000000070a600000, 0x000000070a600000| Untracked 
|  17|0x000000070a800000, 0x000000070a800000, 0x000000070aa00000|  0%| F|  |TAMS 0x000000070a800000, 0x000000070a800000| Untracked 
|  18|0x000000070aa00000, 0x000000070aa00000, 0x000000070ac00000|  0%| F|  |TAMS 0x000000070aa00000, 0x000000070aa00000| Untracked 
|  19|0x000000070ac00000, 0x000000070ac00000, 0x000000070ae00000|  0%| F|  |TAMS 0x000000070ac00000, 0x000000070ac00000| Untracked 
|  20|0x000000070ae00000, 0x000000070ae00000, 0x000000070b000000|  0%| F|  |TAMS 0x000000070ae00000, 0x000000070ae00000| Untracked 
|  21|0x000000070b000000, 0x000000070b000000, 0x000000070b200000|  0%| F|  |TAMS 0x000000070b000000, 0x000000070b000000| Untracked 
|  22|0x000000070b200000, 0x000000070b200000, 0x000000070b400000|  0%| F|  |TAMS 0x000000070b200000, 0x000000070b200000| Untracked 
|  23|0x000000070b400000, 0x000000070b400000, 0x000000070b600000|  0%| F|  |TAMS 0x000000070b400000, 0x000000070b400000| Untracked 
|  24|0x000000070b600000, 0x000000070b600000, 0x000000070b800000|  0%| F|  |TAMS 0x000000070b600000, 0x000000070b600000| Untracked 
|  25|0x000000070b800000, 0x000000070b800000, 0x000000070ba00000|  0%| F|  |TAMS 0x000000070b800000, 0x000000070b800000| Untracked 
|  26|0x000000070ba00000, 0x000000070ba00000, 0x000000070bc00000|  0%| F|  |TAMS 0x000000070ba00000, 0x000000070ba00000| Untracked 
|  27|0x000000070bc00000, 0x000000070bc00000, 0x000000070be00000|  0%| F|  |TAMS 0x000000070bc00000, 0x000000070bc00000| Untracked 
|  28|0x000000070be00000, 0x000000070be00000, 0x000000070c000000|  0%| F|  |TAMS 0x000000070be00000, 0x000000070be00000| Untracked 
|  29|0x000000070c000000, 0x000000070c000000, 0x000000070c200000|  0%| F|  |TAMS 0x000000070c000000, 0x000000070c000000| Untracked 
|  30|0x000000070c200000, 0x000000070c200000, 0x000000070c400000|  0%| F|  |TAMS 0x000000070c200000, 0x000000070c200000| Untracked 
|  31|0x000000070c400000, 0x000000070c400000, 0x000000070c600000|  0%| F|  |TAMS 0x000000070c400000, 0x000000070c400000| Untracked 
|  32|0x000000070c600000, 0x000000070c600000, 0x000000070c800000|  0%| F|  |TAMS 0x000000070c600000, 0x000000070c600000| Untracked 
|  33|0x000000070c800000, 0x000000070c800000, 0x000000070ca00000|  0%| F|  |TAMS 0x000000070c800000, 0x000000070c800000| Untracked 
|  34|0x000000070ca00000, 0x000000070ca00000, 0x000000070cc00000|  0%| F|  |TAMS 0x000000070ca00000, 0x000000070ca00000| Untracked 
|  35|0x000000070cc00000, 0x000000070cc00000, 0x000000070ce00000|  0%| F|  |TAMS 0x000000070cc00000, 0x000000070cc00000| Untracked 
|  36|0x000000070ce00000, 0x000000070ce00000, 0x000000070d000000|  0%| F|  |TAMS 0x000000070ce00000, 0x000000070ce00000| Untracked 
|  37|0x000000070d000000, 0x000000070d000000, 0x000000070d200000|  0%| F|  |TAMS 0x000000070d000000, 0x000000070d000000| Untracked 
|  38|0x000000070d200000, 0x000000070d200000, 0x000000070d400000|  0%| F|  |TAMS 0x000000070d200000, 0x000000070d200000| Untracked 
|  39|0x000000070d400000, 0x000000070d400000, 0x000000070d600000|  0%| F|  |TAMS 0x000000070d400000, 0x000000070d400000| Untracked 
|  40|0x000000070d600000, 0x000000070d600000, 0x000000070d800000|  0%| F|  |TAMS 0x000000070d600000, 0x000000070d600000| Untracked 
|  41|0x000000070d800000, 0x000000070d800000, 0x000000070da00000|  0%| F|  |TAMS 0x000000070d800000, 0x000000070d800000| Untracked 
|  42|0x000000070da00000, 0x000000070da00000, 0x000000070dc00000|  0%| F|  |TAMS 0x000000070da00000, 0x000000070da00000| Untracked 
|  43|0x000000070dc00000, 0x000000070dc00000, 0x000000070de00000|  0%| F|  |TAMS 0x000000070dc00000, 0x000000070dc00000| Untracked 
|  44|0x000000070de00000, 0x000000070de00000, 0x000000070e000000|  0%| F|  |TAMS 0x000000070de00000, 0x000000070de00000| Untracked 
|  45|0x000000070e000000, 0x000000070e000000, 0x000000070e200000|  0%| F|  |TAMS 0x000000070e000000, 0x000000070e000000| Untracked 
|  46|0x000000070e200000, 0x000000070e200000, 0x000000070e400000|  0%| F|  |TAMS 0x000000070e200000, 0x000000070e200000| Untracked 
|  47|0x000000070e400000, 0x000000070e400000, 0x000000070e600000|  0%| F|  |TAMS 0x000000070e400000, 0x000000070e400000| Untracked 
|  48|0x000000070e600000, 0x000000070e600000, 0x000000070e800000|  0%| F|  |TAMS 0x000000070e600000, 0x000000070e600000| Untracked 
|  49|0x000000070e800000, 0x000000070e800000, 0x000000070ea00000|  0%| F|  |TAMS 0x000000070e800000, 0x000000070e800000| Untracked 
|  50|0x000000070ea00000, 0x000000070ea00000, 0x000000070ec00000|  0%| F|  |TAMS 0x000000070ea00000, 0x000000070ea00000| Untracked 
|  51|0x000000070ec00000, 0x000000070ec00000, 0x000000070ee00000|  0%| F|  |TAMS 0x000000070ec00000, 0x000000070ec00000| Untracked 
|  52|0x000000070ee00000, 0x000000070ee00000, 0x000000070f000000|  0%| F|  |TAMS 0x000000070ee00000, 0x000000070ee00000| Untracked 
|  53|0x000000070f000000, 0x000000070f000000, 0x000000070f200000|  0%| F|  |TAMS 0x000000070f000000, 0x000000070f000000| Untracked 
|  54|0x000000070f200000, 0x000000070f200000, 0x000000070f400000|  0%| F|  |TAMS 0x000000070f200000, 0x000000070f200000| Untracked 
|  55|0x000000070f400000, 0x000000070f400000, 0x000000070f600000|  0%| F|  |TAMS 0x000000070f400000, 0x000000070f400000| Untracked 
|  56|0x000000070f600000, 0x000000070f600000, 0x000000070f800000|  0%| F|  |TAMS 0x000000070f600000, 0x000000070f600000| Untracked 
|  57|0x000000070f800000, 0x000000070f800000, 0x000000070fa00000|  0%| F|  |TAMS 0x000000070f800000, 0x000000070f800000| Untracked 
|  58|0x000000070fa00000, 0x000000070fa00000, 0x000000070fc00000|  0%| F|  |TAMS 0x000000070fa00000, 0x000000070fa00000| Untracked 
|  59|0x000000070fc00000, 0x000000070fc00000, 0x000000070fe00000|  0%| F|  |TAMS 0x000000070fc00000, 0x000000070fc00000| Untracked 
|  60|0x000000070fe00000, 0x000000070fe00000, 0x0000000710000000|  0%| F|  |TAMS 0x000000070fe00000, 0x000000070fe00000| Untracked 
|  61|0x0000000710000000, 0x0000000710000000, 0x0000000710200000|  0%| F|  |TAMS 0x0000000710000000, 0x0000000710000000| Untracked 
|  62|0x0000000710200000, 0x0000000710200000, 0x0000000710400000|  0%| F|  |TAMS 0x0000000710200000, 0x0000000710200000| Untracked 
|  63|0x0000000710400000, 0x0000000710400000, 0x0000000710600000|  0%| F|  |TAMS 0x0000000710400000, 0x0000000710400000| Untracked 
|  64|0x0000000710600000, 0x0000000710600000, 0x0000000710800000|  0%| F|  |TAMS 0x0000000710600000, 0x0000000710600000| Untracked 
|  65|0x0000000710800000, 0x0000000710800000, 0x0000000710a00000|  0%| F|  |TAMS 0x0000000710800000, 0x0000000710800000| Untracked 
|  66|0x0000000710a00000, 0x0000000710a00000, 0x0000000710c00000|  0%| F|  |TAMS 0x0000000710a00000, 0x0000000710a00000| Untracked 
|  67|0x0000000710c00000, 0x0000000710c00000, 0x0000000710e00000|  0%| F|  |TAMS 0x0000000710c00000, 0x0000000710c00000| Untracked 
|  68|0x0000000710e00000, 0x0000000710e00000, 0x0000000711000000|  0%| F|  |TAMS 0x0000000710e00000, 0x0000000710e00000| Untracked 
|  69|0x0000000711000000, 0x0000000711000000, 0x0000000711200000|  0%| F|  |TAMS 0x0000000711000000, 0x0000000711000000| Untracked 
|  70|0x0000000711200000, 0x0000000711200000, 0x0000000711400000|  0%| F|  |TAMS 0x0000000711200000, 0x0000000711200000| Untracked 
|  71|0x0000000711400000, 0x0000000711400000, 0x0000000711600000|  0%| F|  |TAMS 0x0000000711400000, 0x0000000711400000| Untracked 
|  72|0x0000000711600000, 0x0000000711600000, 0x0000000711800000|  0%| F|  |TAMS 0x0000000711600000, 0x0000000711600000| Untracked 
|  73|0x0000000711800000, 0x0000000711800000, 0x0000000711a00000|  0%| F|  |TAMS 0x0000000711800000, 0x0000000711800000| Untracked 
|  74|0x0000000711a00000, 0x0000000711a00000, 0x0000000711c00000|  0%| F|  |TAMS 0x0000000711a00000, 0x0000000711a00000| Untracked 
|  75|0x0000000711c00000, 0x0000000711c00000, 0x0000000711e00000|  0%| F|  |TAMS 0x0000000711c00000, 0x0000000711c00000| Untracked 
|  76|0x0000000711e00000, 0x0000000711e00000, 0x0000000712000000|  0%| F|  |TAMS 0x0000000711e00000, 0x0000000711e00000| Untracked 
|  77|0x0000000712000000, 0x0000000712000000, 0x0000000712200000|  0%| F|  |TAMS 0x0000000712000000, 0x0000000712000000| Untracked 
|  78|0x0000000712200000, 0x0000000712200000, 0x0000000712400000|  0%| F|  |TAMS 0x0000000712200000, 0x0000000712200000| Untracked 
|  79|0x0000000712400000, 0x0000000712400000, 0x0000000712600000|  0%| F|  |TAMS 0x0000000712400000, 0x0000000712400000| Untracked 
|  80|0x0000000712600000, 0x0000000712600000, 0x0000000712800000|  0%| F|  |TAMS 0x0000000712600000, 0x0000000712600000| Untracked 
|  81|0x0000000712800000, 0x0000000712800000, 0x0000000712a00000|  0%| F|  |TAMS 0x0000000712800000, 0x0000000712800000| Untracked 
|  82|0x0000000712a00000, 0x0000000712a00000, 0x0000000712c00000|  0%| F|  |TAMS 0x0000000712a00000, 0x0000000712a00000| Untracked 
|  83|0x0000000712c00000, 0x0000000712c00000, 0x0000000712e00000|  0%| F|  |TAMS 0x0000000712c00000, 0x0000000712c00000| Untracked 
|  84|0x0000000712e00000, 0x0000000712e00000, 0x0000000713000000|  0%| F|  |TAMS 0x0000000712e00000, 0x0000000712e00000| Untracked 
|  85|0x0000000713000000, 0x0000000713000000, 0x0000000713200000|  0%| F|  |TAMS 0x0000000713000000, 0x0000000713000000| Untracked 
|  86|0x0000000713200000, 0x0000000713200000, 0x0000000713400000|  0%| F|  |TAMS 0x0000000713200000, 0x0000000713200000| Untracked 
|  87|0x0000000713400000, 0x0000000713400000, 0x0000000713600000|  0%| F|  |TAMS 0x0000000713400000, 0x0000000713400000| Untracked 
|  88|0x0000000713600000, 0x0000000713600000, 0x0000000713800000|  0%| F|  |TAMS 0x0000000713600000, 0x0000000713600000| Untracked 
|  89|0x0000000713800000, 0x0000000713800000, 0x0000000713a00000|  0%| F|  |TAMS 0x0000000713800000, 0x0000000713800000| Untracked 
|  90|0x0000000713a00000, 0x0000000713a00000, 0x0000000713c00000|  0%| F|  |TAMS 0x0000000713a00000, 0x0000000713a00000| Untracked 
|  91|0x0000000713c00000, 0x0000000713c00000, 0x0000000713e00000|  0%| F|  |TAMS 0x0000000713c00000, 0x0000000713c00000| Untracked 
|  92|0x0000000713e00000, 0x0000000713e00000, 0x0000000714000000|  0%| F|  |TAMS 0x0000000713e00000, 0x0000000713e00000| Untracked 
|  93|0x0000000714000000, 0x0000000714000000, 0x0000000714200000|  0%| F|  |TAMS 0x0000000714000000, 0x0000000714000000| Untracked 
|  94|0x0000000714200000, 0x0000000714200000, 0x0000000714400000|  0%| F|  |TAMS 0x0000000714200000, 0x0000000714200000| Untracked 
|  95|0x0000000714400000, 0x0000000714400000, 0x0000000714600000|  0%| F|  |TAMS 0x0000000714400000, 0x0000000714400000| Untracked 
|  96|0x0000000714600000, 0x0000000714600000, 0x0000000714800000|  0%| F|  |TAMS 0x0000000714600000, 0x0000000714600000| Untracked 
|  97|0x0000000714800000, 0x0000000714800000, 0x0000000714a00000|  0%| F|  |TAMS 0x0000000714800000, 0x0000000714800000| Untracked 
|  98|0x0000000714a00000, 0x0000000714a00000, 0x0000000714c00000|  0%| F|  |TAMS 0x0000000714a00000, 0x0000000714a00000| Untracked 
|  99|0x0000000714c00000, 0x0000000714c00000, 0x0000000714e00000|  0%| F|  |TAMS 0x0000000714c00000, 0x0000000714c00000| Untracked 
| 100|0x0000000714e00000, 0x0000000714e00000, 0x0000000715000000|  0%| F|  |TAMS 0x0000000714e00000, 0x0000000714e00000| Untracked 
| 101|0x0000000715000000, 0x0000000715200000, 0x0000000715200000|100%| S|CS|TAMS 0x0000000715000000, 0x0000000715000000| Complete 
| 102|0x0000000715200000, 0x0000000715400000, 0x0000000715400000|100%| S|CS|TAMS 0x0000000715200000, 0x0000000715200000| Complete 
| 103|0x0000000715400000, 0x0000000715400000, 0x0000000715600000|  0%| F|  |TAMS 0x0000000715400000, 0x0000000715400000| Untracked 
| 104|0x0000000715600000, 0x0000000715600000, 0x0000000715800000|  0%| F|  |TAMS 0x0000000715600000, 0x0000000715600000| Untracked 
| 105|0x0000000715800000, 0x0000000715800000, 0x0000000715a00000|  0%| F|  |TAMS 0x0000000715800000, 0x0000000715800000| Untracked 
| 106|0x0000000715a00000, 0x0000000715a00000, 0x0000000715c00000|  0%| F|  |TAMS 0x0000000715a00000, 0x0000000715a00000| Untracked 
| 107|0x0000000715c00000, 0x0000000715c00000, 0x0000000715e00000|  0%| F|  |TAMS 0x0000000715c00000, 0x0000000715c00000| Untracked 
| 108|0x0000000715e00000, 0x0000000715e00000, 0x0000000716000000|  0%| F|  |TAMS 0x0000000715e00000, 0x0000000715e00000| Untracked 
| 109|0x0000000716000000, 0x0000000716000000, 0x0000000716200000|  0%| F|  |TAMS 0x0000000716000000, 0x0000000716000000| Untracked 
| 110|0x0000000716200000, 0x0000000716200000, 0x0000000716400000|  0%| F|  |TAMS 0x0000000716200000, 0x0000000716200000| Untracked 
| 111|0x0000000716400000, 0x0000000716400000, 0x0000000716600000|  0%| F|  |TAMS 0x0000000716400000, 0x0000000716400000| Untracked 
| 112|0x0000000716600000, 0x0000000716600000, 0x0000000716800000|  0%| F|  |TAMS 0x0000000716600000, 0x0000000716600000| Untracked 
| 113|0x0000000716800000, 0x0000000716800000, 0x0000000716a00000|  0%| F|  |TAMS 0x0000000716800000, 0x0000000716800000| Untracked 
| 114|0x0000000716a00000, 0x0000000716a00000, 0x0000000716c00000|  0%| F|  |TAMS 0x0000000716a00000, 0x0000000716a00000| Untracked 
| 115|0x0000000716c00000, 0x0000000716c00000, 0x0000000716e00000|  0%| F|  |TAMS 0x0000000716c00000, 0x0000000716c00000| Untracked 
| 116|0x0000000716e00000, 0x0000000716e00000, 0x0000000717000000|  0%| F|  |TAMS 0x0000000716e00000, 0x0000000716e00000| Untracked 
| 117|0x0000000717000000, 0x0000000717000000, 0x0000000717200000|  0%| F|  |TAMS 0x0000000717000000, 0x0000000717000000| Untracked 
| 118|0x0000000717200000, 0x0000000717200000, 0x0000000717400000|  0%| F|  |TAMS 0x0000000717200000, 0x0000000717200000| Untracked 
| 119|0x0000000717400000, 0x0000000717400000, 0x0000000717600000|  0%| F|  |TAMS 0x0000000717400000, 0x0000000717400000| Untracked 
| 120|0x0000000717600000, 0x0000000717600000, 0x0000000717800000|  0%| F|  |TAMS 0x0000000717600000, 0x0000000717600000| Untracked 
| 121|0x0000000717800000, 0x0000000717800000, 0x0000000717a00000|  0%| F|  |TAMS 0x0000000717800000, 0x0000000717800000| Untracked 
| 122|0x0000000717a00000, 0x0000000717a00000, 0x0000000717c00000|  0%| F|  |TAMS 0x0000000717a00000, 0x0000000717a00000| Untracked 
| 123|0x0000000717c00000, 0x0000000717e00000, 0x0000000717e00000|100%| E|  |TAMS 0x0000000717c00000, 0x0000000717c00000| Complete 

Card table byte_map: [0x000001efc52d0000,0x000001efc5a90000] _byte_map_base: 0x000001efc1a8d000

Marking Bits (Prev, Next): (CMBitMap*) 0x000001efabe30110, (CMBitMap*) 0x000001efabe30150
 Prev Bits: [0x000001efc6250000, 0x000001efca038000)
 Next Bits: [0x000001efca040000, 0x000001efcde28000)

Polling page: 0x000001efb54c0000

Metaspace:

Usage:
  Non-class:     11.35 MB used.
      Class:      1.45 MB used.
       Both:     12.80 MB used.

Virtual space:
  Non-class space:       64.00 MB reserved,      11.50 MB ( 18%) committed,  1 nodes.
      Class space:        1.00 GB reserved,       1.56 MB ( <1%) committed,  1 nodes.
             Both:        1.06 GB reserved,      13.06 MB (  1%) committed. 

Chunk freelists:
   Non-Class:  80.00 KB
       Class:  2.41 MB
        Both:  2.48 MB

MaxMetaspaceSize: unlimited
CompressedClassSpaceSize: 1.00 GB
Initial GC threshold: 21.00 MB
Current GC threshold: 21.00 MB
CDS: on
MetaspaceReclaimPolicy: balanced
 - commit_granule_bytes: 65536.
 - commit_granule_words: 8192.
 - virtual_space_node_default_size: 8388608.
 - enlarge_chunks_in_place: 1.
 - new_chunks_are_fully_committed: 0.
 - uncommit_free_chunks: 1.
 - use_allocation_guard: 0.


Internal statistics:

num_allocs_failed_limit: 0.
num_arena_births: 234.
num_arena_deaths: 0.
num_vsnodes_births: 2.
num_vsnodes_deaths: 0.
num_space_committed: 209.
num_space_uncommitted: 0.
num_chunks_returned_to_freelist: 0.
num_chunks_taken_from_freelist: 648.
num_chunk_merges: 0.
num_chunk_splits: 453.
num_chunks_enlarged: 338.
num_inconsistent_stats: 0.

CodeHeap 'non-profiled nmethods': size=120000Kb used=930Kb max_used=930Kb free=119069Kb
 bounds [0x000001efbcfb0000, 0x000001efbd220000, 0x000001efc44e0000]
CodeHeap 'profiled nmethods': size=120000Kb used=4944Kb max_used=4944Kb free=115056Kb
 bounds [0x000001efb54e0000, 0x000001efb59c0000, 0x000001efbca10000]
CodeHeap 'non-nmethods': size=5760Kb used=1274Kb max_used=1300Kb free=4485Kb
 bounds [0x000001efbca10000, 0x000001efbcc80000, 0x000001efbcfb0000]
 total_blobs=3031 nmethods=2545 adapters=396
 compilation: enabled
              stopped_count=0, restarted_count=0
 full_count=0

Compilation events (20 events):
Event: 1.614 Thread 0x000001efd0480bd0 nmethod 2503 0x000001efb599cc90 code [0x000001efb599cf40, 0x000001efb599e138]
Event: 1.614 Thread 0x000001efd0480bd0 2504       3       java.util.ArrayList::addAll (76 bytes)
Event: 1.614 Thread 0x000001efd0477090 nmethod 2488 0x000001efbd094e10 code [0x000001efbd094fa0, 0x000001efbd095078]
Event: 1.614 Thread 0x000001efd0477090 2478       4       java.util.ArrayList::add (23 bytes)
Event: 1.614 Thread 0x000001efd0480bd0 nmethod 2504 0x000001efb599e490 code [0x000001efb599e660, 0x000001efb599eb08]
Event: 1.615 Thread 0x000001efd0480bd0 2505       3       org.apache.maven.model.merge.ModelMerger$DependencyKeyComputer::key (9 bytes)
Event: 1.615 Thread 0x000001efd0480bd0 nmethod 2505 0x000001efb599ec90 code [0x000001efb599ee40, 0x000001efb599f168]
Event: 1.615 Thread 0x000001efd0480bd0 2507       3       org.apache.maven.model.merge.MavenModelMerger::getDependencyKey (5 bytes)
Event: 1.615 Thread 0x000001efd0480bd0 nmethod 2507 0x000001efb599f290 code [0x000001efb599f440, 0x000001efb599f588]
Event: 1.615 Thread 0x000001efd0480bd0 2506       3       org.apache.maven.model.merge.ModelMerger$DependencyKeyComputer::key (9 bytes)
Event: 1.615 Thread 0x000001efd0480bd0 nmethod 2506 0x000001efb599f690 code [0x000001efb599f840, 0x000001efb599fa28]
Event: 1.615 Thread 0x000001efd0480bd0 2508       1       org.apache.maven.model.Plugin::getVersion (5 bytes)
Event: 1.615 Thread 0x000001efd0480bd0 nmethod 2508 0x000001efbd095190 code [0x000001efbd095320, 0x000001efbd0953f8]
Event: 1.616 Thread 0x000001efd0480bd0 2509       1       org.apache.maven.model.Plugin::setGroupId (6 bytes)
Event: 1.616 Thread 0x000001efd0480bd0 nmethod 2509 0x000001efbd095490 code [0x000001efbd095620, 0x000001efbd095738]
Event: 1.616 Thread 0x000001efd0477090 nmethod 2478 0x000001efbd095790 code [0x000001efbd095920, 0x000001efbd095c08]
Event: 1.616 Thread 0x000001efd0480bd0 2510       3       org.apache.maven.model.ConfigurationContainer::getLocation (147 bytes)
Event: 1.616 Thread 0x000001efd0480bd0 nmethod 2510 0x000001efb599fb10 code [0x000001efb599fd80, 0x000001efb59a09d8]
Event: 1.616 Thread 0x000001efd0480bd0 2511       3       java.lang.String::replace (42 bytes)
Event: 1.616 Thread 0x000001efd0480bd0 nmethod 2511 0x000001efb59a0c10 code [0x000001efb59a0de0, 0x000001efb59a1118]

GC Heap History (6 events):
Event: 0.559 GC heap before
{Heap before GC invocations=0 (full 0):
 garbage-first heap   total 253952K, used 12288K [0x0000000708600000, 0x0000000800000000)
  region size 2048K, 6 young (12288K), 0 survivors (0K)
 Metaspace       used 3992K, committed 4224K, reserved 1114112K
  class space    used 382K, committed 512K, reserved 1048576K
}
Event: 0.562 GC heap after
{Heap after GC invocations=1 (full 0):
 garbage-first heap   total 253952K, used 3345K [0x0000000708600000, 0x0000000800000000)
  region size 2048K, 1 young (2048K), 1 survivors (2048K)
 Metaspace       used 3992K, committed 4224K, reserved 1114112K
  class space    used 382K, committed 512K, reserved 1048576K
}
Event: 0.745 GC heap before
{Heap before GC invocations=1 (full 0):
 garbage-first heap   total 253952K, used 13585K [0x0000000708600000, 0x0000000800000000)
  region size 2048K, 6 young (12288K), 1 survivors (2048K)
 Metaspace       used 5955K, committed 6080K, reserved 1114112K
  class space    used 651K, committed 704K, reserved 1048576K
}
Event: 0.749 GC heap after
{Heap after GC invocations=2 (full 0):
 garbage-first heap   total 253952K, used 4007K [0x0000000708600000, 0x0000000800000000)
  region size 2048K, 1 young (2048K), 1 survivors (2048K)
 Metaspace       used 5955K, committed 6080K, reserved 1114112K
  class space    used 651K, committed 704K, reserved 1048576K
}
Event: 1.605 GC heap before
{Heap before GC invocations=2 (full 0):
 garbage-first heap   total 253952K, used 44967K [0x0000000708600000, 0x0000000800000000)
  region size 2048K, 21 young (43008K), 1 survivors (2048K)
 Metaspace       used 12838K, committed 13120K, reserved 1114112K
  class space    used 1461K, committed 1600K, reserved 1048576K
}
Event: 1.610 GC heap after
{Heap after GC invocations=3 (full 0):
 garbage-first heap   total 253952K, used 7430K [0x0000000708600000, 0x0000000800000000)
  region size 2048K, 2 young (4096K), 2 survivors (4096K)
 Metaspace       used 12838K, committed 13120K, reserved 1114112K
  class space    used 1461K, committed 1600K, reserved 1048576K
}

Dll operation events (12 events):
Event: 0.013 Loaded shared library E:\MyProjact\.jdks\openjdk-19.0.2\bin\java.dll
Event: 0.020 Loaded shared library E:\MyProjact\.jdks\openjdk-19.0.2\bin\jsvml.dll
Event: 0.090 Loaded shared library E:\MyProjact\.jdks\openjdk-19.0.2\bin\zip.dll
Event: 0.093 Loaded shared library E:\MyProjact\.jdks\openjdk-19.0.2\bin\instrument.dll
Event: 0.101 Loaded shared library E:\MyProjact\.jdks\openjdk-19.0.2\bin\net.dll
Event: 0.104 Loaded shared library E:\MyProjact\.jdks\openjdk-19.0.2\bin\nio.dll
Event: 0.107 Loaded shared library E:\MyProjact\.jdks\openjdk-19.0.2\bin\zip.dll
Event: 0.122 Loaded shared library C:\Program Files\JetBrains\ideaIU-2022.3.3.win\bin\breakgen64.dll
Event: 0.130 Loaded shared library E:\MyProjact\.jdks\openjdk-19.0.2\bin\extnet.dll
Event: 0.197 Loaded shared library E:\MyProjact\.jdks\openjdk-19.0.2\bin\verify.dll
Event: 0.205 Loaded shared library E:\MyProjact\.jdks\openjdk-19.0.2\bin\jimage.dll
Event: 0.369 Loaded shared library C:\Users\PAWEL\AppData\Local\Temp\jansi-1.17.1-17685039083334968779.dll

Deoptimization events (20 events):
Event: 1.533 Thread 0x000001efabdbfe70 Uncommon trap: trap_request=0xffffffde fr.pc=0x000001efbd0489a4 relative=0x00000000000008e4
Event: 1.533 Thread 0x000001efabdbfe70 Uncommon trap: reason=class_check action=maybe_recompile pc=0x000001efbd0489a4 method=java.util.regex.Pattern$Start.match(Ljava/util/regex/Matcher;ILjava/lang/CharSequence;)Z @ 44 c2
Event: 1.533 Thread 0x000001efabdbfe70 DEOPT PACKING pc=0x000001efbd0489a4 sp=0x000000065b7fee20
Event: 1.533 Thread 0x000001efabdbfe70 DEOPT UNPACKING pc=0x000001efbca76da3 sp=0x000000065b7fed80 mode 2
Event: 1.576 Thread 0x000001efabdbfe70 Uncommon trap: trap_request=0xffffff45 fr.pc=0x000001efbcfded58 relative=0x0000000000000518
Event: 1.576 Thread 0x000001efabdbfe70 Uncommon trap: reason=unstable_if action=reinterpret pc=0x000001efbcfded58 method=java.lang.AbstractStringBuilder.append(Ljava/lang/String;)Ljava/lang/AbstractStringBuilder; @ 1 c2
Event: 1.576 Thread 0x000001efabdbfe70 DEOPT PACKING pc=0x000001efbcfded58 sp=0x000000065b7fe790
Event: 1.576 Thread 0x000001efabdbfe70 DEOPT UNPACKING pc=0x000001efbca76da3 sp=0x000000065b7fe710 mode 2
Event: 1.576 Thread 0x000001efabdbfe70 Uncommon trap: trap_request=0xffffff45 fr.pc=0x000001efbcfe01d4 relative=0x0000000000000514
Event: 1.576 Thread 0x000001efabdbfe70 Uncommon trap: reason=unstable_if action=reinterpret pc=0x000001efbcfe01d4 method=java.lang.AbstractStringBuilder.append(Ljava/lang/String;)Ljava/lang/AbstractStringBuilder; @ 1 c2
Event: 1.576 Thread 0x000001efabdbfe70 DEOPT PACKING pc=0x000001efbcfe01d4 sp=0x000000065b7fe730
Event: 1.576 Thread 0x000001efabdbfe70 DEOPT UNPACKING pc=0x000001efbca76da3 sp=0x000000065b7fe718 mode 2
Event: 1.590 Thread 0x000001efabdbfe70 Uncommon trap: trap_request=0xfffffff4 fr.pc=0x000001efbd04a1e8 relative=0x0000000000000248
Event: 1.590 Thread 0x000001efabdbfe70 Uncommon trap: reason=null_check action=make_not_entrant pc=0x000001efbd04a1e8 method=java.util.ArrayList.add(Ljava/lang/Object;[Ljava/lang/Object;I)V @ 14 c2
Event: 1.590 Thread 0x000001efabdbfe70 DEOPT PACKING pc=0x000001efbd04a1e8 sp=0x000000065b7fe0c0
Event: 1.590 Thread 0x000001efabdbfe70 DEOPT UNPACKING pc=0x000001efbca76da3 sp=0x000000065b7fe008 mode 2
Event: 1.590 Thread 0x000001efabdbfe70 Uncommon trap: trap_request=0xffffff45 fr.pc=0x000001efbd02e354 relative=0x0000000000000614
Event: 1.590 Thread 0x000001efabdbfe70 Uncommon trap: reason=unstable_if action=reinterpret pc=0x000001efbd02e354 method=java.lang.String.replace(CC)Ljava/lang/String; @ 2 c2
Event: 1.590 Thread 0x000001efabdbfe70 DEOPT PACKING pc=0x000001efbd02e354 sp=0x000000065b7fe770
Event: 1.590 Thread 0x000001efabdbfe70 DEOPT UNPACKING pc=0x000001efbca76da3 sp=0x000000065b7fe720 mode 2

Classes loaded (20 events):
Event: 1.557 Loading class java/net/URL$ThreadTrackHolder
Event: 1.557 Loading class java/net/URL$ThreadTrackHolder done
Event: 1.557 Loading class jdk/internal/misc/ThreadTracker
Event: 1.557 Loading class jdk/internal/misc/ThreadTracker done
Event: 1.557 Loading class jdk/internal/misc/ThreadTracker$ThreadRef
Event: 1.557 Loading class jdk/internal/misc/ThreadTracker$ThreadRef done
Event: 1.557 Loading class java/net/URL$2
Event: 1.557 Loading class java/net/URL$2 done
Event: 1.557 Loading class java/net/URL$1
Event: 1.557 Loading class java/net/URL$1 done
Event: 1.557 Loading class java/net/spi/URLStreamHandlerProvider
Event: 1.557 Loading class java/net/spi/URLStreamHandlerProvider done
Event: 1.557 Loading class sun/net/www/protocol/https/Handler
Event: 1.557 Loading class sun/net/www/protocol/http/Handler
Event: 1.557 Loading class sun/net/www/protocol/http/Handler done
Event: 1.557 Loading class sun/net/www/protocol/https/Handler done
Event: 1.558 Loading class java/util/regex/Pattern$Pos
Event: 1.558 Loading class java/util/regex/Pattern$Pos done
Event: 1.580 Loading class java/util/Formatter$FixedString
Event: 1.580 Loading class java/util/Formatter$FixedString done

Classes unloaded (0 events):
No events

Classes redefined (0 events):
No events

Internal exceptions (20 events):
Event: 0.226 Thread 0x000001efabdbfe70 Exception <a 'java/lang/NoSuchMethodError'{0x000000071798d108}: 'java.lang.Object java.lang.invoke.DirectMethodHandle$Holder.invokeStaticInit(java.lang.Object, int, int, int, int)'> (0x000000071798d108) 
thrown [s\open\src\hotspot\share\interpreter\linkResolver.cpp, line 774]
Event: 0.358 Thread 0x000001efabdbfe70 Exception <a 'java/lang/NoSuchMethodError'{0x0000000717619228}: 'java.lang.Object java.lang.invoke.DirectMethodHandle$Holder.invokeStaticInit(java.lang.Object, java.lang.Object, int, int, int, int)'> (0x0000000717619228) 
thrown [s\open\src\hotspot\share\interpreter\linkResolver.cpp, line 774]
Event: 0.644 Thread 0x000001efabdbfe70 Exception <a 'java/lang/NoSuchMethodError'{0x0000000717be6578}: 'java.lang.Object java.lang.invoke.DirectMethodHandle$Holder.newInvokeSpecial(java.lang.Object, java.lang.Object, java.lang.Object, java.lang.Object, java.lang.Object)'> (0x0000000717be6578) 
thrown [s\open\src\hotspot\share\interpreter\linkResolver.cpp, line 774]
Event: 1.055 Thread 0x000001efd046da20 Exception <a 'java/lang/NoSuchMethodError'{0x0000000716ade710}: 'java.lang.Object java.lang.invoke.Invokers$Holder.invokeExact_MT(java.lang.Object, java.lang.Object, java.lang.Object, java.lang.Object, java.lang.Object, java.lang.Object)'> (0x0000000716ade710) 
thrown [s\open\src\hotspot\share\interpreter\linkResolver.cpp, line 774]
Event: 1.338 Thread 0x000001efabdbfe70 Exception <a 'java/lang/NoSuchMethodError'{0x0000000715f86ad8}: 'void java.lang.invoke.DirectMethodHandle$Holder.invokeSpecial(java.lang.Object, java.lang.Object, java.lang.Object)'> (0x0000000715f86ad8) 
thrown [s\open\src\hotspot\share\interpreter\linkResolver.cpp, line 774]
Event: 1.343 Thread 0x000001efabdbfe70 Exception <a 'java/lang/NoSuchMethodError'{0x0000000715fb40c0}: 'void java.lang.invoke.Invokers$Holder.invokeExact_MT(java.lang.Object, java.lang.Object, java.lang.Object, java.lang.Object)'> (0x0000000715fb40c0) 
thrown [s\open\src\hotspot\share\interpreter\linkResolver.cpp, line 774]
Event: 1.360 Thread 0x000001efabdbfe70 Exception <a 'java/lang/NoClassDefFoundError'{0x0000000715c35478}: com/google/inject/servlet/ServletModuleTargetVisitor> (0x0000000715c35478) 
thrown [s\open\src\hotspot\share\classfile\systemDictionary.cpp, line 244]
Event: 1.360 Thread 0x000001efabdbfe70 Exception <a 'java/lang/NoClassDefFoundError'{0x0000000715c36bc0}: javax/annotation/Priority> (0x0000000715c36bc0) 
thrown [s\open\src\hotspot\share\classfile\systemDictionary.cpp, line 244]
Event: 1.387 Thread 0x000001efabdbfe70 Exception <a 'java/lang/NoSuchMethodError'{0x0000000715d11d30}: 'java.lang.Object java.lang.invoke.DirectMethodHandle$Holder.invokeStatic(java.lang.Object, java.lang.Object, int)'> (0x0000000715d11d30) 
thrown [s\open\src\hotspot\share\interpreter\linkResolver.cpp, line 774]
Event: 1.388 Thread 0x000001efabdbfe70 Exception <a 'java/lang/NoSuchMethodError'{0x0000000715d1e0e8}: 'void java.lang.invoke.DelegatingMethodHandle$Holder.delegate(java.lang.Object, java.lang.Object, int, java.lang.Object)'> (0x0000000715d1e0e8) 
thrown [s\open\src\hotspot\share\interpreter\linkResolver.cpp, line 774]
Event: 1.389 Thread 0x000001efabdbfe70 Exception <a 'java/lang/NoSuchMethodError'{0x0000000715d229c8}: 'int java.lang.invoke.DirectMethodHandle$Holder.invokeSpecial(java.lang.Object, java.lang.Object, java.lang.Object)'> (0x0000000715d229c8) 
thrown [s\open\src\hotspot\share\interpreter\linkResolver.cpp, line 774]
Event: 1.420 Thread 0x000001efabdbfe70 Exception <a 'java/lang/NoSuchMethodError'{0x0000000715a6faa8}: 'java.lang.Object java.lang.invoke.DirectMethodHandle$Holder.newInvokeSpecial(java.lang.Object, java.lang.Object, java.lang.Object, java.lang.Object, java.lang.Object, java.lang.Object, java.lang.Object)'> (0x0000000715a6faa8) 
thrown [s\open\src\hotspot\share\interpreter\linkResolver.cpp, line 774]
Event: 1.431 Thread 0x000001efabdbfe70 Exception <a 'java/lang/NoSuchMethodError'{0x0000000715aad2b0}: 'java.lang.Object java.lang.invoke.DirectMethodHandle$Holder.newInvokeSpecial(java.lang.Object, java.lang.Object, java.lang.Object, java.lang.Object, java.lang.Object, java.lang.Object, java.lang.Object, java.lang.Object, java.lang.Object)'> (0x0000000715aad2b0) 
thrown [s\open\src\hotspot\share\interpreter\linkResolver.cpp, line 774]
Event: 1.448 Thread 0x000001efabdbfe70 Exception <a 'java/lang/NoSuchMethodError'{0x0000000715b5cc18}: 'java.lang.Object java.lang.invoke.DirectMethodHandle$Holder.newInvokeSpecial(java.lang.Object, java.lang.Object, java.lang.Object, java.lang.Object, java.lang.Object, java.lang.Object, java.lang.Object, java.lang.Object, java.lang.Object, java.lang.Object, java.lang.Object, java.lang.Object)'> (0x0000000715b5cc18) 
thrown [s\open\src\hotspot\share\interpreter\linkResolver.cpp, line 774]
Event: 1.453 Thread 0x000001efabdbfe70 Exception <a 'java/lang/NoSuchMethodError'{0x0000000715ba4b20}: 'java.lang.Object java.lang.invoke.DirectMethodHandle$Holder.invokeStatic(java.lang.Object, java.lang.Object, java.lang.Object, java.lang.Object, java.lang.Object, java.lang.Object, java.lang.Object, java.lang.Object, java.lang.Object, java.lang.Object, java.lang.Object, java.lang.Object, java.lang.Object)'> (0x0000000715ba4b20) 
thrown [s\open\src\hotspot\share\interpreter\linkResolver.cpp, line 774]
Event: 1.455 Thread 0x000001efabdbfe70 Exception <a 'java/lang/NoSuchMethodError'{0x0000000715bc4800}: 'java.lang.Object java.lang.invoke.DirectMethodHandle$Holder.invokeStatic(java.lang.Object, java.lang.Object, java.lang.Object, java.lang.Object, java.lang.Object, java.lang.Object, java.lang.Object, java.lang.Object, java.lang.Object, java.lang.Object, java.lang.Object, java.lang.Object, java.lang.Object, java.lang.Object)'> (0x0000000715bc4800) 
thrown [s\open\src\hotspot\share\interpreter\linkResolver.cpp, line 774]
Event: 1.457 Thread 0x000001efabdbfe70 Exception <a 'java/lang/NoSuchMethodError'{0x0000000715be5c88}: 'java.lang.Object java.lang.invoke.DirectMethodHandle$Holder.invokeStatic(java.lang.Object, java.lang.Object, java.lang.Object, java.lang.Object, java.lang.Object, java.lang.Object, java.lang.Object, java.lang.Object, java.lang.Object, java.lang.Object, java.lang.Object, java.lang.Object, java.lang.Object, java.lang.Object, java.lang.Object)'> (0x0000000715be5c88) 
thrown [s\open\src\hotspot\share\interpreter\linkResolver.cpp, line 774]
Event: 1.576 Thread 0x000001efabdbfe70 Implicit null exception at 0x000001efbcfde872 to 0x000001efbcfded44
Event: 1.576 Thread 0x000001efabdbfe70 Implicit null exception at 0x000001efbcfdfcf2 to 0x000001efbcfe01c0
Event: 1.590 Thread 0x000001efabdbfe70 Implicit null exception at 0x000001efbd04a020 to 0x000001efbd04a1d8

VM Operations (20 events):
Event: 1.195 Executing VM operation: ICBufferFull
Event: 1.195 Executing VM operation: ICBufferFull done
Event: 1.251 Executing VM operation: HandshakeAllThreads
Event: 1.251 Executing VM operation: HandshakeAllThreads done
Event: 1.254 Executing VM operation: HandshakeAllThreads
Event: 1.254 Executing VM operation: HandshakeAllThreads done
Event: 1.337 Executing VM operation: HandshakeAllThreads
Event: 1.337 Executing VM operation: HandshakeAllThreads done
Event: 1.387 Executing VM operation: HandshakeAllThreads
Event: 1.387 Executing VM operation: HandshakeAllThreads done
Event: 1.481 Executing VM operation: HandshakeAllThreads
Event: 1.481 Executing VM operation: HandshakeAllThreads done
Event: 1.487 Executing VM operation: ICBufferFull
Event: 1.487 Executing VM operation: ICBufferFull done
Event: 1.517 Executing VM operation: HandshakeAllThreads
Event: 1.517 Executing VM operation: HandshakeAllThreads done
Event: 1.557 Executing VM operation: HandshakeAllThreads
Event: 1.557 Executing VM operation: HandshakeAllThreads done
Event: 1.605 Executing VM operation: G1CollectForAllocation
Event: 1.610 Executing VM operation: G1CollectForAllocation done

Events (14 events):
Event: 0.020 Thread 0x000001efabdbfe70 Thread added: 0x000001efabdbfe70
Event: 0.035 Thread 0x000001efd04687d0 Thread added: 0x000001efd04687d0
Event: 0.035 Thread 0x000001efd04692a0 Thread added: 0x000001efd04692a0
Event: 0.036 Thread 0x000001efd046d0f0 Thread added: 0x000001efd046d0f0
Event: 0.036 Thread 0x000001efd046da20 Thread added: 0x000001efd046da20
Event: 0.036 Thread 0x000001efd046e4f0 Thread added: 0x000001efd046e4f0
Event: 0.036 Thread 0x000001efd046efc0 Thread added: 0x000001efd046efc0
Event: 0.036 Thread 0x000001efd0477090 Thread added: 0x000001efd0477090
Event: 0.036 Thread 0x000001efd0480bd0 Thread added: 0x000001efd0480bd0
Event: 0.036 Thread 0x000001efd0492140 Thread added: 0x000001efd0492140
Event: 0.060 Thread 0x000001efd48b9d20 Thread added: 0x000001efd48b9d20
Event: 0.122 Thread 0x000001efd48ba270 Thread added: 0x000001efd48ba270
Event: 0.122 Thread 0x000001efd48ba7c0 Thread added: 0x000001efd48ba7c0
Event: 0.703 Thread 0x000001efd5041dd0 Thread added: 0x000001efd5041dd0


Dynamic libraries:
0x00007ff607f80000 - 0x00007ff607f8e000 	E:\MyProjact\.jdks\openjdk-19.0.2\bin\java.exe
0x00007ffa7afb0000 - 0x00007ffa7b1c4000 	C:\WINDOWS\SYSTEM32\ntdll.dll
0x00007ffa79910000 - 0x00007ffa799d2000 	C:\WINDOWS\System32\KERNEL32.DLL
0x00007ffa789b0000 - 0x00007ffa78d53000 	C:\WINDOWS\System32\KERNELBASE.dll
0x00007ffa78890000 - 0x00007ffa789a1000 	C:\WINDOWS\System32\ucrtbase.dll
0x00007ffa53b90000 - 0x00007ffa53ba7000 	E:\MyProjact\.jdks\openjdk-19.0.2\bin\jli.dll
0x00007ffa7ac20000 - 0x00007ffa7adca000 	C:\WINDOWS\System32\USER32.dll
0x00007ffa78d60000 - 0x00007ffa78d86000 	C:\WINDOWS\System32\win32u.dll
0x00007ffa78d90000 - 0x00007ffa78db9000 	C:\WINDOWS\System32\GDI32.dll
0x00007ffa786b0000 - 0x00007ffa787c9000 	C:\WINDOWS\System32\gdi32full.dll
0x00007ffa783b0000 - 0x00007ffa7844a000 	C:\WINDOWS\System32\msvcp_win.dll
0x00007ffa52480000 - 0x00007ffa5249b000 	E:\MyProjact\.jdks\openjdk-19.0.2\bin\VCRUNTIME140.dll
0x00007ffa5dac0000 - 0x00007ffa5dd4e000 	C:\WINDOWS\WinSxS\amd64_microsoft.windows.common-controls_6595b64144ccf1df_6.0.22621.1635_none_270f70857386168e\COMCTL32.dll
0x00007ffa79b60000 - 0x00007ffa79c07000 	C:\WINDOWS\System32\msvcrt.dll
0x00007ffa79560000 - 0x00007ffa79591000 	C:\WINDOWS\System32\IMM32.DLL
0x00007ffa70300000 - 0x00007ffa7030c000 	E:\MyProjact\.jdks\openjdk-19.0.2\bin\vcruntime140_1.dll
0x00007ffa4d010000 - 0x00007ffa4d09e000 	E:\MyProjact\.jdks\openjdk-19.0.2\bin\msvcp140.dll
0x00007ff9dd060000 - 0x00007ff9ddd20000 	E:\MyProjact\.jdks\openjdk-19.0.2\bin\server\jvm.dll
0x00007ffa78dc0000 - 0x00007ffa78e6e000 	C:\WINDOWS\System32\ADVAPI32.dll
0x00007ffa7a630000 - 0x00007ffa7a6d4000 	C:\WINDOWS\System32\sechost.dll
0x00007ffa799e0000 - 0x00007ffa79af7000 	C:\WINDOWS\System32\RPCRT4.dll
0x00007ffa69e70000 - 0x00007ffa69e79000 	C:\WINDOWS\SYSTEM32\WSOCK32.dll
0x00007ffa7a6e0000 - 0x00007ffa7a751000 	C:\WINDOWS\System32\WS2_32.dll
0x00007ffa76df0000 - 0x00007ffa76e24000 	C:\WINDOWS\SYSTEM32\WINMM.dll
0x00007ffa725b0000 - 0x00007ffa725ba000 	C:\WINDOWS\SYSTEM32\VERSION.dll
0x00007ffa77390000 - 0x00007ffa773a8000 	C:\WINDOWS\SYSTEM32\kernel.appcore.dll
0x00007ffa696e0000 - 0x00007ffa696ea000 	E:\MyProjact\.jdks\openjdk-19.0.2\bin\jimage.dll
0x00007ffa6fc80000 - 0x00007ffa6feae000 	C:\WINDOWS\SYSTEM32\DBGHELP.DLL
0x00007ffa7a760000 - 0x00007ffa7aae9000 	C:\WINDOWS\System32\combase.dll
0x00007ffa79610000 - 0x00007ffa796e7000 	C:\WINDOWS\System32\OLEAUT32.dll
0x00007ffa6fc40000 - 0x00007ffa6fc72000 	C:\WINDOWS\SYSTEM32\dbgcore.DLL
0x00007ffa78630000 - 0x00007ffa786aa000 	C:\WINDOWS\System32\bcryptPrimitives.dll
0x00007ffa69fa0000 - 0x00007ffa69fae000 	E:\MyProjact\.jdks\openjdk-19.0.2\bin\instrument.dll
0x00007ffa52150000 - 0x00007ffa52176000 	E:\MyProjact\.jdks\openjdk-19.0.2\bin\java.dll
0x00007ffa4b9a0000 - 0x00007ffa4ba77000 	E:\MyProjact\.jdks\openjdk-19.0.2\bin\jsvml.dll
0x00007ffa79d20000 - 0x00007ffa7a519000 	C:\WINDOWS\System32\SHELL32.dll
0x00007ffa75e90000 - 0x00007ffa7675e000 	C:\WINDOWS\SYSTEM32\windows.storage.dll
0x00007ffa75d50000 - 0x00007ffa75e8e000 	C:\WINDOWS\SYSTEM32\wintypes.dll
0x00007ffa79c10000 - 0x00007ffa79d01000 	C:\WINDOWS\System32\SHCORE.dll
0x00007ffa7ab10000 - 0x00007ffa7ab6e000 	C:\WINDOWS\System32\shlwapi.dll
0x00007ffa782e0000 - 0x00007ffa78306000 	C:\WINDOWS\SYSTEM32\profapi.dll
0x00007ffa50870000 - 0x00007ffa50888000 	E:\MyProjact\.jdks\openjdk-19.0.2\bin\zip.dll
0x00007ffa506d0000 - 0x00007ffa506e3000 	E:\MyProjact\.jdks\openjdk-19.0.2\bin\net.dll
0x00007ffa70c70000 - 0x00007ffa70da7000 	C:\WINDOWS\SYSTEM32\WINHTTP.dll
0x00007ffa77810000 - 0x00007ffa77879000 	C:\WINDOWS\system32\mswsock.dll
0x00007ffa50890000 - 0x00007ffa508a6000 	E:\MyProjact\.jdks\openjdk-19.0.2\bin\nio.dll
0x00007ffa5cec0000 - 0x00007ffa5ceda000 	C:\Program Files\JetBrains\ideaIU-2022.3.3.win\bin\breakgen64.dll
0x00007ffa56f90000 - 0x00007ffa56f98000 	E:\MyProjact\.jdks\openjdk-19.0.2\bin\extnet.dll
0x00007ffa53b80000 - 0x00007ffa53b90000 	E:\MyProjact\.jdks\openjdk-19.0.2\bin\verify.dll
0x00007ffa77aa0000 - 0x00007ffa77abb000 	C:\WINDOWS\SYSTEM32\CRYPTSP.dll
0x00007ffa77a80000 - 0x00007ffa77a97000 	C:\Program Files\Common Files\Crypto Pro\AppCompat\cpadvai.dll
0x00007ffa77300000 - 0x00007ffa77335000 	C:\WINDOWS\system32\rsaenh.dll
0x00007ffa77920000 - 0x00007ffa7794c000 	C:\WINDOWS\SYSTEM32\USERENV.dll
0x00007ffa77d60000 - 0x00007ffa77d88000 	C:\WINDOWS\SYSTEM32\bcrypt.dll
0x00007ffa77ac0000 - 0x00007ffa77acc000 	C:\WINDOWS\SYSTEM32\CRYPTBASE.dll
0x00007ffa769c0000 - 0x00007ffa769ed000 	C:\WINDOWS\SYSTEM32\IPHLPAPI.DLL
0x00007ffa7a520000 - 0x00007ffa7a529000 	C:\WINDOWS\System32\NSI.dll
0x00007ffa70a70000 - 0x00007ffa70a89000 	C:\WINDOWS\SYSTEM32\dhcpcsvc6.DLL
0x00007ffa70910000 - 0x00007ffa7092f000 	C:\WINDOWS\SYSTEM32\dhcpcsvc.DLL
0x00007ffa76a30000 - 0x00007ffa76b23000 	C:\WINDOWS\SYSTEM32\DNSAPI.dll
0x00007ffa106f0000 - 0x00007ffa106fa000 	C:\Users\PAWEL\AppData\Local\Temp\jansi-1.17.1-17685039083334968779.dll

dbghelp: loaded successfully - version: 4.0.5 - missing functions: none
symbol engine: initialized successfully - sym options: 0x614 - pdb path: .;E:\MyProjact\.jdks\openjdk-19.0.2\bin;C:\WINDOWS\SYSTEM32;C:\WINDOWS\WinSxS\amd64_microsoft.windows.common-controls_6595b64144ccf1df_6.0.22621.1635_none_270f70857386168e;E:\MyProjact\.jdks\openjdk-19.0.2\bin\server;C:\Program Files\JetBrains\ideaIU-2022.3.3.win\bin;C:\Program Files\Common Files\Crypto Pro\AppCompat;C:\Users\PAWEL\AppData\Local\Temp

VM Arguments:
jvm_args: -Dmaven.multiModuleProjectDirectory=E:\MyProjact\shareIt#13work -Djansi.passthrough=true -Dmaven.home=C:\Program Files\JetBrains\ideaIU-2022.3.3.win\plugins\maven\lib\maven3 -Dclassworlds.conf=C:\Program Files\JetBrains\ideaIU-2022.3.3.win\plugins\maven\lib\maven3\bin\m2.conf -Dmaven.ext.class.path=C:\Program Files\JetBrains\ideaIU-2022.3.3.win\plugins\maven\lib\maven-event-listener.jar -javaagent:C:\Program Files\JetBrains\ideaIU-2022.3.3.win\lib\idea_rt.jar=53239:C:\Program Files\JetBrains\ideaIU-2022.3.3.win\bin -Dfile.encoding=UTF-8 -Dsun.stdout.encoding=UTF-8 -Dsun.stderr.encoding=UTF-8 
java_command: org.codehaus.classworlds.Launcher -Didea.version=2023.1.3 clean
java_class_path (initial): C:\Program Files\JetBrains\ideaIU-2022.3.3.win\plugins\maven\lib\maven3\boot\plexus-classworlds-2.6.0.jar;C:\Program Files\JetBrains\ideaIU-2022.3.3.win\plugins\maven\lib\maven3\boot\plexus-classworlds.license
Launcher Type: SUN_STANDARD

[Global flags]
     intx CICompilerCount                          = 3                                         {product} {ergonomic}
     uint ConcGCThreads                            = 1                                         {product} {ergonomic}
     uint G1ConcRefinementThreads                  = 4                                         {product} {ergonomic}
   size_t G1HeapRegionSize                         = 2097152                                   {product} {ergonomic}
    uintx GCDrainStackTargetSize                   = 64                                        {product} {ergonomic}
   size_t InitialHeapSize                          = 260046848                                 {product} {ergonomic}
   size_t MarkStackSize                            = 4194304                                   {product} {ergonomic}
   size_t MaxHeapSize                              = 4154458112                                {product} {ergonomic}
   size_t MaxNewSize                               = 2491416576                                {product} {ergonomic}
   size_t MinHeapDeltaBytes                        = 2097152                                   {product} {ergonomic}
   size_t MinHeapSize                              = 8388608                                   {product} {ergonomic}
    uintx NonNMethodCodeHeapSize                   = 5832780                                {pd product} {ergonomic}
    uintx NonProfiledCodeHeapSize                  = 122912730                              {pd product} {ergonomic}
    uintx ProfiledCodeHeapSize                     = 122912730                              {pd product} {ergonomic}
    uintx ReservedCodeCacheSize                    = 251658240                              {pd product} {ergonomic}
     bool SegmentedCodeCache                       = true                                      {product} {ergonomic}
   size_t SoftMaxHeapSize                          = 4154458112                             {manageable} {ergonomic}
     bool UseCompressedClassPointers               = true                           {product lp64_product} {ergonomic}
     bool UseCompressedOops                        = true                           {product lp64_product} {ergonomic}
     bool UseG1GC                                  = true                                      {product} {ergonomic}
     bool UseLargePagesIndividualAllocation        = false                                  {pd product} {ergonomic}

Logging:
Log output configuration:
 #0: stdout all=warning uptime,level,tags foldmultilines=false
 #1: stderr all=off uptime,level,tags foldmultilines=false

Environment Variables:
JAVA_HOME=C:\Program Files\Amazon Corretto\jdk11.0.17_8
PATH=C:\Python311\Scripts\;C:\Python311\;C:\WINDOWS\system32\WBEM;C:\Program Files\Amazon Corretto\jdk11.0.17_8\bin;C:\Program Files (x86)\Common Files\Oracle\Java\javapath;C:\Windows\system32;C:\Windows;C:\Windows\System32\Wbem;C:\Windows\System32\WindowsPowerShell\v1.0\;C:\Windows\System32\OpenSSH\;C:\Program Files\NVIDIA Corporation\NVIDIA NvDLISR;C:\Program Files (x86)\NVIDIA Corporation\PhysX\Common;C:\WINDOWS\system32;C:\WINDOWS;C:\WINDOWS\System32\Wbem;C:\WINDOWS\System32\WindowsPowerShell\v1.0\;C:\WINDOWS\System32\OpenSSH\;C:\Users\PAWEL\AppData\Local\Microsoft\WindowsApps;C:\Users\PAWEL\AppData\Local\Programs\Microsoft VS Code\bin;# C:\Program Files\JetBrains\IntelliJ IDEA Community Edition 2022.2.3\bin;C:\Program Files\dotnet\;"c:\program files\apache-maven-3.8.7\bin;%PATH%";C:\Program Files\nodejs\;C:\ProgramData\chocolatey\bin;c:\Program Files\JetBrains\ideaIU-2022.3.3.win\bin\;C:\Program Files\Graphviz\bin;C:\Program Files\Git\cmd;C:\Users\PAWEL\AppData\Local\Microsoft\WindowsApps;C:\Users\PAWEL\AppData\Local\Programs\Microsoft VS Code\bin;c:\Program Files\JetBrains\ideaIU-2022.3.3.win\bin\;e:\MyProjact\.m2\wrapper\dists\apache-maven-3.8.7-bin\;C:\Users\PAWEL\AppData\Roaming\npm;c:\Program Files\JetBrains\ideaIU-2022.3.3.win\bin\;C:\Users\PAWEL\AppData\Local\GitHubDesktop\bin
USERNAME=PAWEL
OS=Windows_NT
PROCESSOR_IDENTIFIER=Intel64 Family 6 Model 58 Stepping 9, GenuineIntel
TMP=C:\Users\PAWEL\AppData\Local\Temp
TEMP=C:\Users\PAWEL\AppData\Local\Temp



---------------  S Y S T E M  ---------------

OS:
 Windows 11 , 64 bit Build 22621 (10.0.22621.1928)
OS uptime: 2 days 10:46 hours

CPU: total 4 (initial active 4) (4 cores per cpu, 1 threads per core) family 6 model 58 stepping 9 microcode 0x21, cx8, cmov, fxsr, mmx, sse, sse2, sse3, ssse3, sse4.1, sse4.2, popcnt, tsc, tscinvbit, avx, aes, erms, clmul, vzeroupper, clflush, rdtscp

Memory: 4k page, system-wide physical 15843M (594M free)
TotalPageFile size 24035M (AvailPageFile size 2M)
current process WorkingSet (physical memory assigned to process): 123M, peak: 123M
current process commit charge ("private bytes"): 362M, peak: 362M

vm_info: OpenJDK 64-Bit Server VM (19.0.2+7-44) for windows-amd64 JRE (19.0.2+7-44), built on 2022-11-30T18:02:09Z by "mach5one" with MS VC++ 17.1 (VS2022)

END.
