#
# There is insufficient memory for the Java Runtime Environment to continue.
# Native memory allocation (malloc) failed to allocate 1486688 bytes for Chunk::new
# Possible reasons:
#   The system is out of physical RAM or swap space
#   The process is running with CompressedOops enabled, and the Java Heap may be blocking the growth of the native heap
# Possible solutions:
#   Reduce memory load on the system
#   Increase physical memory or swap space
#   Check if swap backing store is full
#   Decrease Java heap size (-Xmx/-Xms)
#   Decrease number of Java threads
#   Decrease Java thread stack sizes (-Xss)
#   Set larger code cache with -XX:ReservedCodeCacheSize=
#   JVM is running with Zero Based Compressed Oops mode in which the Java heap is
#     placed in the first 32GB address space. The Java Heap base address is the
#     maximum limit for the native heap growth. Please use -XX:HeapBaseMinAddress
#     to set the Java Heap base and to place the Java Heap above 32GB virtual address.
# This output file may be truncated or incomplete.
#
#  Out of Memory Error (arena.cpp:184), pid=15532, tid=22756
#
# JRE version: OpenJDK Runtime Environment (19.0.2+7) (build 19.0.2+7-44)
# Java VM: OpenJDK 64-Bit Server VM (19.0.2+7-44, mixed mode, sharing, tiered, compressed oops, compressed class ptrs, g1 gc, windows-amd64)
# No core dump will be written. Minidumps are not enabled by default on client versions of Windows
#

---------------  S U M M A R Y ------------

Command Line: -Dmaven.multiModuleProjectDirectory=E:\MyProjact\shareIt#13work -Djansi.passthrough=true -Dmaven.home=C:\Program Files\JetBrains\ideaIU-2022.3.3.win\plugins\maven\lib\maven3 -Dclassworlds.conf=C:\Program Files\JetBrains\ideaIU-2022.3.3.win\plugins\maven\lib\maven3\bin\m2.conf -Dmaven.ext.class.path=C:\Program Files\JetBrains\ideaIU-2022.3.3.win\plugins\maven\lib\maven-event-listener.jar -javaagent:C:\Program Files\JetBrains\ideaIU-2022.3.3.win\lib\idea_rt.jar=52808:C:\Program Files\JetBrains\ideaIU-2022.3.3.win\bin -Dfile.encoding=UTF-8 -Dsun.stdout.encoding=UTF-8 -Dsun.stderr.encoding=UTF-8 org.codehaus.classworlds.Launcher -Didea.version=2023.1.3 compile

Host: Intel(R) Core(TM) i5-3570 CPU @ 3.40GHz, 4 cores, 15G,  Windows 11 , 64 bit Build 22621 (10.0.22621.1928)
Time: Fri Jul 14 18:31:10 2023 RTZ 2 (s 11 , 64 bit Build 22621 (10.0.22621.1928) elapsed time: 2.631373 seconds (0d 0h 0m 2s)

---------------  T H R E A D  ---------------

Current thread (0x000002248c3bda00):  JavaThread "C2 CompilerThread1" daemon [_thread_in_native, id=22756, stack(0x0000005ec7400000,0x0000005ec7500000)]


Current CompileTask:
C2:   2631 3375   !   4       org.codehaus.plexus.interpolation.StringSearchInterpolator::interpolate (650 bytes)

Stack: [0x0000005ec7400000,0x0000005ec7500000]
Native frames: (J=compiled Java code, j=interpreted, Vv=VM code, C=native code)
V  [jvm.dll+0x6ee21a]
V  [jvm.dll+0x85765e]
V  [jvm.dll+0x85904e]
V  [jvm.dll+0x859703]
V  [jvm.dll+0x28298f]
V  [jvm.dll+0xc9adf]
V  [jvm.dll+0xc9e65]
V  [jvm.dll+0x3bca4c]
V  [jvm.dll+0x3860e1]
V  [jvm.dll+0x38555a]
V  [jvm.dll+0x24c3d9]
V  [jvm.dll+0x24b781]
V  [jvm.dll+0x1d6ce1]
V  [jvm.dll+0x25b25a]
V  [jvm.dll+0x2596e8]
V  [jvm.dll+0x807588]
V  [jvm.dll+0x80125a]
V  [jvm.dll+0x6ecf0b]
C  [ucrtbase.dll+0x29363]
C  [KERNEL32.DLL+0x126ad]
C  [ntdll.dll+0x5aa68]


---------------  P R O C E S S  ---------------

Threads class SMR info:
_java_thread_list=0x000002248c3f2a00, length=14, elements={
0x00000224e4694bd0, 0x00000224ff1fac40, 0x00000224ff1fb570, 0x00000224ff1fe550,
0x00000224ff200e90, 0x00000224ff201960, 0x00000224ff202430, 0x00000224ff205240,
0x00000224ff212810, 0x00000224ff224950, 0x000002248bded730, 0x000002248beebe30,
0x000002248beec370, 0x000002248c3bda00
}

Java Threads: ( => current thread )
  0x00000224e4694bd0 JavaThread "main" [_thread_in_vm, id=18124, stack(0x0000005ec5d00000,0x0000005ec5e00000)]
  0x00000224ff1fac40 JavaThread "Reference Handler" daemon [_thread_blocked, id=3116, stack(0x0000005ec6400000,0x0000005ec6500000)]
  0x00000224ff1fb570 JavaThread "Finalizer" daemon [_thread_blocked, id=19732, stack(0x0000005ec6500000,0x0000005ec6600000)]
  0x00000224ff1fe550 JavaThread "Signal Dispatcher" daemon [_thread_blocked, id=17068, stack(0x0000005ec6600000,0x0000005ec6700000)]
  0x00000224ff200e90 JavaThread "Attach Listener" daemon [_thread_blocked, id=23264, stack(0x0000005ec6700000,0x0000005ec6800000)]
  0x00000224ff201960 JavaThread "Service Thread" daemon [_thread_blocked, id=19588, stack(0x0000005ec6800000,0x0000005ec6900000)]
  0x00000224ff202430 JavaThread "Monitor Deflation Thread" daemon [_thread_blocked, id=21808, stack(0x0000005ec6900000,0x0000005ec6a00000)]
  0x00000224ff205240 JavaThread "C2 CompilerThread0" daemon [_thread_blocked, id=21660, stack(0x0000005ec6a00000,0x0000005ec6b00000)]
  0x00000224ff212810 JavaThread "C1 CompilerThread0" daemon [_thread_blocked, id=16636, stack(0x0000005ec6b00000,0x0000005ec6c00000)]
  0x00000224ff224950 JavaThread "Sweeper thread" daemon [_thread_blocked, id=20076, stack(0x0000005ec6c00000,0x0000005ec6d00000)]
  0x000002248bded730 JavaThread "Common-Cleaner" daemon [_thread_blocked, id=19892, stack(0x0000005ec6d00000,0x0000005ec6e00000)]
  0x000002248beebe30 JavaThread "Monitor Ctrl-Break" daemon [_thread_in_native, id=22880, stack(0x0000005ec6e00000,0x0000005ec6f00000)]
  0x000002248beec370 JavaThread "Notification Thread" daemon [_thread_blocked, id=21788, stack(0x0000005ec6f00000,0x0000005ec7000000)]
=>0x000002248c3bda00 JavaThread "C2 CompilerThread1" daemon [_thread_in_native, id=22756, stack(0x0000005ec7400000,0x0000005ec7500000)]

Other Threads:
  0x00000224ff1de7d0 VMThread "VM Thread" [stack: 0x0000005ec6300000,0x0000005ec6400000] [id=3076]
  0x000002248be83fa0 WatcherThread "VM Periodic Task Thread" [stack: 0x0000005ec7000000,0x0000005ec7100000] [id=7904]
  0x00000224e4701ae0 WorkerThread "GC Thread#0" [stack: 0x0000005ec5e00000,0x0000005ec5f00000] [id=3460]
  0x000002248c383500 WorkerThread "GC Thread#1" [stack: 0x0000005ec7100000,0x0000005ec7200000] [id=16656]
  0x000002248c3837d0 WorkerThread "GC Thread#2" [stack: 0x0000005ec7200000,0x0000005ec7300000] [id=15168]
  0x000002248c36b380 WorkerThread "GC Thread#3" [stack: 0x0000005ec7300000,0x0000005ec7400000] [id=8692]
  0x00000224e4710500 ConcurrentGCThread "G1 Main Marker" [stack: 0x0000005ec5f00000,0x0000005ec6000000] [id=3328]
  0x00000224e253e4e0 WorkerThread "G1 Conc#0" [stack: 0x0000005ec6000000,0x0000005ec6100000] [id=19196]
  0x00000224ff0954f0 ConcurrentGCThread "G1 Refine#0" [stack: 0x0000005ec6100000,0x0000005ec6200000] [id=17268]
  0x00000224ff095e40 ConcurrentGCThread "G1 Service" [stack: 0x0000005ec6200000,0x0000005ec6300000] [id=20364]

Threads with active compile tasks:
C2 CompilerThread0     2672 3463       4       org.eclipse.sisu.inject.LocatedBeans$Itr::hasNext (161 bytes)
C2 CompilerThread1     2672 3375   !   4       org.codehaus.plexus.interpolation.StringSearchInterpolator::interpolate (650 bytes)

VM state: not at safepoint (normal execution)

VM Mutex/Monitor currently owned by a thread:  ([mutex/lock_event])
[0x00000224e468f270] MethodCompileQueue_lock - owner thread: 0x00000224e4694bd0

Heap address: 0x0000000708600000, size: 3962 MB, Compressed Oops mode: Zero based, Oop shift amount: 3

CDS archive(s) mapped at: [0x0000000800000000-0x0000000800c40000-0x0000000800c40000), size 12845056, SharedBaseAddress: 0x0000000800000000, ArchiveRelocationMode: 0.
Compressed class space mapped at: 0x0000000801000000-0x0000000841000000, reserved size: 1073741824
Narrow klass base: 0x0000000800000000, Narrow klass shift: 0, Narrow klass range: 0x100000000

GC Precious Log:
 CardTable entry size: 512
 Card Set container configuration: InlinePtr #cards 4 size 8 Array Of Cards #cards 16 size 48 Howl #buckets 8 coarsen threshold 3686 Howl Bitmap #cards 512 size 80 coarsen threshold 460 Card regions per heap region 1 cards per card region 4096
 CPUs: 4 total, 4 available
 Memory: 15843M
 Large Page Support: Disabled
 NUMA Support: Disabled
 Compressed Oops: Enabled (Zero based)
 Heap Region Size: 2M
 Heap Min Capacity: 8M
 Heap Initial Capacity: 248M
 Heap Max Capacity: 3962M
 Pre-touch: Disabled
 Parallel Workers: 4
 Concurrent Workers: 1
 Concurrent Refinement Workers: 4
 Periodic GC: Disabled

Heap:
 garbage-first heap   total 253952K, used 50672K [0x0000000708600000, 0x0000000800000000)
  region size 2048K, 24 young (49152K), 2 survivors (4096K)
 Metaspace       used 14254K, committed 14528K, reserved 1114112K
  class space    used 1548K, committed 1664K, reserved 1048576K

Heap Regions: E=young(eden), S=young(survivor), O=old, HS=humongous(starts), HC=humongous(continues), CS=collection set, F=free, OA=open archive, CA=closed archive, TAMS=top-at-mark-start (previous, next)
|   0|0x0000000708600000, 0x0000000708800000, 0x0000000708800000|100%| O|  |TAMS 0x0000000708600000, 0x0000000708600000| Untracked 
|   1|0x0000000708800000, 0x000000070897ec00, 0x0000000708a00000| 74%| O|  |TAMS 0x0000000708800000, 0x0000000708800000| Untracked 
|   2|0x0000000708a00000, 0x0000000708a00000, 0x0000000708c00000|  0%| F|  |TAMS 0x0000000708a00000, 0x0000000708a00000| Untracked 
|   3|0x0000000708c00000, 0x0000000708c00000, 0x0000000708e00000|  0%| F|  |TAMS 0x0000000708c00000, 0x0000000708c00000| Untracked 
|   4|0x0000000708e00000, 0x0000000708e00000, 0x0000000709000000|  0%| F|  |TAMS 0x0000000708e00000, 0x0000000708e00000| Untracked 
|   5|0x0000000709000000, 0x0000000709000000, 0x0000000709200000|  0%| F|  |TAMS 0x0000000709000000, 0x0000000709000000| Untracked 
|   6|0x0000000709200000, 0x0000000709200000, 0x0000000709400000|  0%| F|  |TAMS 0x0000000709200000, 0x0000000709200000| Untracked 
|   7|0x0000000709400000, 0x0000000709400000, 0x0000000709600000|  0%| F|  |TAMS 0x0000000709400000, 0x0000000709400000| Untracked 
|   8|0x0000000709600000, 0x0000000709600000, 0x0000000709800000|  0%| F|  |TAMS 0x0000000709600000, 0x0000000709600000| Untracked 
|   9|0x0000000709800000, 0x0000000709800000, 0x0000000709a00000|  0%| F|  |TAMS 0x0000000709800000, 0x0000000709800000| Untracked 
|  10|0x0000000709a00000, 0x0000000709a00000, 0x0000000709c00000|  0%| F|  |TAMS 0x0000000709a00000, 0x0000000709a00000| Untracked 
|  11|0x0000000709c00000, 0x0000000709c00000, 0x0000000709e00000|  0%| F|  |TAMS 0x0000000709c00000, 0x0000000709c00000| Untracked 
|  12|0x0000000709e00000, 0x0000000709e00000, 0x000000070a000000|  0%| F|  |TAMS 0x0000000709e00000, 0x0000000709e00000| Untracked 
|  13|0x000000070a000000, 0x000000070a000000, 0x000000070a200000|  0%| F|  |TAMS 0x000000070a000000, 0x000000070a000000| Untracked 
|  14|0x000000070a200000, 0x000000070a200000, 0x000000070a400000|  0%| F|  |TAMS 0x000000070a200000, 0x000000070a200000| Untracked 
|  15|0x000000070a400000, 0x000000070a400000, 0x000000070a600000|  0%| F|  |TAMS 0x000000070a400000, 0x000000070a400000| Untracked 
|  16|0x000000070a600000, 0x000000070a600000, 0x000000070a800000|  0%| F|  |TAMS 0x000000070a600000, 0x000000070a600000| Untracked 
|  17|0x000000070a800000, 0x000000070a800000, 0x000000070aa00000|  0%| F|  |TAMS 0x000000070a800000, 0x000000070a800000| Untracked 
|  18|0x000000070aa00000, 0x000000070aa00000, 0x000000070ac00000|  0%| F|  |TAMS 0x000000070aa00000, 0x000000070aa00000| Untracked 
|  19|0x000000070ac00000, 0x000000070ac00000, 0x000000070ae00000|  0%| F|  |TAMS 0x000000070ac00000, 0x000000070ac00000| Untracked 
|  20|0x000000070ae00000, 0x000000070ae00000, 0x000000070b000000|  0%| F|  |TAMS 0x000000070ae00000, 0x000000070ae00000| Untracked 
|  21|0x000000070b000000, 0x000000070b000000, 0x000000070b200000|  0%| F|  |TAMS 0x000000070b000000, 0x000000070b000000| Untracked 
|  22|0x000000070b200000, 0x000000070b200000, 0x000000070b400000|  0%| F|  |TAMS 0x000000070b200000, 0x000000070b200000| Untracked 
|  23|0x000000070b400000, 0x000000070b400000, 0x000000070b600000|  0%| F|  |TAMS 0x000000070b400000, 0x000000070b400000| Untracked 
|  24|0x000000070b600000, 0x000000070b600000, 0x000000070b800000|  0%| F|  |TAMS 0x000000070b600000, 0x000000070b600000| Untracked 
|  25|0x000000070b800000, 0x000000070b800000, 0x000000070ba00000|  0%| F|  |TAMS 0x000000070b800000, 0x000000070b800000| Untracked 
|  26|0x000000070ba00000, 0x000000070ba00000, 0x000000070bc00000|  0%| F|  |TAMS 0x000000070ba00000, 0x000000070ba00000| Untracked 
|  27|0x000000070bc00000, 0x000000070bc00000, 0x000000070be00000|  0%| F|  |TAMS 0x000000070bc00000, 0x000000070bc00000| Untracked 
|  28|0x000000070be00000, 0x000000070be00000, 0x000000070c000000|  0%| F|  |TAMS 0x000000070be00000, 0x000000070be00000| Untracked 
|  29|0x000000070c000000, 0x000000070c000000, 0x000000070c200000|  0%| F|  |TAMS 0x000000070c000000, 0x000000070c000000| Untracked 
|  30|0x000000070c200000, 0x000000070c200000, 0x000000070c400000|  0%| F|  |TAMS 0x000000070c200000, 0x000000070c200000| Untracked 
|  31|0x000000070c400000, 0x000000070c400000, 0x000000070c600000|  0%| F|  |TAMS 0x000000070c400000, 0x000000070c400000| Untracked 
|  32|0x000000070c600000, 0x000000070c600000, 0x000000070c800000|  0%| F|  |TAMS 0x000000070c600000, 0x000000070c600000| Untracked 
|  33|0x000000070c800000, 0x000000070c800000, 0x000000070ca00000|  0%| F|  |TAMS 0x000000070c800000, 0x000000070c800000| Untracked 
|  34|0x000000070ca00000, 0x000000070ca00000, 0x000000070cc00000|  0%| F|  |TAMS 0x000000070ca00000, 0x000000070ca00000| Untracked 
|  35|0x000000070cc00000, 0x000000070cc00000, 0x000000070ce00000|  0%| F|  |TAMS 0x000000070cc00000, 0x000000070cc00000| Untracked 
|  36|0x000000070ce00000, 0x000000070ce00000, 0x000000070d000000|  0%| F|  |TAMS 0x000000070ce00000, 0x000000070ce00000| Untracked 
|  37|0x000000070d000000, 0x000000070d000000, 0x000000070d200000|  0%| F|  |TAMS 0x000000070d000000, 0x000000070d000000| Untracked 
|  38|0x000000070d200000, 0x000000070d200000, 0x000000070d400000|  0%| F|  |TAMS 0x000000070d200000, 0x000000070d200000| Untracked 
|  39|0x000000070d400000, 0x000000070d400000, 0x000000070d600000|  0%| F|  |TAMS 0x000000070d400000, 0x000000070d400000| Untracked 
|  40|0x000000070d600000, 0x000000070d600000, 0x000000070d800000|  0%| F|  |TAMS 0x000000070d600000, 0x000000070d600000| Untracked 
|  41|0x000000070d800000, 0x000000070d800000, 0x000000070da00000|  0%| F|  |TAMS 0x000000070d800000, 0x000000070d800000| Untracked 
|  42|0x000000070da00000, 0x000000070da00000, 0x000000070dc00000|  0%| F|  |TAMS 0x000000070da00000, 0x000000070da00000| Untracked 
|  43|0x000000070dc00000, 0x000000070dc00000, 0x000000070de00000|  0%| F|  |TAMS 0x000000070dc00000, 0x000000070dc00000| Untracked 
|  44|0x000000070de00000, 0x000000070de00000, 0x000000070e000000|  0%| F|  |TAMS 0x000000070de00000, 0x000000070de00000| Untracked 
|  45|0x000000070e000000, 0x000000070e000000, 0x000000070e200000|  0%| F|  |TAMS 0x000000070e000000, 0x000000070e000000| Untracked 
|  46|0x000000070e200000, 0x000000070e200000, 0x000000070e400000|  0%| F|  |TAMS 0x000000070e200000, 0x000000070e200000| Untracked 
|  47|0x000000070e400000, 0x000000070e400000, 0x000000070e600000|  0%| F|  |TAMS 0x000000070e400000, 0x000000070e400000| Untracked 
|  48|0x000000070e600000, 0x000000070e600000, 0x000000070e800000|  0%| F|  |TAMS 0x000000070e600000, 0x000000070e600000| Untracked 
|  49|0x000000070e800000, 0x000000070e800000, 0x000000070ea00000|  0%| F|  |TAMS 0x000000070e800000, 0x000000070e800000| Untracked 
|  50|0x000000070ea00000, 0x000000070ea00000, 0x000000070ec00000|  0%| F|  |TAMS 0x000000070ea00000, 0x000000070ea00000| Untracked 
|  51|0x000000070ec00000, 0x000000070ec00000, 0x000000070ee00000|  0%| F|  |TAMS 0x000000070ec00000, 0x000000070ec00000| Untracked 
|  52|0x000000070ee00000, 0x000000070ee00000, 0x000000070f000000|  0%| F|  |TAMS 0x000000070ee00000, 0x000000070ee00000| Untracked 
|  53|0x000000070f000000, 0x000000070f000000, 0x000000070f200000|  0%| F|  |TAMS 0x000000070f000000, 0x000000070f000000| Untracked 
|  54|0x000000070f200000, 0x000000070f200000, 0x000000070f400000|  0%| F|  |TAMS 0x000000070f200000, 0x000000070f200000| Untracked 
|  55|0x000000070f400000, 0x000000070f400000, 0x000000070f600000|  0%| F|  |TAMS 0x000000070f400000, 0x000000070f400000| Untracked 
|  56|0x000000070f600000, 0x000000070f600000, 0x000000070f800000|  0%| F|  |TAMS 0x000000070f600000, 0x000000070f600000| Untracked 
|  57|0x000000070f800000, 0x000000070f800000, 0x000000070fa00000|  0%| F|  |TAMS 0x000000070f800000, 0x000000070f800000| Untracked 
|  58|0x000000070fa00000, 0x000000070fa00000, 0x000000070fc00000|  0%| F|  |TAMS 0x000000070fa00000, 0x000000070fa00000| Untracked 
|  59|0x000000070fc00000, 0x000000070fc00000, 0x000000070fe00000|  0%| F|  |TAMS 0x000000070fc00000, 0x000000070fc00000| Untracked 
|  60|0x000000070fe00000, 0x000000070fe00000, 0x0000000710000000|  0%| F|  |TAMS 0x000000070fe00000, 0x000000070fe00000| Untracked 
|  61|0x0000000710000000, 0x0000000710000000, 0x0000000710200000|  0%| F|  |TAMS 0x0000000710000000, 0x0000000710000000| Untracked 
|  62|0x0000000710200000, 0x0000000710200000, 0x0000000710400000|  0%| F|  |TAMS 0x0000000710200000, 0x0000000710200000| Untracked 
|  63|0x0000000710400000, 0x0000000710400000, 0x0000000710600000|  0%| F|  |TAMS 0x0000000710400000, 0x0000000710400000| Untracked 
|  64|0x0000000710600000, 0x0000000710600000, 0x0000000710800000|  0%| F|  |TAMS 0x0000000710600000, 0x0000000710600000| Untracked 
|  65|0x0000000710800000, 0x0000000710800000, 0x0000000710a00000|  0%| F|  |TAMS 0x0000000710800000, 0x0000000710800000| Untracked 
|  66|0x0000000710a00000, 0x0000000710a00000, 0x0000000710c00000|  0%| F|  |TAMS 0x0000000710a00000, 0x0000000710a00000| Untracked 
|  67|0x0000000710c00000, 0x0000000710c00000, 0x0000000710e00000|  0%| F|  |TAMS 0x0000000710c00000, 0x0000000710c00000| Untracked 
|  68|0x0000000710e00000, 0x0000000710e00000, 0x0000000711000000|  0%| F|  |TAMS 0x0000000710e00000, 0x0000000710e00000| Untracked 
|  69|0x0000000711000000, 0x0000000711000000, 0x0000000711200000|  0%| F|  |TAMS 0x0000000711000000, 0x0000000711000000| Untracked 
|  70|0x0000000711200000, 0x0000000711200000, 0x0000000711400000|  0%| F|  |TAMS 0x0000000711200000, 0x0000000711200000| Untracked 
|  71|0x0000000711400000, 0x0000000711400000, 0x0000000711600000|  0%| F|  |TAMS 0x0000000711400000, 0x0000000711400000| Untracked 
|  72|0x0000000711600000, 0x0000000711600000, 0x0000000711800000|  0%| F|  |TAMS 0x0000000711600000, 0x0000000711600000| Untracked 
|  73|0x0000000711800000, 0x0000000711800000, 0x0000000711a00000|  0%| F|  |TAMS 0x0000000711800000, 0x0000000711800000| Untracked 
|  74|0x0000000711a00000, 0x0000000711a00000, 0x0000000711c00000|  0%| F|  |TAMS 0x0000000711a00000, 0x0000000711a00000| Untracked 
|  75|0x0000000711c00000, 0x0000000711c00000, 0x0000000711e00000|  0%| F|  |TAMS 0x0000000711c00000, 0x0000000711c00000| Untracked 
|  76|0x0000000711e00000, 0x0000000711e00000, 0x0000000712000000|  0%| F|  |TAMS 0x0000000711e00000, 0x0000000711e00000| Untracked 
|  77|0x0000000712000000, 0x0000000712000000, 0x0000000712200000|  0%| F|  |TAMS 0x0000000712000000, 0x0000000712000000| Untracked 
|  78|0x0000000712200000, 0x0000000712200000, 0x0000000712400000|  0%| F|  |TAMS 0x0000000712200000, 0x0000000712200000| Untracked 
|  79|0x0000000712400000, 0x0000000712400000, 0x0000000712600000|  0%| F|  |TAMS 0x0000000712400000, 0x0000000712400000| Untracked 
|  80|0x0000000712600000, 0x0000000712600000, 0x0000000712800000|  0%| F|  |TAMS 0x0000000712600000, 0x0000000712600000| Untracked 
|  81|0x0000000712800000, 0x0000000712800000, 0x0000000712a00000|  0%| F|  |TAMS 0x0000000712800000, 0x0000000712800000| Untracked 
|  82|0x0000000712a00000, 0x0000000712a00000, 0x0000000712c00000|  0%| F|  |TAMS 0x0000000712a00000, 0x0000000712a00000| Untracked 
|  83|0x0000000712c00000, 0x0000000712c00000, 0x0000000712e00000|  0%| F|  |TAMS 0x0000000712c00000, 0x0000000712c00000| Untracked 
|  84|0x0000000712e00000, 0x0000000712e00000, 0x0000000713000000|  0%| F|  |TAMS 0x0000000712e00000, 0x0000000712e00000| Untracked 
|  85|0x0000000713000000, 0x0000000713000000, 0x0000000713200000|  0%| F|  |TAMS 0x0000000713000000, 0x0000000713000000| Untracked 
|  86|0x0000000713200000, 0x0000000713200000, 0x0000000713400000|  0%| F|  |TAMS 0x0000000713200000, 0x0000000713200000| Untracked 
|  87|0x0000000713400000, 0x0000000713400000, 0x0000000713600000|  0%| F|  |TAMS 0x0000000713400000, 0x0000000713400000| Untracked 
|  88|0x0000000713600000, 0x0000000713600000, 0x0000000713800000|  0%| F|  |TAMS 0x0000000713600000, 0x0000000713600000| Untracked 
|  89|0x0000000713800000, 0x0000000713800000, 0x0000000713a00000|  0%| F|  |TAMS 0x0000000713800000, 0x0000000713800000| Untracked 
|  90|0x0000000713a00000, 0x0000000713a00000, 0x0000000713c00000|  0%| F|  |TAMS 0x0000000713a00000, 0x0000000713a00000| Untracked 
|  91|0x0000000713c00000, 0x0000000713c00000, 0x0000000713e00000|  0%| F|  |TAMS 0x0000000713c00000, 0x0000000713c00000| Untracked 
|  92|0x0000000713e00000, 0x0000000713e00000, 0x0000000714000000|  0%| F|  |TAMS 0x0000000713e00000, 0x0000000713e00000| Untracked 
|  93|0x0000000714000000, 0x0000000714000000, 0x0000000714200000|  0%| F|  |TAMS 0x0000000714000000, 0x0000000714000000| Untracked 
|  94|0x0000000714200000, 0x0000000714200000, 0x0000000714400000|  0%| F|  |TAMS 0x0000000714200000, 0x0000000714200000| Untracked 
|  95|0x0000000714400000, 0x0000000714400000, 0x0000000714600000|  0%| F|  |TAMS 0x0000000714400000, 0x0000000714400000| Untracked 
|  96|0x0000000714600000, 0x0000000714600000, 0x0000000714800000|  0%| F|  |TAMS 0x0000000714600000, 0x0000000714600000| Untracked 
|  97|0x0000000714800000, 0x0000000714800000, 0x0000000714a00000|  0%| F|  |TAMS 0x0000000714800000, 0x0000000714800000| Untracked 
|  98|0x0000000714a00000, 0x0000000714a00000, 0x0000000714c00000|  0%| F|  |TAMS 0x0000000714a00000, 0x0000000714a00000| Untracked 
|  99|0x0000000714c00000, 0x0000000714c00000, 0x0000000714e00000|  0%| F|  |TAMS 0x0000000714c00000, 0x0000000714c00000| Untracked 
| 100|0x0000000714e00000, 0x0000000714ebb758, 0x0000000715000000| 36%| E|  |TAMS 0x0000000714e00000, 0x0000000714e00000| Complete 
| 101|0x0000000715000000, 0x00000007151fd798, 0x0000000715200000| 99%| S|CS|TAMS 0x0000000715000000, 0x0000000715000000| Complete 
| 102|0x0000000715200000, 0x0000000715400000, 0x0000000715400000|100%| S|CS|TAMS 0x0000000715200000, 0x0000000715200000| Complete 
| 103|0x0000000715400000, 0x0000000715600000, 0x0000000715600000|100%| E|CS|TAMS 0x0000000715400000, 0x0000000715400000| Complete 
| 104|0x0000000715600000, 0x0000000715800000, 0x0000000715800000|100%| E|CS|TAMS 0x0000000715600000, 0x0000000715600000| Complete 
| 105|0x0000000715800000, 0x0000000715a00000, 0x0000000715a00000|100%| E|CS|TAMS 0x0000000715800000, 0x0000000715800000| Complete 
| 106|0x0000000715a00000, 0x0000000715c00000, 0x0000000715c00000|100%| E|CS|TAMS 0x0000000715a00000, 0x0000000715a00000| Complete 
| 107|0x0000000715c00000, 0x0000000715e00000, 0x0000000715e00000|100%| E|CS|TAMS 0x0000000715c00000, 0x0000000715c00000| Complete 
| 108|0x0000000715e00000, 0x0000000716000000, 0x0000000716000000|100%| E|CS|TAMS 0x0000000715e00000, 0x0000000715e00000| Complete 
| 109|0x0000000716000000, 0x0000000716200000, 0x0000000716200000|100%| E|CS|TAMS 0x0000000716000000, 0x0000000716000000| Complete 
| 110|0x0000000716200000, 0x0000000716400000, 0x0000000716400000|100%| E|CS|TAMS 0x0000000716200000, 0x0000000716200000| Complete 
| 111|0x0000000716400000, 0x0000000716600000, 0x0000000716600000|100%| E|CS|TAMS 0x0000000716400000, 0x0000000716400000| Complete 
| 112|0x0000000716600000, 0x0000000716800000, 0x0000000716800000|100%| E|CS|TAMS 0x0000000716600000, 0x0000000716600000| Complete 
| 113|0x0000000716800000, 0x0000000716a00000, 0x0000000716a00000|100%| E|CS|TAMS 0x0000000716800000, 0x0000000716800000| Complete 
| 114|0x0000000716a00000, 0x0000000716c00000, 0x0000000716c00000|100%| E|CS|TAMS 0x0000000716a00000, 0x0000000716a00000| Complete 
| 115|0x0000000716c00000, 0x0000000716e00000, 0x0000000716e00000|100%| E|CS|TAMS 0x0000000716c00000, 0x0000000716c00000| Complete 
| 116|0x0000000716e00000, 0x0000000717000000, 0x0000000717000000|100%| E|CS|TAMS 0x0000000716e00000, 0x0000000716e00000| Complete 
| 117|0x0000000717000000, 0x0000000717200000, 0x0000000717200000|100%| E|CS|TAMS 0x0000000717000000, 0x0000000717000000| Complete 
| 118|0x0000000717200000, 0x0000000717400000, 0x0000000717400000|100%| E|CS|TAMS 0x0000000717200000, 0x0000000717200000| Complete 
| 119|0x0000000717400000, 0x0000000717600000, 0x0000000717600000|100%| E|CS|TAMS 0x0000000717400000, 0x0000000717400000| Complete 
| 120|0x0000000717600000, 0x0000000717800000, 0x0000000717800000|100%| E|CS|TAMS 0x0000000717600000, 0x0000000717600000| Complete 
| 121|0x0000000717800000, 0x0000000717a00000, 0x0000000717a00000|100%| E|CS|TAMS 0x0000000717800000, 0x0000000717800000| Complete 
| 122|0x0000000717a00000, 0x0000000717c00000, 0x0000000717c00000|100%| E|CS|TAMS 0x0000000717a00000, 0x0000000717a00000| Complete 
| 123|0x0000000717c00000, 0x0000000717e00000, 0x0000000717e00000|100%| E|CS|TAMS 0x0000000717c00000, 0x0000000717c00000| Complete 

Card table byte_map: [0x00000224fbda0000,0x00000224fc560000] _byte_map_base: 0x00000224f855d000

Marking Bits (Prev, Next): (CMBitMap*) 0x00000224e4703f30, (CMBitMap*) 0x00000224e4703f70
 Prev Bits: [0x0000022480000000, 0x0000022483de8000)
 Next Bits: [0x0000022483df0000, 0x0000022487bd8000)

Polling page: 0x00000224e3e50000

Metaspace:

Usage:
  Non-class:     12.41 MB used.
      Class:      1.51 MB used.
       Both:     13.92 MB used.

Virtual space:
  Non-class space:       64.00 MB reserved,      12.56 MB ( 20%) committed,  1 nodes.
      Class space:        1.00 GB reserved,       1.62 MB ( <1%) committed,  1 nodes.
             Both:        1.06 GB reserved,      14.19 MB (  1%) committed. 

Chunk freelists:
   Non-Class:  3.29 MB
       Class:  2.21 MB
        Both:  5.50 MB

MaxMetaspaceSize: unlimited
CompressedClassSpaceSize: 1.00 GB
Initial GC threshold: 21.00 MB
Current GC threshold: 21.00 MB
CDS: on
MetaspaceReclaimPolicy: balanced
 - commit_granule_bytes: 65536.
 - commit_granule_words: 8192.
 - virtual_space_node_default_size: 8388608.
 - enlarge_chunks_in_place: 1.
 - new_chunks_are_fully_committed: 0.
 - uncommit_free_chunks: 1.
 - use_allocation_guard: 0.


Internal statistics:

num_allocs_failed_limit: 0.
num_arena_births: 268.
num_arena_deaths: 0.
num_vsnodes_births: 2.
num_vsnodes_deaths: 0.
num_space_committed: 227.
num_space_uncommitted: 0.
num_chunks_returned_to_freelist: 0.
num_chunks_taken_from_freelist: 729.
num_chunk_merges: 0.
num_chunk_splits: 504.
num_chunks_enlarged: 374.
num_inconsistent_stats: 0.

CodeHeap 'non-profiled nmethods': size=120000Kb used=1525Kb max_used=1525Kb free=118475Kb
 bounds [0x00000224f40b0000, 0x00000224f4320000, 0x00000224fb5e0000]
CodeHeap 'profiled nmethods': size=120000Kb used=6983Kb max_used=6983Kb free=113016Kb
 bounds [0x00000224ec5e0000, 0x00000224eccc0000, 0x00000224f3b10000]
CodeHeap 'non-nmethods': size=5760Kb used=1301Kb max_used=1316Kb free=4458Kb
 bounds [0x00000224f3b10000, 0x00000224f3d80000, 0x00000224f40b0000]
 total_blobs=4006 nmethods=3513 adapters=400
 compilation: enabled
              stopped_count=0, restarted_count=0
 full_count=0

Compilation events (20 events):
Event: 2.619 Thread 0x00000224ff212810 3500   !   3       org.apache.maven.model.Build::clone (115 bytes)
Event: 2.620 Thread 0x00000224ff212810 nmethod 3500 0x00000224ecca2010 code [0x00000224ecca2320, 0x00000224ecca3568]
Event: 2.620 Thread 0x00000224ff212810 3501   !   3       org.apache.maven.model.profile.DefaultProfileSelector::isActive (187 bytes)
Event: 2.621 Thread 0x00000224ff212810 nmethod 3501 0x00000224ecca3d10 code [0x00000224ecca4060, 0x00000224ecca5448]
Event: 2.621 Thread 0x00000224ff212810 3502       3       java.util.ArrayList::hashCodeRange (68 bytes)
Event: 2.621 Thread 0x00000224ff212810 nmethod 3502 0x00000224ecca5b90 code [0x00000224ecca5d60, 0x00000224ecca61b8]
Event: 2.625 Thread 0x00000224ff212810 3503       1       org.apache.maven.model.IssueManagement::getUrl (5 bytes)
Event: 2.625 Thread 0x00000224ff212810 nmethod 3503 0x00000224f422ce10 code [0x00000224f422cfa0, 0x00000224f422d078]
Event: 2.626 Thread 0x00000224ff212810 3504       3       java.lang.invoke.LambdaForm$MH/0x00000008011c8000::invoke (42 bytes)
Event: 2.626 Thread 0x00000224ff212810 nmethod 3504 0x00000224ecca6390 code [0x00000224ecca65c0, 0x00000224ecca6ed8]
Event: 2.626 Thread 0x00000224ff212810 3505       3       org.apache.maven.model.validation.DefaultModelValidator::validateDependencyVersion (25 bytes)
Event: 2.626 Thread 0x00000224ff212810 nmethod 3505 0x00000224ecca7190 code [0x00000224ecca7340, 0x00000224ecca7538]
Event: 2.627 Thread 0x00000224ff212810 3506   !   3       java.nio.charset.CharsetDecoder::decode (275 bytes)
Event: 2.629 Thread 0x00000224ff212810 nmethod 3506 0x00000224ecca7690 code [0x00000224ecca79c0, 0x00000224ecca8e68]
Event: 2.629 Thread 0x00000224ff212810 3507       3       org.eclipse.aether.repository.RemoteRepository$Builder::setSnapshotPolicy (42 bytes)
Event: 2.629 Thread 0x00000224ff212810 nmethod 3507 0x00000224ecca9510 code [0x00000224ecca96e0, 0x00000224ecca99c8]
Event: 2.629 Thread 0x00000224ff212810 3508       3       org.eclipse.aether.repository.RemoteRepository$Builder::setReleasePolicy (42 bytes)
Event: 2.629 Thread 0x00000224ff212810 nmethod 3508 0x00000224ecca9b10 code [0x00000224ecca9cc0, 0x00000224ecca9fa8]
Event: 2.629 Thread 0x00000224ff212810 3509       3       org.eclipse.aether.repository.RemoteRepository$Builder::<init> (61 bytes)
Event: 2.629 Thread 0x00000224ff212810 nmethod 3509 0x00000224eccaa090 code [0x00000224eccaa260, 0x00000224eccaa6f8]

GC Heap History (6 events):
Event: 0.700 GC heap before
{Heap before GC invocations=0 (full 0):
 garbage-first heap   total 253952K, used 10240K [0x0000000708600000, 0x0000000800000000)
  region size 2048K, 6 young (12288K), 0 survivors (0K)
 Metaspace       used 4003K, committed 4224K, reserved 1114112K
  class space    used 382K, committed 512K, reserved 1048576K
}
Event: 0.704 GC heap after
{Heap after GC invocations=1 (full 0):
 garbage-first heap   total 253952K, used 3346K [0x0000000708600000, 0x0000000800000000)
  region size 2048K, 1 young (2048K), 1 survivors (2048K)
 Metaspace       used 4003K, committed 4224K, reserved 1114112K
  class space    used 382K, committed 512K, reserved 1048576K
}
Event: 0.914 GC heap before
{Heap before GC invocations=1 (full 0):
 garbage-first heap   total 253952K, used 13586K [0x0000000708600000, 0x0000000800000000)
  region size 2048K, 6 young (12288K), 1 survivors (2048K)
 Metaspace       used 5965K, committed 6144K, reserved 1114112K
  class space    used 651K, committed 704K, reserved 1048576K
}
Event: 0.916 GC heap after
{Heap after GC invocations=2 (full 0):
 garbage-first heap   total 253952K, used 4175K [0x0000000708600000, 0x0000000800000000)
  region size 2048K, 1 young (2048K), 1 survivors (2048K)
 Metaspace       used 5965K, committed 6144K, reserved 1114112K
  class space    used 651K, committed 704K, reserved 1048576K
}
Event: 1.751 GC heap before
{Heap before GC invocations=2 (full 0):
 garbage-first heap   total 253952K, used 45135K [0x0000000708600000, 0x0000000800000000)
  region size 2048K, 21 young (43008K), 1 survivors (2048K)
 Metaspace       used 12830K, committed 13120K, reserved 1114112K
  class space    used 1460K, committed 1600K, reserved 1048576K
}
Event: 1.755 GC heap after
{Heap after GC invocations=3 (full 0):
 garbage-first heap   total 253952K, used 7664K [0x0000000708600000, 0x0000000800000000)
  region size 2048K, 2 young (4096K), 2 survivors (4096K)
 Metaspace       used 12830K, committed 13120K, reserved 1114112K
  class space    used 1460K, committed 1600K, reserved 1048576K
}

Dll operation events (12 events):
Event: 0.016 Loaded shared library E:\MyProjact\.jdks\openjdk-19.0.2\bin\java.dll
Event: 0.025 Loaded shared library E:\MyProjact\.jdks\openjdk-19.0.2\bin\jsvml.dll
Event: 0.098 Loaded shared library E:\MyProjact\.jdks\openjdk-19.0.2\bin\zip.dll
Event: 0.100 Loaded shared library E:\MyProjact\.jdks\openjdk-19.0.2\bin\instrument.dll
Event: 0.114 Loaded shared library E:\MyProjact\.jdks\openjdk-19.0.2\bin\net.dll
Event: 0.117 Loaded shared library E:\MyProjact\.jdks\openjdk-19.0.2\bin\nio.dll
Event: 0.120 Loaded shared library E:\MyProjact\.jdks\openjdk-19.0.2\bin\zip.dll
Event: 0.137 Loaded shared library C:\Program Files\JetBrains\ideaIU-2022.3.3.win\bin\breakgen64.dll
Event: 0.148 Loaded shared library E:\MyProjact\.jdks\openjdk-19.0.2\bin\extnet.dll
Event: 0.240 Loaded shared library E:\MyProjact\.jdks\openjdk-19.0.2\bin\verify.dll
Event: 0.251 Loaded shared library E:\MyProjact\.jdks\openjdk-19.0.2\bin\jimage.dll
Event: 0.469 Loaded shared library C:\Users\PAWEL\AppData\Local\Temp\jansi-1.17.1-15165376327086595241.dll

Deoptimization events (20 events):
Event: 2.387 Thread 0x00000224e4694bd0 DEOPT PACKING pc=0x00000224f42061e4 sp=0x0000005ec5dfce80
Event: 2.387 Thread 0x00000224e4694bd0 DEOPT UNPACKING pc=0x00000224f3b76da3 sp=0x0000005ec5dfce10 mode 2
Event: 2.398 Thread 0x00000224e4694bd0 Uncommon trap: trap_request=0xffffffcc fr.pc=0x00000224f41dad4c relative=0x000000000000032c
Event: 2.398 Thread 0x00000224e4694bd0 Uncommon trap: reason=intrinsic_or_type_checked_inlining action=make_not_entrant pc=0x00000224f41dad4c method=java.util.Arrays.copyOf([Ljava/lang/Object;ILjava/lang/Class;)[Ljava/lang/Object; @ 35 c2
Event: 2.398 Thread 0x00000224e4694bd0 DEOPT PACKING pc=0x00000224f41dad4c sp=0x0000005ec5dfcd30
Event: 2.398 Thread 0x00000224e4694bd0 DEOPT UNPACKING pc=0x00000224f3b76da3 sp=0x0000005ec5dfccc0 mode 2
Event: 2.516 Thread 0x00000224e4694bd0 Uncommon trap: trap_request=0xffffff76 fr.pc=0x00000224f411d21c relative=0x000000000000033c
Event: 2.516 Thread 0x00000224e4694bd0 Uncommon trap: reason=predicate action=maybe_recompile pc=0x00000224f411d21c method=java.nio.charset.CharsetDecoder.decode(Ljava/nio/ByteBuffer;Ljava/nio/CharBuffer;Z)Ljava/nio/charset/CoderResult; @ 54 c2
Event: 2.516 Thread 0x00000224e4694bd0 DEOPT PACKING pc=0x00000224f411d21c sp=0x0000005ec5dfcb90
Event: 2.516 Thread 0x00000224e4694bd0 DEOPT UNPACKING pc=0x00000224f3b76da3 sp=0x0000005ec5dfcb30 mode 2
Event: 2.517 Thread 0x00000224e4694bd0 Uncommon trap: trap_request=0xffffff45 fr.pc=0x00000224f4195df4 relative=0x0000000000002674
Event: 2.517 Thread 0x00000224e4694bd0 Uncommon trap: reason=unstable_if action=reinterpret pc=0x00000224f4195df4 method=org.codehaus.plexus.util.xml.pull.MXParser.isS(C)Z @ 21 c2
Event: 2.517 Thread 0x00000224e4694bd0 DEOPT PACKING pc=0x00000224f4195df4 sp=0x0000005ec5dfcd50
Event: 2.517 Thread 0x00000224e4694bd0 DEOPT UNPACKING pc=0x00000224f3b76da3 sp=0x0000005ec5dfcc88 mode 2
Event: 2.517 Thread 0x00000224e4694bd0 Uncommon trap: trap_request=0xffffff45 fr.pc=0x00000224f41ff634 relative=0x0000000000002714
Event: 2.517 Thread 0x00000224e4694bd0 Uncommon trap: reason=unstable_if action=reinterpret pc=0x00000224f41ff634 method=org.codehaus.plexus.util.xml.pull.MXParser.parseAttribute()C @ 988 c2
Event: 2.517 Thread 0x00000224e4694bd0 DEOPT PACKING pc=0x00000224f41ff634 sp=0x0000005ec5dfcc80
Event: 2.517 Thread 0x00000224e4694bd0 DEOPT UNPACKING pc=0x00000224f3b76da3 sp=0x0000005ec5dfcc10 mode 2
Event: 2.526 Thread 0x00000224e4694bd0 DEOPT PACKING pc=0x00000224ecae6f0c sp=0x0000005ec5dfcb60
Event: 2.526 Thread 0x00000224e4694bd0 DEOPT UNPACKING pc=0x00000224f3b77543 sp=0x0000005ec5dfc0b8 mode 0

Classes loaded (20 events):
Event: 1.781 Loading class java/util/spi/ResourceBundleProvider
Event: 1.781 Loading class java/util/spi/ResourceBundleProvider done
Event: 1.781 Loading class sun/util/resources/LocaleData$LocaleDataResourceBundleProvider done
Event: 1.781 Loading class sun/util/resources/LocaleData$CommonResourceBundleProvider done
Event: 1.781 Loading class sun/util/resources/Bundles$2
Event: 1.781 Loading class sun/util/resources/Bundles$2 done
Event: 1.815 Loading class java/math/BigDecimal
Event: 1.816 Loading class java/math/BigDecimal done
Event: 1.816 Loading class java/lang/Short$ShortCache
Event: 1.816 Loading class java/lang/Short$ShortCache done
Event: 1.816 Loading class java/lang/Byte$ByteCache
Event: 1.816 Loading class java/lang/Byte$ByteCache done
Event: 1.827 Loading class sun/invoke/util/ValueConversions$1
Event: 1.827 Loading class sun/invoke/util/ValueConversions$1 done
Event: 1.828 Loading class java/lang/invoke/BoundMethodHandle$Species_LI
Event: 1.828 Loading class java/lang/invoke/BoundMethodHandle$Species_LI done
Event: 2.015 Loading class java/util/LinkedList$ListItr
Event: 2.016 Loading class java/util/LinkedList$ListItr done
Event: 2.516 Loading class sun/nio/cs/ISO_8859_1$Decoder
Event: 2.516 Loading class sun/nio/cs/ISO_8859_1$Decoder done

Classes unloaded (0 events):
No events

Classes redefined (0 events):
No events

Internal exceptions (20 events):
Event: 1.512 Thread 0x00000224e4694bd0 Exception <a 'java/lang/NoSuchMethodError'{0x0000000715f8bb28}: 'void java.lang.invoke.DirectMethodHandle$Holder.invokeSpecial(java.lang.Object, java.lang.Object, java.lang.Object)'> (0x0000000715f8bb28) 
thrown [s\open\src\hotspot\share\interpreter\linkResolver.cpp, line 774]
Event: 1.516 Thread 0x00000224e4694bd0 Exception <a 'java/lang/NoSuchMethodError'{0x0000000715fb8f20}: 'void java.lang.invoke.Invokers$Holder.invokeExact_MT(java.lang.Object, java.lang.Object, java.lang.Object, java.lang.Object)'> (0x0000000715fb8f20) 
thrown [s\open\src\hotspot\share\interpreter\linkResolver.cpp, line 774]
Event: 1.532 Thread 0x00000224e4694bd0 Exception <a 'java/lang/NoClassDefFoundError'{0x0000000715c39d08}: com/google/inject/servlet/ServletModuleTargetVisitor> (0x0000000715c39d08) 
thrown [s\open\src\hotspot\share\classfile\systemDictionary.cpp, line 244]
Event: 1.533 Thread 0x00000224e4694bd0 Exception <a 'java/lang/NoClassDefFoundError'{0x0000000715c3b450}: javax/annotation/Priority> (0x0000000715c3b450) 
thrown [s\open\src\hotspot\share\classfile\systemDictionary.cpp, line 244]
Event: 1.561 Thread 0x00000224e4694bd0 Exception <a 'java/lang/NoSuchMethodError'{0x0000000715d15e40}: 'java.lang.Object java.lang.invoke.DirectMethodHandle$Holder.invokeStatic(java.lang.Object, java.lang.Object, int)'> (0x0000000715d15e40) 
thrown [s\open\src\hotspot\share\interpreter\linkResolver.cpp, line 774]
Event: 1.566 Thread 0x00000224e4694bd0 Exception <a 'java/lang/NoSuchMethodError'{0x0000000715d221f8}: 'void java.lang.invoke.DelegatingMethodHandle$Holder.delegate(java.lang.Object, java.lang.Object, int, java.lang.Object)'> (0x0000000715d221f8) 
thrown [s\open\src\hotspot\share\interpreter\linkResolver.cpp, line 774]
Event: 1.566 Thread 0x00000224e4694bd0 Exception <a 'java/lang/NoSuchMethodError'{0x0000000715d26d20}: 'int java.lang.invoke.DirectMethodHandle$Holder.invokeSpecial(java.lang.Object, java.lang.Object, java.lang.Object)'> (0x0000000715d26d20) 
thrown [s\open\src\hotspot\share\interpreter\linkResolver.cpp, line 774]
Event: 1.591 Thread 0x00000224e4694bd0 Exception <a 'java/lang/NoSuchMethodError'{0x0000000715a73d90}: 'java.lang.Object java.lang.invoke.DirectMethodHandle$Holder.newInvokeSpecial(java.lang.Object, java.lang.Object, java.lang.Object, java.lang.Object, java.lang.Object, java.lang.Object, java.lang.Object)'> (0x0000000715a73d90) 
thrown [s\open\src\hotspot\share\interpreter\linkResolver.cpp, line 774]
Event: 1.600 Thread 0x00000224e4694bd0 Exception <a 'java/lang/NoSuchMethodError'{0x0000000715ab1320}: 'java.lang.Object java.lang.invoke.DirectMethodHandle$Holder.newInvokeSpecial(java.lang.Object, java.lang.Object, java.lang.Object, java.lang.Object, java.lang.Object, java.lang.Object, java.lang.Object, java.lang.Object, java.lang.Object)'> (0x0000000715ab1320) 
thrown [s\open\src\hotspot\share\interpreter\linkResolver.cpp, line 774]
Event: 1.616 Thread 0x00000224e4694bd0 Exception <a 'java/lang/NoSuchMethodError'{0x0000000715b606f8}: 'java.lang.Object java.lang.invoke.DirectMethodHandle$Holder.newInvokeSpecial(java.lang.Object, java.lang.Object, java.lang.Object, java.lang.Object, java.lang.Object, java.lang.Object, java.lang.Object, java.lang.Object, java.lang.Object, java.lang.Object, java.lang.Object, java.lang.Object)'> (0x0000000715b606f8) 
thrown [s\open\src\hotspot\share\interpreter\linkResolver.cpp, line 774]
Event: 1.619 Thread 0x00000224e4694bd0 Exception <a 'java/lang/NoSuchMethodError'{0x0000000715ba8648}: 'java.lang.Object java.lang.invoke.DirectMethodHandle$Holder.invokeStatic(java.lang.Object, java.lang.Object, java.lang.Object, java.lang.Object, java.lang.Object, java.lang.Object, java.lang.Object, java.lang.Object, java.lang.Object, java.lang.Object, java.lang.Object, java.lang.Object, java.lang.Object)'> (0x0000000715ba8648) 
thrown [s\open\src\hotspot\share\interpreter\linkResolver.cpp, line 774]
Event: 1.621 Thread 0x00000224e4694bd0 Exception <a 'java/lang/NoSuchMethodError'{0x0000000715bc8348}: 'java.lang.Object java.lang.invoke.DirectMethodHandle$Holder.invokeStatic(java.lang.Object, java.lang.Object, java.lang.Object, java.lang.Object, java.lang.Object, java.lang.Object, java.lang.Object, java.lang.Object, java.lang.Object, java.lang.Object, java.lang.Object, java.lang.Object, java.lang.Object, java.lang.Object)'> (0x0000000715bc8348) 
thrown [s\open\src\hotspot\share\interpreter\linkResolver.cpp, line 774]
Event: 1.622 Thread 0x00000224e4694bd0 Exception <a 'java/lang/NoSuchMethodError'{0x0000000715be97d0}: 'java.lang.Object java.lang.invoke.DirectMethodHandle$Holder.invokeStatic(java.lang.Object, java.lang.Object, java.lang.Object, java.lang.Object, java.lang.Object, java.lang.Object, java.lang.Object, java.lang.Object, java.lang.Object, java.lang.Object, java.lang.Object, java.lang.Object, java.lang.Object, java.lang.Object, java.lang.Object)'> (0x0000000715be97d0) 
thrown [s\open\src\hotspot\share\interpreter\linkResolver.cpp, line 774]
Event: 1.727 Thread 0x00000224e4694bd0 Implicit null exception at 0x00000224f40ded72 to 0x00000224f40df244
Event: 1.727 Thread 0x00000224e4694bd0 Implicit null exception at 0x00000224f40f7df2 to 0x00000224f40f82c0
Event: 1.741 Thread 0x00000224e4694bd0 Implicit null exception at 0x00000224f4136c20 to 0x00000224f4136dd8
Event: 1.827 Thread 0x00000224e4694bd0 Exception <a 'java/lang/NoSuchMethodError'{0x0000000717a44d30}: 'void java.lang.invoke.DirectMethodHandle$Holder.invokeVirtual(java.lang.Object, java.lang.Object, int)'> (0x0000000717a44d30) 
thrown [s\open\src\hotspot\share\interpreter\linkResolver.cpp, line 774]
Event: 1.828 Thread 0x00000224e4694bd0 Exception <a 'java/lang/NoSuchMethodError'{0x0000000717a49148}: 'int java.lang.invoke.DirectMethodHandle$Holder.invokeSpecial(java.lang.Object, java.lang.Object, java.lang.Object, int)'> (0x0000000717a49148) 
thrown [s\open\src\hotspot\share\interpreter\linkResolver.cpp, line 774]
Event: 1.829 Thread 0x00000224e4694bd0 Exception <a 'java/lang/NoSuchMethodError'{0x0000000717a59970}: 'java.lang.Object java.lang.invoke.DirectMethodHandle$Holder.invokeStatic(java.lang.Object, java.lang.Object, java.lang.Object, java.lang.Object, int)'> (0x0000000717a59970) 
thrown [s\open\src\hotspot\share\interpreter\linkResolver.cpp, line 774]
Event: 1.830 Thread 0x00000224e4694bd0 Exception <a 'java/lang/NoSuchMethodError'{0x0000000717a65230}: 'void java.lang.invoke.DelegatingMethodHandle$Holder.reinvoke_L(java.lang.Object, java.lang.Object, int)'> (0x0000000717a65230) 
thrown [s\open\src\hotspot\share\interpreter\linkResolver.cpp, line 774]

VM Operations (20 events):
Event: 1.511 Executing VM operation: HandshakeAllThreads
Event: 1.511 Executing VM operation: HandshakeAllThreads done
Event: 1.561 Executing VM operation: HandshakeAllThreads
Event: 1.561 Executing VM operation: HandshakeAllThreads done
Event: 1.642 Executing VM operation: HandshakeAllThreads
Event: 1.642 Executing VM operation: HandshakeAllThreads done
Event: 1.653 Executing VM operation: ICBufferFull
Event: 1.653 Executing VM operation: ICBufferFull done
Event: 1.675 Executing VM operation: HandshakeAllThreads
Event: 1.675 Executing VM operation: HandshakeAllThreads done
Event: 1.710 Executing VM operation: HandshakeAllThreads
Event: 1.710 Executing VM operation: HandshakeAllThreads done
Event: 1.751 Executing VM operation: G1CollectForAllocation
Event: 1.755 Executing VM operation: G1CollectForAllocation done
Event: 2.037 Executing VM operation: ICBufferFull
Event: 2.037 Executing VM operation: ICBufferFull done
Event: 2.543 Executing VM operation: HandshakeAllThreads
Event: 2.551 Executing VM operation: HandshakeAllThreads done
Event: 2.622 Executing VM operation: ICBufferFull
Event: 2.624 Executing VM operation: ICBufferFull done

Events (14 events):
Event: 0.025 Thread 0x00000224e4694bd0 Thread added: 0x00000224e4694bd0
Event: 0.038 Thread 0x00000224ff1fac40 Thread added: 0x00000224ff1fac40
Event: 0.038 Thread 0x00000224ff1fb570 Thread added: 0x00000224ff1fb570
Event: 0.039 Thread 0x00000224ff1fe550 Thread added: 0x00000224ff1fe550
Event: 0.039 Thread 0x00000224ff200e90 Thread added: 0x00000224ff200e90
Event: 0.039 Thread 0x00000224ff201960 Thread added: 0x00000224ff201960
Event: 0.039 Thread 0x00000224ff202430 Thread added: 0x00000224ff202430
Event: 0.039 Thread 0x00000224ff205240 Thread added: 0x00000224ff205240
Event: 0.039 Thread 0x00000224ff212810 Thread added: 0x00000224ff212810
Event: 0.039 Thread 0x00000224ff224950 Thread added: 0x00000224ff224950
Event: 0.066 Thread 0x000002248bded730 Thread added: 0x000002248bded730
Event: 0.138 Thread 0x000002248beebe30 Thread added: 0x000002248beebe30
Event: 0.138 Thread 0x000002248beec370 Thread added: 0x000002248beec370
Event: 0.851 Thread 0x000002248c3bda00 Thread added: 0x000002248c3bda00


Dynamic libraries:
0x00007ff607f80000 - 0x00007ff607f8e000 	E:\MyProjact\.jdks\openjdk-19.0.2\bin\java.exe
0x00007ffa7afb0000 - 0x00007ffa7b1c4000 	C:\WINDOWS\SYSTEM32\ntdll.dll
0x00007ffa79910000 - 0x00007ffa799d2000 	C:\WINDOWS\System32\KERNEL32.DLL
0x00007ffa789b0000 - 0x00007ffa78d53000 	C:\WINDOWS\System32\KERNELBASE.dll
0x00007ffa78890000 - 0x00007ffa789a1000 	C:\WINDOWS\System32\ucrtbase.dll
0x00007ffa53b90000 - 0x00007ffa53ba7000 	E:\MyProjact\.jdks\openjdk-19.0.2\bin\jli.dll
0x00007ffa7ac20000 - 0x00007ffa7adca000 	C:\WINDOWS\System32\USER32.dll
0x00007ffa78d60000 - 0x00007ffa78d86000 	C:\WINDOWS\System32\win32u.dll
0x00007ffa78d90000 - 0x00007ffa78db9000 	C:\WINDOWS\System32\GDI32.dll
0x00007ffa786b0000 - 0x00007ffa787c9000 	C:\WINDOWS\System32\gdi32full.dll
0x00007ffa783b0000 - 0x00007ffa7844a000 	C:\WINDOWS\System32\msvcp_win.dll
0x00007ffa52480000 - 0x00007ffa5249b000 	E:\MyProjact\.jdks\openjdk-19.0.2\bin\VCRUNTIME140.dll
0x00007ffa5dac0000 - 0x00007ffa5dd4e000 	C:\WINDOWS\WinSxS\amd64_microsoft.windows.common-controls_6595b64144ccf1df_6.0.22621.1635_none_270f70857386168e\COMCTL32.dll
0x00007ffa79b60000 - 0x00007ffa79c07000 	C:\WINDOWS\System32\msvcrt.dll
0x00007ffa79560000 - 0x00007ffa79591000 	C:\WINDOWS\System32\IMM32.DLL
0x00007ffa70300000 - 0x00007ffa7030c000 	E:\MyProjact\.jdks\openjdk-19.0.2\bin\vcruntime140_1.dll
0x00007ffa4d010000 - 0x00007ffa4d09e000 	E:\MyProjact\.jdks\openjdk-19.0.2\bin\msvcp140.dll
0x00007ff9dd060000 - 0x00007ff9ddd20000 	E:\MyProjact\.jdks\openjdk-19.0.2\bin\server\jvm.dll
0x00007ffa78dc0000 - 0x00007ffa78e6e000 	C:\WINDOWS\System32\ADVAPI32.dll
0x00007ffa7a630000 - 0x00007ffa7a6d4000 	C:\WINDOWS\System32\sechost.dll
0x00007ffa799e0000 - 0x00007ffa79af7000 	C:\WINDOWS\System32\RPCRT4.dll
0x00007ffa69e70000 - 0x00007ffa69e79000 	C:\WINDOWS\SYSTEM32\WSOCK32.dll
0x00007ffa7a6e0000 - 0x00007ffa7a751000 	C:\WINDOWS\System32\WS2_32.dll
0x00007ffa76df0000 - 0x00007ffa76e24000 	C:\WINDOWS\SYSTEM32\WINMM.dll
0x00007ffa725b0000 - 0x00007ffa725ba000 	C:\WINDOWS\SYSTEM32\VERSION.dll
0x00007ffa77390000 - 0x00007ffa773a8000 	C:\WINDOWS\SYSTEM32\kernel.appcore.dll
0x00007ffa696e0000 - 0x00007ffa696ea000 	E:\MyProjact\.jdks\openjdk-19.0.2\bin\jimage.dll
0x00007ffa6fc80000 - 0x00007ffa6feae000 	C:\WINDOWS\SYSTEM32\DBGHELP.DLL
0x00007ffa7a760000 - 0x00007ffa7aae9000 	C:\WINDOWS\System32\combase.dll
0x00007ffa79610000 - 0x00007ffa796e7000 	C:\WINDOWS\System32\OLEAUT32.dll
0x00007ffa6fc40000 - 0x00007ffa6fc72000 	C:\WINDOWS\SYSTEM32\dbgcore.DLL
0x00007ffa78630000 - 0x00007ffa786aa000 	C:\WINDOWS\System32\bcryptPrimitives.dll
0x00007ffa69fa0000 - 0x00007ffa69fae000 	E:\MyProjact\.jdks\openjdk-19.0.2\bin\instrument.dll
0x00007ffa52150000 - 0x00007ffa52176000 	E:\MyProjact\.jdks\openjdk-19.0.2\bin\java.dll
0x00007ffa4b9a0000 - 0x00007ffa4ba77000 	E:\MyProjact\.jdks\openjdk-19.0.2\bin\jsvml.dll
0x00007ffa79d20000 - 0x00007ffa7a519000 	C:\WINDOWS\System32\SHELL32.dll
0x00007ffa75e90000 - 0x00007ffa7675e000 	C:\WINDOWS\SYSTEM32\windows.storage.dll
0x00007ffa75d50000 - 0x00007ffa75e8e000 	C:\WINDOWS\SYSTEM32\wintypes.dll
0x00007ffa79c10000 - 0x00007ffa79d01000 	C:\WINDOWS\System32\SHCORE.dll
0x00007ffa7ab10000 - 0x00007ffa7ab6e000 	C:\WINDOWS\System32\shlwapi.dll
0x00007ffa782e0000 - 0x00007ffa78306000 	C:\WINDOWS\SYSTEM32\profapi.dll
0x00007ffa50870000 - 0x00007ffa50888000 	E:\MyProjact\.jdks\openjdk-19.0.2\bin\zip.dll
0x00007ffa506d0000 - 0x00007ffa506e3000 	E:\MyProjact\.jdks\openjdk-19.0.2\bin\net.dll
0x00007ffa70c70000 - 0x00007ffa70da7000 	C:\WINDOWS\SYSTEM32\WINHTTP.dll
0x00007ffa77810000 - 0x00007ffa77879000 	C:\WINDOWS\system32\mswsock.dll
0x00007ffa50890000 - 0x00007ffa508a6000 	E:\MyProjact\.jdks\openjdk-19.0.2\bin\nio.dll
0x00007ffa5cec0000 - 0x00007ffa5ceda000 	C:\Program Files\JetBrains\ideaIU-2022.3.3.win\bin\breakgen64.dll
0x00007ffa56f90000 - 0x00007ffa56f98000 	E:\MyProjact\.jdks\openjdk-19.0.2\bin\extnet.dll
0x00007ffa53b80000 - 0x00007ffa53b90000 	E:\MyProjact\.jdks\openjdk-19.0.2\bin\verify.dll
0x00007ffa77aa0000 - 0x00007ffa77abb000 	C:\WINDOWS\SYSTEM32\CRYPTSP.dll
0x00007ffa77a80000 - 0x00007ffa77a97000 	C:\Program Files\Common Files\Crypto Pro\AppCompat\cpadvai.dll
0x00007ffa77300000 - 0x00007ffa77335000 	C:\WINDOWS\system32\rsaenh.dll
0x00007ffa77920000 - 0x00007ffa7794c000 	C:\WINDOWS\SYSTEM32\USERENV.dll
0x00007ffa77d60000 - 0x00007ffa77d88000 	C:\WINDOWS\SYSTEM32\bcrypt.dll
0x00007ffa77ac0000 - 0x00007ffa77acc000 	C:\WINDOWS\SYSTEM32\CRYPTBASE.dll
0x00007ffa769c0000 - 0x00007ffa769ed000 	C:\WINDOWS\SYSTEM32\IPHLPAPI.DLL
0x00007ffa7a520000 - 0x00007ffa7a529000 	C:\WINDOWS\System32\NSI.dll
0x00007ffa70a70000 - 0x00007ffa70a89000 	C:\WINDOWS\SYSTEM32\dhcpcsvc6.DLL
0x00007ffa70910000 - 0x00007ffa7092f000 	C:\WINDOWS\SYSTEM32\dhcpcsvc.DLL
0x00007ffa76a30000 - 0x00007ffa76b23000 	C:\WINDOWS\SYSTEM32\DNSAPI.dll
0x00007ffa17590000 - 0x00007ffa1759a000 	C:\Users\PAWEL\AppData\Local\Temp\jansi-1.17.1-15165376327086595241.dll

dbghelp: loaded successfully - version: 4.0.5 - missing functions: none
symbol engine: initialized successfully - sym options: 0x614 - pdb path: .;E:\MyProjact\.jdks\openjdk-19.0.2\bin;C:\WINDOWS\SYSTEM32;C:\WINDOWS\WinSxS\amd64_microsoft.windows.common-controls_6595b64144ccf1df_6.0.22621.1635_none_270f70857386168e;E:\MyProjact\.jdks\openjdk-19.0.2\bin\server;C:\Program Files\JetBrains\ideaIU-2022.3.3.win\bin;C:\Program Files\Common Files\Crypto Pro\AppCompat;C:\Users\PAWEL\AppData\Local\Temp

VM Arguments:
jvm_args: -Dmaven.multiModuleProjectDirectory=E:\MyProjact\shareIt#13work -Djansi.passthrough=true -Dmaven.home=C:\Program Files\JetBrains\ideaIU-2022.3.3.win\plugins\maven\lib\maven3 -Dclassworlds.conf=C:\Program Files\JetBrains\ideaIU-2022.3.3.win\plugins\maven\lib\maven3\bin\m2.conf -Dmaven.ext.class.path=C:\Program Files\JetBrains\ideaIU-2022.3.3.win\plugins\maven\lib\maven-event-listener.jar -javaagent:C:\Program Files\JetBrains\ideaIU-2022.3.3.win\lib\idea_rt.jar=52808:C:\Program Files\JetBrains\ideaIU-2022.3.3.win\bin -Dfile.encoding=UTF-8 -Dsun.stdout.encoding=UTF-8 -Dsun.stderr.encoding=UTF-8 
java_command: org.codehaus.classworlds.Launcher -Didea.version=2023.1.3 compile
java_class_path (initial): C:\Program Files\JetBrains\ideaIU-2022.3.3.win\plugins\maven\lib\maven3\boot\plexus-classworlds-2.6.0.jar;C:\Program Files\JetBrains\ideaIU-2022.3.3.win\plugins\maven\lib\maven3\boot\plexus-classworlds.license
Launcher Type: SUN_STANDARD

[Global flags]
     intx CICompilerCount                          = 3                                         {product} {ergonomic}
     uint ConcGCThreads                            = 1                                         {product} {ergonomic}
     uint G1ConcRefinementThreads                  = 4                                         {product} {ergonomic}
   size_t G1HeapRegionSize                         = 2097152                                   {product} {ergonomic}
    uintx GCDrainStackTargetSize                   = 64                                        {product} {ergonomic}
   size_t InitialHeapSize                          = 260046848                                 {product} {ergonomic}
   size_t MarkStackSize                            = 4194304                                   {product} {ergonomic}
   size_t MaxHeapSize                              = 4154458112                                {product} {ergonomic}
   size_t MaxNewSize                               = 2491416576                                {product} {ergonomic}
   size_t MinHeapDeltaBytes                        = 2097152                                   {product} {ergonomic}
   size_t MinHeapSize                              = 8388608                                   {product} {ergonomic}
    uintx NonNMethodCodeHeapSize                   = 5832780                                {pd product} {ergonomic}
    uintx NonProfiledCodeHeapSize                  = 122912730                              {pd product} {ergonomic}
    uintx ProfiledCodeHeapSize                     = 122912730                              {pd product} {ergonomic}
    uintx ReservedCodeCacheSize                    = 251658240                              {pd product} {ergonomic}
     bool SegmentedCodeCache                       = true                                      {product} {ergonomic}
   size_t SoftMaxHeapSize                          = 4154458112                             {manageable} {ergonomic}
     bool UseCompressedClassPointers               = true                           {product lp64_product} {ergonomic}
     bool UseCompressedOops                        = true                           {product lp64_product} {ergonomic}
     bool UseG1GC                                  = true                                      {product} {ergonomic}
     bool UseLargePagesIndividualAllocation        = false                                  {pd product} {ergonomic}

Logging:
Log output configuration:
 #0: stdout all=warning uptime,level,tags foldmultilines=false
 #1: stderr all=off uptime,level,tags foldmultilines=false

Environment Variables:
JAVA_HOME=C:\Program Files\Amazon Corretto\jdk11.0.17_8
PATH=C:\Python311\Scripts\;C:\Python311\;C:\WINDOWS\system32\WBEM;C:\Program Files\Amazon Corretto\jdk11.0.17_8\bin;C:\Program Files (x86)\Common Files\Oracle\Java\javapath;C:\Windows\system32;C:\Windows;C:\Windows\System32\Wbem;C:\Windows\System32\WindowsPowerShell\v1.0\;C:\Windows\System32\OpenSSH\;C:\Program Files\NVIDIA Corporation\NVIDIA NvDLISR;C:\Program Files (x86)\NVIDIA Corporation\PhysX\Common;C:\WINDOWS\system32;C:\WINDOWS;C:\WINDOWS\System32\Wbem;C:\WINDOWS\System32\WindowsPowerShell\v1.0\;C:\WINDOWS\System32\OpenSSH\;C:\Users\PAWEL\AppData\Local\Microsoft\WindowsApps;C:\Users\PAWEL\AppData\Local\Programs\Microsoft VS Code\bin;# C:\Program Files\JetBrains\IntelliJ IDEA Community Edition 2022.2.3\bin;C:\Program Files\dotnet\;"c:\program files\apache-maven-3.8.7\bin;%PATH%";C:\Program Files\nodejs\;C:\ProgramData\chocolatey\bin;c:\Program Files\JetBrains\ideaIU-2022.3.3.win\bin\;C:\Program Files\Graphviz\bin;C:\Program Files\Git\cmd;C:\Users\PAWEL\AppData\Local\Microsoft\WindowsApps;C:\Users\PAWEL\AppData\Local\Programs\Microsoft VS Code\bin;c:\Program Files\JetBrains\ideaIU-2022.3.3.win\bin\;e:\MyProjact\.m2\wrapper\dists\apache-maven-3.8.7-bin\;C:\Users\PAWEL\AppData\Roaming\npm;c:\Program Files\JetBrains\ideaIU-2022.3.3.win\bin\;C:\Users\PAWEL\AppData\Local\GitHubDesktop\bin
USERNAME=PAWEL
OS=Windows_NT
PROCESSOR_IDENTIFIER=Intel64 Family 6 Model 58 Stepping 9, GenuineIntel
TMP=C:\Users\PAWEL\AppData\Local\Temp
TEMP=C:\Users\PAWEL\AppData\Local\Temp



---------------  S Y S T E M  ---------------

OS:
 Windows 11 , 64 bit Build 22621 (10.0.22621.1928)
OS uptime: 2 days 10:44 hours

CPU: total 4 (initial active 4) (4 cores per cpu, 1 threads per core) family 6 model 58 stepping 9 microcode 0x21, cx8, cmov, fxsr, mmx, sse, sse2, sse3, ssse3, sse4.1, sse4.2, popcnt, tsc, tscinvbit, avx, aes, erms, clmul, vzeroupper, clflush, rdtscp

Memory: 4k page, system-wide physical 15843M (615M free)
TotalPageFile size 24035M (AvailPageFile size 7M)
current process WorkingSet (physical memory assigned to process): 130M, peak: 132M
current process commit charge ("private bytes"): 369M, peak: 373M

vm_info: OpenJDK 64-Bit Server VM (19.0.2+7-44) for windows-amd64 JRE (19.0.2+7-44), built on 2022-11-30T18:02:09Z by "mach5one" with MS VC++ 17.1 (VS2022)

END.
