#
# There is insufficient memory for the Java Runtime Environment to continue.
# Native memory allocation (malloc) failed to allocate 573776 bytes for Chunk::new
# Possible reasons:
#   The system is out of physical RAM or swap space
#   The process is running with CompressedOops enabled, and the Java Heap may be blocking the growth of the native heap
# Possible solutions:
#   Reduce memory load on the system
#   Increase physical memory or swap space
#   Check if swap backing store is full
#   Decrease Java heap size (-Xmx/-Xms)
#   Decrease number of Java threads
#   Decrease Java thread stack sizes (-Xss)
#   Set larger code cache with -XX:ReservedCodeCacheSize=
#   JVM is running with Zero Based Compressed Oops mode in which the Java heap is
#     placed in the first 32GB address space. The Java Heap base address is the
#     maximum limit for the native heap growth. Please use -XX:HeapBaseMinAddress
#     to set the Java Heap base and to place the Java Heap above 32GB virtual address.
# This output file may be truncated or incomplete.
#
#  Out of Memory Error (arena.cpp:184), pid=19276, tid=22784
#
# JRE version: OpenJDK Runtime Environment (19.0.2+7) (build 19.0.2+7-44)
# Java VM: OpenJDK 64-Bit Server VM (19.0.2+7-44, mixed mode, sharing, tiered, compressed oops, compressed class ptrs, g1 gc, windows-amd64)
# No core dump will be written. Minidumps are not enabled by default on client versions of Windows
#

---------------  S U M M A R Y ------------

Command Line: -Dmaven.multiModuleProjectDirectory=E:\MyProjact\shareIt#13work -Djansi.passthrough=true -Dmaven.home=C:\Program Files\JetBrains\ideaIU-2022.3.3.win\plugins\maven\lib\maven3 -Dclassworlds.conf=C:\Program Files\JetBrains\ideaIU-2022.3.3.win\plugins\maven\lib\maven3\bin\m2.conf -Dmaven.ext.class.path=C:\Program Files\JetBrains\ideaIU-2022.3.3.win\plugins\maven\lib\maven-event-listener.jar -javaagent:C:\Program Files\JetBrains\ideaIU-2022.3.3.win\lib\idea_rt.jar=53287:C:\Program Files\JetBrains\ideaIU-2022.3.3.win\bin -Dfile.encoding=UTF-8 -Dsun.stdout.encoding=UTF-8 -Dsun.stderr.encoding=UTF-8 org.codehaus.classworlds.Launcher -Didea.version=2023.1.3 test

Host: Intel(R) Core(TM) i5-3570 CPU @ 3.40GHz, 4 cores, 15G,  Windows 11 , 64 bit Build 22621 (10.0.22621.1928)
Time: Fri Jul 14 18:33:54 2023 RTZ 2 (s 11 , 64 bit Build 22621 (10.0.22621.1928) elapsed time: 2.098552 seconds (0d 0h 0m 2s)

---------------  T H R E A D  ---------------

Current thread (0x0000021141b5c050):  JavaThread "C2 CompilerThread1" daemon [_thread_in_native, id=22784, stack(0x0000005766300000,0x0000005766400000)]


Current CompileTask:
C2:   2098 2957   !   4       java.lang.String::<init> (884 bytes)

Stack: [0x0000005766300000,0x0000005766400000]
Native frames: (J=compiled Java code, j=interpreted, Vv=VM code, C=native code)
V  [jvm.dll+0x6ee21a]
V  [jvm.dll+0x85765e]
V  [jvm.dll+0x85904e]
V  [jvm.dll+0x859703]
V  [jvm.dll+0x28298f]
V  [jvm.dll+0xc9adf]
V  [jvm.dll+0xc9e65]
V  [jvm.dll+0x3bca4c]
V  [jvm.dll+0x3860e1]
V  [jvm.dll+0x38555a]
V  [jvm.dll+0x24c3d9]
V  [jvm.dll+0x24b781]
V  [jvm.dll+0x1d6ce1]
V  [jvm.dll+0x25b25a]
V  [jvm.dll+0x2596e8]
V  [jvm.dll+0x807588]
V  [jvm.dll+0x80125a]
V  [jvm.dll+0x6ecf0b]
C  [ucrtbase.dll+0x29363]
C  [KERNEL32.DLL+0x126ad]
C  [ntdll.dll+0x5aa68]


---------------  P R O C E S S  ---------------

Threads class SMR info:
_java_thread_list=0x0000021141a0f5c0, length=14, elements={
0x000002111871fe70, 0x000002113cdd7e90, 0x000002113cdd87c0, 0x000002113cdde3b0,
0x000002113cddece0, 0x000002113cddf610, 0x000002113cde06e0, 0x000002113cde7720,
0x000002113cdf0d60, 0x000002113ce014d0, 0x00000211410dafe0, 0x00000211410daa90,
0x00000211410dbfd0, 0x0000021141b5c050
}

Java Threads: ( => current thread )
  0x000002111871fe70 JavaThread "main" [_thread_in_Java, id=10256, stack(0x0000005764c00000,0x0000005764d00000)]
  0x000002113cdd7e90 JavaThread "Reference Handler" daemon [_thread_blocked, id=19268, stack(0x0000005765300000,0x0000005765400000)]
  0x000002113cdd87c0 JavaThread "Finalizer" daemon [_thread_blocked, id=5760, stack(0x0000005765400000,0x0000005765500000)]
  0x000002113cdde3b0 JavaThread "Signal Dispatcher" daemon [_thread_blocked, id=22504, stack(0x0000005765500000,0x0000005765600000)]
  0x000002113cddece0 JavaThread "Attach Listener" daemon [_thread_blocked, id=18468, stack(0x0000005765600000,0x0000005765700000)]
  0x000002113cddf610 JavaThread "Service Thread" daemon [_thread_blocked, id=19408, stack(0x0000005765700000,0x0000005765800000)]
  0x000002113cde06e0 JavaThread "Monitor Deflation Thread" daemon [_thread_blocked, id=22512, stack(0x0000005765800000,0x0000005765900000)]
  0x000002113cde7720 JavaThread "C2 CompilerThread0" daemon [_thread_blocked, id=22736, stack(0x0000005765900000,0x0000005765a00000)]
  0x000002113cdf0d60 JavaThread "C1 CompilerThread0" daemon [_thread_in_native, id=4680, stack(0x0000005765a00000,0x0000005765b00000)]
  0x000002113ce014d0 JavaThread "Sweeper thread" daemon [_thread_blocked, id=15164, stack(0x0000005765b00000,0x0000005765c00000)]
  0x00000211410dafe0 JavaThread "Common-Cleaner" daemon [_thread_blocked, id=6908, stack(0x0000005765c00000,0x0000005765d00000)]
  0x00000211410daa90 JavaThread "Monitor Ctrl-Break" daemon [_thread_in_native, id=22988, stack(0x0000005765d00000,0x0000005765e00000)]
  0x00000211410dbfd0 JavaThread "Notification Thread" daemon [_thread_blocked, id=22132, stack(0x0000005765e00000,0x0000005765f00000)]
=>0x0000021141b5c050 JavaThread "C2 CompilerThread1" daemon [_thread_in_native, id=22784, stack(0x0000005766300000,0x0000005766400000)]

Other Threads:
  0x000002113cdbb5d0 VMThread "VM Thread" [stack: 0x0000005765200000,0x0000005765300000] [id=23304]
  0x00000211411b7df0 WatcherThread "VM Periodic Task Thread" [stack: 0x0000005765f00000,0x0000005766000000] [id=23020]
  0x000002111878dcc0 WorkerThread "GC Thread#0" [stack: 0x0000005764d00000,0x0000005764e00000] [id=18680]
  0x00000211416518b0 WorkerThread "GC Thread#1" [stack: 0x0000005766000000,0x0000005766100000] [id=15624]
  0x00000211416839a0 WorkerThread "GC Thread#2" [stack: 0x0000005766100000,0x0000005766200000] [id=20340]
  0x0000021141683c70 WorkerThread "GC Thread#3" [stack: 0x0000005766200000,0x0000005766300000] [id=17896]
  0x00000211187a01d0 ConcurrentGCThread "G1 Main Marker" [stack: 0x0000005764e00000,0x0000005764f00000] [id=8476]
  0x00000211187a0d10 WorkerThread "G1 Conc#0" [stack: 0x0000005764f00000,0x0000005765000000] [id=21404]
  0x00000211187de520 ConcurrentGCThread "G1 Refine#0" [stack: 0x0000005765000000,0x0000005765100000] [id=22612]
  0x000002113cc78100 ConcurrentGCThread "G1 Service" [stack: 0x0000005765100000,0x0000005765200000] [id=1600]

Threads with active compile tasks:
C1 CompilerThread0     2119 2980   !   3       org.codehaus.plexus.util.xml.pull.MXParser::parseEntityRef (958 bytes)
C2 CompilerThread1     2119 2957   !   4       java.lang.String::<init> (884 bytes)

VM state: not at safepoint (normal execution)

VM Mutex/Monitor currently owned by a thread: None

Heap address: 0x0000000708600000, size: 3962 MB, Compressed Oops mode: Zero based, Oop shift amount: 3

CDS archive(s) mapped at: [0x0000000800000000-0x0000000800c40000-0x0000000800c40000), size 12845056, SharedBaseAddress: 0x0000000800000000, ArchiveRelocationMode: 0.
Compressed class space mapped at: 0x0000000801000000-0x0000000841000000, reserved size: 1073741824
Narrow klass base: 0x0000000800000000, Narrow klass shift: 0, Narrow klass range: 0x100000000

GC Precious Log:
 CardTable entry size: 512
 Card Set container configuration: InlinePtr #cards 4 size 8 Array Of Cards #cards 16 size 48 Howl #buckets 8 coarsen threshold 3686 Howl Bitmap #cards 512 size 80 coarsen threshold 460 Card regions per heap region 1 cards per card region 4096
 CPUs: 4 total, 4 available
 Memory: 15843M
 Large Page Support: Disabled
 NUMA Support: Disabled
 Compressed Oops: Enabled (Zero based)
 Heap Region Size: 2M
 Heap Min Capacity: 8M
 Heap Initial Capacity: 248M
 Heap Max Capacity: 3962M
 Pre-touch: Disabled
 Parallel Workers: 4
 Concurrent Workers: 1
 Concurrent Refinement Workers: 4
 Periodic GC: Disabled

Heap:
 garbage-first heap   total 253952K, used 23904K [0x0000000708600000, 0x0000000800000000)
  region size 2048K, 12 young (24576K), 3 survivors (6144K)
 Metaspace       used 13881K, committed 14144K, reserved 1114112K
  class space    used 1530K, committed 1664K, reserved 1048576K

Heap Regions: E=young(eden), S=young(survivor), O=old, HS=humongous(starts), HC=humongous(continues), CS=collection set, F=free, OA=open archive, CA=closed archive, TAMS=top-at-mark-start (previous, next)
|   0|0x0000000708600000, 0x0000000708800000, 0x0000000708800000|100%| O|  |TAMS 0x0000000708600000, 0x0000000708600000| Untracked 
|   1|0x0000000708800000, 0x000000070894fc00, 0x0000000708a00000| 65%| O|  |TAMS 0x0000000708800000, 0x0000000708800000| Untracked 
|   2|0x0000000708a00000, 0x0000000708a00000, 0x0000000708c00000|  0%| F|  |TAMS 0x0000000708a00000, 0x0000000708a00000| Untracked 
|   3|0x0000000708c00000, 0x0000000708c00000, 0x0000000708e00000|  0%| F|  |TAMS 0x0000000708c00000, 0x0000000708c00000| Untracked 
|   4|0x0000000708e00000, 0x0000000708e00000, 0x0000000709000000|  0%| F|  |TAMS 0x0000000708e00000, 0x0000000708e00000| Untracked 
|   5|0x0000000709000000, 0x0000000709000000, 0x0000000709200000|  0%| F|  |TAMS 0x0000000709000000, 0x0000000709000000| Untracked 
|   6|0x0000000709200000, 0x0000000709200000, 0x0000000709400000|  0%| F|  |TAMS 0x0000000709200000, 0x0000000709200000| Untracked 
|   7|0x0000000709400000, 0x0000000709400000, 0x0000000709600000|  0%| F|  |TAMS 0x0000000709400000, 0x0000000709400000| Untracked 
|   8|0x0000000709600000, 0x0000000709600000, 0x0000000709800000|  0%| F|  |TAMS 0x0000000709600000, 0x0000000709600000| Untracked 
|   9|0x0000000709800000, 0x0000000709800000, 0x0000000709a00000|  0%| F|  |TAMS 0x0000000709800000, 0x0000000709800000| Untracked 
|  10|0x0000000709a00000, 0x0000000709a00000, 0x0000000709c00000|  0%| F|  |TAMS 0x0000000709a00000, 0x0000000709a00000| Untracked 
|  11|0x0000000709c00000, 0x0000000709c00000, 0x0000000709e00000|  0%| F|  |TAMS 0x0000000709c00000, 0x0000000709c00000| Untracked 
|  12|0x0000000709e00000, 0x0000000709e00000, 0x000000070a000000|  0%| F|  |TAMS 0x0000000709e00000, 0x0000000709e00000| Untracked 
|  13|0x000000070a000000, 0x000000070a000000, 0x000000070a200000|  0%| F|  |TAMS 0x000000070a000000, 0x000000070a000000| Untracked 
|  14|0x000000070a200000, 0x000000070a200000, 0x000000070a400000|  0%| F|  |TAMS 0x000000070a200000, 0x000000070a200000| Untracked 
|  15|0x000000070a400000, 0x000000070a400000, 0x000000070a600000|  0%| F|  |TAMS 0x000000070a400000, 0x000000070a400000| Untracked 
|  16|0x000000070a600000, 0x000000070a600000, 0x000000070a800000|  0%| F|  |TAMS 0x000000070a600000, 0x000000070a600000| Untracked 
|  17|0x000000070a800000, 0x000000070a800000, 0x000000070aa00000|  0%| F|  |TAMS 0x000000070a800000, 0x000000070a800000| Untracked 
|  18|0x000000070aa00000, 0x000000070aa00000, 0x000000070ac00000|  0%| F|  |TAMS 0x000000070aa00000, 0x000000070aa00000| Untracked 
|  19|0x000000070ac00000, 0x000000070ac00000, 0x000000070ae00000|  0%| F|  |TAMS 0x000000070ac00000, 0x000000070ac00000| Untracked 
|  20|0x000000070ae00000, 0x000000070ae00000, 0x000000070b000000|  0%| F|  |TAMS 0x000000070ae00000, 0x000000070ae00000| Untracked 
|  21|0x000000070b000000, 0x000000070b000000, 0x000000070b200000|  0%| F|  |TAMS 0x000000070b000000, 0x000000070b000000| Untracked 
|  22|0x000000070b200000, 0x000000070b200000, 0x000000070b400000|  0%| F|  |TAMS 0x000000070b200000, 0x000000070b200000| Untracked 
|  23|0x000000070b400000, 0x000000070b400000, 0x000000070b600000|  0%| F|  |TAMS 0x000000070b400000, 0x000000070b400000| Untracked 
|  24|0x000000070b600000, 0x000000070b600000, 0x000000070b800000|  0%| F|  |TAMS 0x000000070b600000, 0x000000070b600000| Untracked 
|  25|0x000000070b800000, 0x000000070b800000, 0x000000070ba00000|  0%| F|  |TAMS 0x000000070b800000, 0x000000070b800000| Untracked 
|  26|0x000000070ba00000, 0x000000070ba00000, 0x000000070bc00000|  0%| F|  |TAMS 0x000000070ba00000, 0x000000070ba00000| Untracked 
|  27|0x000000070bc00000, 0x000000070bc00000, 0x000000070be00000|  0%| F|  |TAMS 0x000000070bc00000, 0x000000070bc00000| Untracked 
|  28|0x000000070be00000, 0x000000070be00000, 0x000000070c000000|  0%| F|  |TAMS 0x000000070be00000, 0x000000070be00000| Untracked 
|  29|0x000000070c000000, 0x000000070c000000, 0x000000070c200000|  0%| F|  |TAMS 0x000000070c000000, 0x000000070c000000| Untracked 
|  30|0x000000070c200000, 0x000000070c200000, 0x000000070c400000|  0%| F|  |TAMS 0x000000070c200000, 0x000000070c200000| Untracked 
|  31|0x000000070c400000, 0x000000070c400000, 0x000000070c600000|  0%| F|  |TAMS 0x000000070c400000, 0x000000070c400000| Untracked 
|  32|0x000000070c600000, 0x000000070c600000, 0x000000070c800000|  0%| F|  |TAMS 0x000000070c600000, 0x000000070c600000| Untracked 
|  33|0x000000070c800000, 0x000000070c800000, 0x000000070ca00000|  0%| F|  |TAMS 0x000000070c800000, 0x000000070c800000| Untracked 
|  34|0x000000070ca00000, 0x000000070ca00000, 0x000000070cc00000|  0%| F|  |TAMS 0x000000070ca00000, 0x000000070ca00000| Untracked 
|  35|0x000000070cc00000, 0x000000070cc00000, 0x000000070ce00000|  0%| F|  |TAMS 0x000000070cc00000, 0x000000070cc00000| Untracked 
|  36|0x000000070ce00000, 0x000000070ce00000, 0x000000070d000000|  0%| F|  |TAMS 0x000000070ce00000, 0x000000070ce00000| Untracked 
|  37|0x000000070d000000, 0x000000070d000000, 0x000000070d200000|  0%| F|  |TAMS 0x000000070d000000, 0x000000070d000000| Untracked 
|  38|0x000000070d200000, 0x000000070d200000, 0x000000070d400000|  0%| F|  |TAMS 0x000000070d200000, 0x000000070d200000| Untracked 
|  39|0x000000070d400000, 0x000000070d400000, 0x000000070d600000|  0%| F|  |TAMS 0x000000070d400000, 0x000000070d400000| Untracked 
|  40|0x000000070d600000, 0x000000070d600000, 0x000000070d800000|  0%| F|  |TAMS 0x000000070d600000, 0x000000070d600000| Untracked 
|  41|0x000000070d800000, 0x000000070d800000, 0x000000070da00000|  0%| F|  |TAMS 0x000000070d800000, 0x000000070d800000| Untracked 
|  42|0x000000070da00000, 0x000000070da00000, 0x000000070dc00000|  0%| F|  |TAMS 0x000000070da00000, 0x000000070da00000| Untracked 
|  43|0x000000070dc00000, 0x000000070dc00000, 0x000000070de00000|  0%| F|  |TAMS 0x000000070dc00000, 0x000000070dc00000| Untracked 
|  44|0x000000070de00000, 0x000000070de00000, 0x000000070e000000|  0%| F|  |TAMS 0x000000070de00000, 0x000000070de00000| Untracked 
|  45|0x000000070e000000, 0x000000070e000000, 0x000000070e200000|  0%| F|  |TAMS 0x000000070e000000, 0x000000070e000000| Untracked 
|  46|0x000000070e200000, 0x000000070e200000, 0x000000070e400000|  0%| F|  |TAMS 0x000000070e200000, 0x000000070e200000| Untracked 
|  47|0x000000070e400000, 0x000000070e400000, 0x000000070e600000|  0%| F|  |TAMS 0x000000070e400000, 0x000000070e400000| Untracked 
|  48|0x000000070e600000, 0x000000070e600000, 0x000000070e800000|  0%| F|  |TAMS 0x000000070e600000, 0x000000070e600000| Untracked 
|  49|0x000000070e800000, 0x000000070e800000, 0x000000070ea00000|  0%| F|  |TAMS 0x000000070e800000, 0x000000070e800000| Untracked 
|  50|0x000000070ea00000, 0x000000070ea00000, 0x000000070ec00000|  0%| F|  |TAMS 0x000000070ea00000, 0x000000070ea00000| Untracked 
|  51|0x000000070ec00000, 0x000000070ec00000, 0x000000070ee00000|  0%| F|  |TAMS 0x000000070ec00000, 0x000000070ec00000| Untracked 
|  52|0x000000070ee00000, 0x000000070ee00000, 0x000000070f000000|  0%| F|  |TAMS 0x000000070ee00000, 0x000000070ee00000| Untracked 
|  53|0x000000070f000000, 0x000000070f000000, 0x000000070f200000|  0%| F|  |TAMS 0x000000070f000000, 0x000000070f000000| Untracked 
|  54|0x000000070f200000, 0x000000070f200000, 0x000000070f400000|  0%| F|  |TAMS 0x000000070f200000, 0x000000070f200000| Untracked 
|  55|0x000000070f400000, 0x000000070f400000, 0x000000070f600000|  0%| F|  |TAMS 0x000000070f400000, 0x000000070f400000| Untracked 
|  56|0x000000070f600000, 0x000000070f600000, 0x000000070f800000|  0%| F|  |TAMS 0x000000070f600000, 0x000000070f600000| Untracked 
|  57|0x000000070f800000, 0x000000070f800000, 0x000000070fa00000|  0%| F|  |TAMS 0x000000070f800000, 0x000000070f800000| Untracked 
|  58|0x000000070fa00000, 0x000000070fa00000, 0x000000070fc00000|  0%| F|  |TAMS 0x000000070fa00000, 0x000000070fa00000| Untracked 
|  59|0x000000070fc00000, 0x000000070fc00000, 0x000000070fe00000|  0%| F|  |TAMS 0x000000070fc00000, 0x000000070fc00000| Untracked 
|  60|0x000000070fe00000, 0x000000070fe00000, 0x0000000710000000|  0%| F|  |TAMS 0x000000070fe00000, 0x000000070fe00000| Untracked 
|  61|0x0000000710000000, 0x0000000710000000, 0x0000000710200000|  0%| F|  |TAMS 0x0000000710000000, 0x0000000710000000| Untracked 
|  62|0x0000000710200000, 0x0000000710200000, 0x0000000710400000|  0%| F|  |TAMS 0x0000000710200000, 0x0000000710200000| Untracked 
|  63|0x0000000710400000, 0x0000000710400000, 0x0000000710600000|  0%| F|  |TAMS 0x0000000710400000, 0x0000000710400000| Untracked 
|  64|0x0000000710600000, 0x0000000710600000, 0x0000000710800000|  0%| F|  |TAMS 0x0000000710600000, 0x0000000710600000| Untracked 
|  65|0x0000000710800000, 0x0000000710800000, 0x0000000710a00000|  0%| F|  |TAMS 0x0000000710800000, 0x0000000710800000| Untracked 
|  66|0x0000000710a00000, 0x0000000710a00000, 0x0000000710c00000|  0%| F|  |TAMS 0x0000000710a00000, 0x0000000710a00000| Untracked 
|  67|0x0000000710c00000, 0x0000000710c00000, 0x0000000710e00000|  0%| F|  |TAMS 0x0000000710c00000, 0x0000000710c00000| Untracked 
|  68|0x0000000710e00000, 0x0000000710e00000, 0x0000000711000000|  0%| F|  |TAMS 0x0000000710e00000, 0x0000000710e00000| Untracked 
|  69|0x0000000711000000, 0x0000000711000000, 0x0000000711200000|  0%| F|  |TAMS 0x0000000711000000, 0x0000000711000000| Untracked 
|  70|0x0000000711200000, 0x0000000711200000, 0x0000000711400000|  0%| F|  |TAMS 0x0000000711200000, 0x0000000711200000| Untracked 
|  71|0x0000000711400000, 0x0000000711400000, 0x0000000711600000|  0%| F|  |TAMS 0x0000000711400000, 0x0000000711400000| Untracked 
|  72|0x0000000711600000, 0x0000000711600000, 0x0000000711800000|  0%| F|  |TAMS 0x0000000711600000, 0x0000000711600000| Untracked 
|  73|0x0000000711800000, 0x0000000711800000, 0x0000000711a00000|  0%| F|  |TAMS 0x0000000711800000, 0x0000000711800000| Untracked 
|  74|0x0000000711a00000, 0x0000000711a00000, 0x0000000711c00000|  0%| F|  |TAMS 0x0000000711a00000, 0x0000000711a00000| Untracked 
|  75|0x0000000711c00000, 0x0000000711c00000, 0x0000000711e00000|  0%| F|  |TAMS 0x0000000711c00000, 0x0000000711c00000| Untracked 
|  76|0x0000000711e00000, 0x0000000711e00000, 0x0000000712000000|  0%| F|  |TAMS 0x0000000711e00000, 0x0000000711e00000| Untracked 
|  77|0x0000000712000000, 0x0000000712000000, 0x0000000712200000|  0%| F|  |TAMS 0x0000000712000000, 0x0000000712000000| Untracked 
|  78|0x0000000712200000, 0x0000000712200000, 0x0000000712400000|  0%| F|  |TAMS 0x0000000712200000, 0x0000000712200000| Untracked 
|  79|0x0000000712400000, 0x0000000712400000, 0x0000000712600000|  0%| F|  |TAMS 0x0000000712400000, 0x0000000712400000| Untracked 
|  80|0x0000000712600000, 0x0000000712600000, 0x0000000712800000|  0%| F|  |TAMS 0x0000000712600000, 0x0000000712600000| Untracked 
|  81|0x0000000712800000, 0x0000000712800000, 0x0000000712a00000|  0%| F|  |TAMS 0x0000000712800000, 0x0000000712800000| Untracked 
|  82|0x0000000712a00000, 0x0000000712a00000, 0x0000000712c00000|  0%| F|  |TAMS 0x0000000712a00000, 0x0000000712a00000| Untracked 
|  83|0x0000000712c00000, 0x0000000712c00000, 0x0000000712e00000|  0%| F|  |TAMS 0x0000000712c00000, 0x0000000712c00000| Untracked 
|  84|0x0000000712e00000, 0x0000000712e00000, 0x0000000713000000|  0%| F|  |TAMS 0x0000000712e00000, 0x0000000712e00000| Untracked 
|  85|0x0000000713000000, 0x0000000713000000, 0x0000000713200000|  0%| F|  |TAMS 0x0000000713000000, 0x0000000713000000| Untracked 
|  86|0x0000000713200000, 0x0000000713200000, 0x0000000713400000|  0%| F|  |TAMS 0x0000000713200000, 0x0000000713200000| Untracked 
|  87|0x0000000713400000, 0x0000000713400000, 0x0000000713600000|  0%| F|  |TAMS 0x0000000713400000, 0x0000000713400000| Untracked 
|  88|0x0000000713600000, 0x0000000713600000, 0x0000000713800000|  0%| F|  |TAMS 0x0000000713600000, 0x0000000713600000| Untracked 
|  89|0x0000000713800000, 0x0000000713800000, 0x0000000713a00000|  0%| F|  |TAMS 0x0000000713800000, 0x0000000713800000| Untracked 
|  90|0x0000000713a00000, 0x0000000713a00000, 0x0000000713c00000|  0%| F|  |TAMS 0x0000000713a00000, 0x0000000713a00000| Untracked 
|  91|0x0000000713c00000, 0x0000000713c00000, 0x0000000713e00000|  0%| F|  |TAMS 0x0000000713c00000, 0x0000000713c00000| Untracked 
|  92|0x0000000713e00000, 0x0000000713e00000, 0x0000000714000000|  0%| F|  |TAMS 0x0000000713e00000, 0x0000000713e00000| Untracked 
|  93|0x0000000714000000, 0x0000000714000000, 0x0000000714200000|  0%| F|  |TAMS 0x0000000714000000, 0x0000000714000000| Untracked 
|  94|0x0000000714200000, 0x0000000714200000, 0x0000000714400000|  0%| F|  |TAMS 0x0000000714200000, 0x0000000714200000| Untracked 
|  95|0x0000000714400000, 0x0000000714400000, 0x0000000714600000|  0%| F|  |TAMS 0x0000000714400000, 0x0000000714400000| Untracked 
|  96|0x0000000714600000, 0x0000000714600000, 0x0000000714800000|  0%| F|  |TAMS 0x0000000714600000, 0x0000000714600000| Untracked 
|  97|0x0000000714800000, 0x0000000714800000, 0x0000000714a00000|  0%| F|  |TAMS 0x0000000714800000, 0x0000000714800000| Untracked 
|  98|0x0000000714a00000, 0x0000000714a00000, 0x0000000714c00000|  0%| F|  |TAMS 0x0000000714a00000, 0x0000000714a00000| Untracked 
|  99|0x0000000714c00000, 0x0000000714c00000, 0x0000000714e00000|  0%| F|  |TAMS 0x0000000714c00000, 0x0000000714c00000| Untracked 
| 100|0x0000000714e00000, 0x0000000714e08620, 0x0000000715000000|  1%| S|CS|TAMS 0x0000000714e00000, 0x0000000714e00000| Complete 
| 101|0x0000000715000000, 0x0000000715200000, 0x0000000715200000|100%| S|CS|TAMS 0x0000000715000000, 0x0000000715000000| Complete 
| 102|0x0000000715200000, 0x0000000715400000, 0x0000000715400000|100%| S|CS|TAMS 0x0000000715200000, 0x0000000715200000| Complete 
| 103|0x0000000715400000, 0x0000000715400000, 0x0000000715600000|  0%| F|  |TAMS 0x0000000715400000, 0x0000000715400000| Untracked 
| 104|0x0000000715600000, 0x0000000715600000, 0x0000000715800000|  0%| F|  |TAMS 0x0000000715600000, 0x0000000715600000| Untracked 
| 105|0x0000000715800000, 0x0000000715800000, 0x0000000715a00000|  0%| F|  |TAMS 0x0000000715800000, 0x0000000715800000| Untracked 
| 106|0x0000000715a00000, 0x0000000715a00000, 0x0000000715c00000|  0%| F|  |TAMS 0x0000000715a00000, 0x0000000715a00000| Untracked 
| 107|0x0000000715c00000, 0x0000000715c00000, 0x0000000715e00000|  0%| F|  |TAMS 0x0000000715c00000, 0x0000000715c00000| Untracked 
| 108|0x0000000715e00000, 0x0000000715e00000, 0x0000000716000000|  0%| F|  |TAMS 0x0000000715e00000, 0x0000000715e00000| Untracked 
| 109|0x0000000716000000, 0x0000000716000000, 0x0000000716200000|  0%| F|  |TAMS 0x0000000716000000, 0x0000000716000000| Untracked 
| 110|0x0000000716200000, 0x0000000716200000, 0x0000000716400000|  0%| F|  |TAMS 0x0000000716200000, 0x0000000716200000| Untracked 
| 111|0x0000000716400000, 0x0000000716400000, 0x0000000716600000|  0%| F|  |TAMS 0x0000000716400000, 0x0000000716400000| Untracked 
| 112|0x0000000716600000, 0x0000000716600000, 0x0000000716800000|  0%| F|  |TAMS 0x0000000716600000, 0x0000000716600000| Untracked 
| 113|0x0000000716800000, 0x0000000716800000, 0x0000000716a00000|  0%| F|  |TAMS 0x0000000716800000, 0x0000000716800000| Untracked 
| 114|0x0000000716a00000, 0x0000000716a00000, 0x0000000716c00000|  0%| F|  |TAMS 0x0000000716a00000, 0x0000000716a00000| Untracked 
| 115|0x0000000716c00000, 0x0000000716d626e8, 0x0000000716e00000| 69%| E|  |TAMS 0x0000000716c00000, 0x0000000716c00000| Complete 
| 116|0x0000000716e00000, 0x0000000717000000, 0x0000000717000000|100%| E|CS|TAMS 0x0000000716e00000, 0x0000000716e00000| Complete 
| 117|0x0000000717000000, 0x0000000717200000, 0x0000000717200000|100%| E|CS|TAMS 0x0000000717000000, 0x0000000717000000| Complete 
| 118|0x0000000717200000, 0x0000000717400000, 0x0000000717400000|100%| E|CS|TAMS 0x0000000717200000, 0x0000000717200000| Complete 
| 119|0x0000000717400000, 0x0000000717600000, 0x0000000717600000|100%| E|CS|TAMS 0x0000000717400000, 0x0000000717400000| Complete 
| 120|0x0000000717600000, 0x0000000717800000, 0x0000000717800000|100%| E|CS|TAMS 0x0000000717600000, 0x0000000717600000| Complete 
| 121|0x0000000717800000, 0x0000000717a00000, 0x0000000717a00000|100%| E|CS|TAMS 0x0000000717800000, 0x0000000717800000| Complete 
| 122|0x0000000717a00000, 0x0000000717c00000, 0x0000000717c00000|100%| E|CS|TAMS 0x0000000717a00000, 0x0000000717a00000| Complete 
| 123|0x0000000717c00000, 0x0000000717e00000, 0x0000000717e00000|100%| E|CS|TAMS 0x0000000717c00000, 0x0000000717c00000| Complete 

Card table byte_map: [0x0000021131c30000,0x00000211323f0000] _byte_map_base: 0x000002112e3ed000

Marking Bits (Prev, Next): (CMBitMap*) 0x0000021118790110, (CMBitMap*) 0x0000021118790150
 Prev Bits: [0x0000021132bb0000, 0x0000021136998000)
 Next Bits: [0x00000211369a0000, 0x000002113a788000)

Polling page: 0x00000211187e0000

Metaspace:

Usage:
  Non-class:     12.06 MB used.
      Class:      1.49 MB used.
       Both:     13.56 MB used.

Virtual space:
  Non-class space:       64.00 MB reserved,      12.19 MB ( 19%) committed,  1 nodes.
      Class space:        1.00 GB reserved,       1.62 MB ( <1%) committed,  1 nodes.
             Both:        1.06 GB reserved,      13.81 MB (  1%) committed. 

Chunk freelists:
   Non-Class:  3.53 MB
       Class:  2.36 MB
        Both:  5.89 MB

MaxMetaspaceSize: unlimited
CompressedClassSpaceSize: 1.00 GB
Initial GC threshold: 21.00 MB
Current GC threshold: 21.00 MB
CDS: on
MetaspaceReclaimPolicy: balanced
 - commit_granule_bytes: 65536.
 - commit_granule_words: 8192.
 - virtual_space_node_default_size: 8388608.
 - enlarge_chunks_in_place: 1.
 - new_chunks_are_fully_committed: 0.
 - uncommit_free_chunks: 1.
 - use_allocation_guard: 0.


Internal statistics:

num_allocs_failed_limit: 0.
num_arena_births: 260.
num_arena_deaths: 0.
num_vsnodes_births: 2.
num_vsnodes_deaths: 0.
num_space_committed: 221.
num_space_uncommitted: 0.
num_chunks_returned_to_freelist: 0.
num_chunks_taken_from_freelist: 702.
num_chunk_merges: 0.
num_chunk_splits: 488.
num_chunks_enlarged: 367.
num_inconsistent_stats: 0.

CodeHeap 'non-profiled nmethods': size=120000Kb used=1148Kb max_used=1148Kb free=118851Kb
 bounds [0x0000021129910000, 0x0000021129b80000, 0x0000021130e40000]
CodeHeap 'profiled nmethods': size=120000Kb used=5960Kb max_used=5960Kb free=114039Kb
 bounds [0x0000021121e40000, 0x0000021122420000, 0x0000021129370000]
CodeHeap 'non-nmethods': size=5760Kb used=1275Kb max_used=1304Kb free=4484Kb
 bounds [0x0000021129370000, 0x00000211295e0000, 0x0000021129910000]
 total_blobs=3469 nmethods=2980 adapters=399
 compilation: enabled
              stopped_count=0, restarted_count=0
 full_count=0

Compilation events (20 events):
Event: 2.072 Thread 0x000002113cdf0d60 2953       1       org.apache.maven.model.Parent::getGroupId (5 bytes)
Event: 2.072 Thread 0x000002113cdf0d60 nmethod 2953 0x0000021129a2aa10 code [0x0000021129a2aba0, 0x0000021129a2ac78]
Event: 2.072 Thread 0x000002113cde7720 2954       4       java.lang.AbstractStringBuilder::append (67 bytes)
Event: 2.073 Thread 0x000002113cdf0d60 2955       3       java.nio.Buffer::remaining (20 bytes)
Event: 2.073 Thread 0x000002113cdf0d60 nmethod 2955 0x0000021122402490 code [0x0000021122402640, 0x00000211224027d8]
Event: 2.073 Thread 0x0000021141b5c050 2956       4       java.lang.AbstractStringBuilder::appendChars (207 bytes)
Event: 2.074 Thread 0x0000021141b5c050 nmethod 2956 0x0000021129a2ad10 code [0x0000021129a2aea0, 0x0000021129a2b058]
Event: 2.075 Thread 0x000002113cde7720 nmethod 2954 0x0000021129a2b210 code [0x0000021129a2b3c0, 0x0000021129a2b7f8]
Event: 2.076 Thread 0x0000021141b5c050 2957   !   4       java.lang.String::<init> (884 bytes)
Event: 2.076 Thread 0x000002113cdf0d60 2958       3       org.apache.maven.model.io.xpp3.MavenXpp3Reader::interpolatedTrimmed (16 bytes)
Event: 2.077 Thread 0x000002113cdf0d60 nmethod 2958 0x0000021122402890 code [0x0000021122402a60, 0x0000021122402ce8]
Event: 2.077 Thread 0x000002113cdf0d60 2959       1       org.apache.maven.model.Developer::setId (6 bytes)
Event: 2.077 Thread 0x000002113cdf0d60 nmethod 2959 0x0000021129a2bb90 code [0x0000021129a2bd20, 0x0000021129a2be38]
Event: 2.078 Thread 0x000002113cdf0d60 2960       1       org.apache.maven.model.Contributor::setRoles (6 bytes)
Event: 2.078 Thread 0x000002113cdf0d60 nmethod 2960 0x0000021129a2be90 code [0x0000021129a2c020, 0x0000021129a2c138]
Event: 2.078 Thread 0x000002113cdf0d60 2961       1       org.apache.maven.model.Contributor::setEmail (6 bytes)
Event: 2.078 Thread 0x000002113cdf0d60 nmethod 2961 0x0000021129a2c190 code [0x0000021129a2c320, 0x0000021129a2c438]
Event: 2.079 Thread 0x000002113cdf0d60 2962   !   3       org.apache.maven.model.Developer::clone (51 bytes)
Event: 2.079 Thread 0x000002113cdf0d60 nmethod 2962 0x0000021122402e90 code [0x0000021122403100, 0x0000021122403af8]
Event: 2.096 Thread 0x000002113cde7720 2963   !   4       org.codehaus.plexus.util.xml.pull.MXParser::parseComment (486 bytes)

GC Heap History (6 events):
Event: 0.555 GC heap before
{Heap before GC invocations=0 (full 0):
 garbage-first heap   total 253952K, used 12288K [0x0000000708600000, 0x0000000800000000)
  region size 2048K, 6 young (12288K), 0 survivors (0K)
 Metaspace       used 3994K, committed 4224K, reserved 1114112K
  class space    used 383K, committed 512K, reserved 1048576K
}
Event: 0.557 GC heap after
{Heap after GC invocations=1 (full 0):
 garbage-first heap   total 253952K, used 3357K [0x0000000708600000, 0x0000000800000000)
  region size 2048K, 1 young (2048K), 1 survivors (2048K)
 Metaspace       used 3994K, committed 4224K, reserved 1114112K
  class space    used 383K, committed 512K, reserved 1048576K
}
Event: 0.781 GC heap before
{Heap before GC invocations=1 (full 0):
 garbage-first heap   total 253952K, used 13597K [0x0000000708600000, 0x0000000800000000)
  region size 2048K, 6 young (12288K), 1 survivors (2048K)
 Metaspace       used 5955K, committed 6080K, reserved 1114112K
  class space    used 651K, committed 704K, reserved 1048576K
}
Event: 0.785 GC heap after
{Heap after GC invocations=2 (full 0):
 garbage-first heap   total 253952K, used 3958K [0x0000000708600000, 0x0000000800000000)
  region size 2048K, 1 young (2048K), 1 survivors (2048K)
 Metaspace       used 5955K, committed 6080K, reserved 1114112K
  class space    used 651K, committed 704K, reserved 1048576K
}
Event: 1.732 GC heap before
{Heap before GC invocations=2 (full 0):
 garbage-first heap   total 253952K, used 42870K [0x0000000708600000, 0x0000000800000000)
  region size 2048K, 21 young (43008K), 1 survivors (2048K)
 Metaspace       used 12850K, committed 13120K, reserved 1114112K
  class space    used 1459K, committed 1600K, reserved 1048576K
}
Event: 1.737 GC heap after
{Heap after GC invocations=3 (full 0):
 garbage-first heap   total 253952K, used 7520K [0x0000000708600000, 0x0000000800000000)
  region size 2048K, 3 young (6144K), 3 survivors (6144K)
 Metaspace       used 12850K, committed 13120K, reserved 1114112K
  class space    used 1459K, committed 1600K, reserved 1048576K
}

Dll operation events (12 events):
Event: 0.011 Loaded shared library E:\MyProjact\.jdks\openjdk-19.0.2\bin\java.dll
Event: 0.018 Loaded shared library E:\MyProjact\.jdks\openjdk-19.0.2\bin\jsvml.dll
Event: 0.090 Loaded shared library E:\MyProjact\.jdks\openjdk-19.0.2\bin\zip.dll
Event: 0.093 Loaded shared library E:\MyProjact\.jdks\openjdk-19.0.2\bin\instrument.dll
Event: 0.099 Loaded shared library E:\MyProjact\.jdks\openjdk-19.0.2\bin\net.dll
Event: 0.102 Loaded shared library E:\MyProjact\.jdks\openjdk-19.0.2\bin\nio.dll
Event: 0.105 Loaded shared library E:\MyProjact\.jdks\openjdk-19.0.2\bin\zip.dll
Event: 0.119 Loaded shared library C:\Program Files\JetBrains\ideaIU-2022.3.3.win\bin\breakgen64.dll
Event: 0.129 Loaded shared library E:\MyProjact\.jdks\openjdk-19.0.2\bin\extnet.dll
Event: 0.207 Loaded shared library E:\MyProjact\.jdks\openjdk-19.0.2\bin\verify.dll
Event: 0.216 Loaded shared library E:\MyProjact\.jdks\openjdk-19.0.2\bin\jimage.dll
Event: 0.379 Loaded shared library C:\Users\PAWEL\AppData\Local\Temp\jansi-1.17.1-5945722418075109739.dll

Deoptimization events (20 events):
Event: 1.905 Thread 0x000002111871fe70 Uncommon trap: trap_request=0xffffff45 fr.pc=0x000002112994b7c8 relative=0x0000000000000488
Event: 1.905 Thread 0x000002111871fe70 Uncommon trap: reason=unstable_if action=reinterpret pc=0x000002112994b7c8 method=java.lang.String.substring(II)Ljava/lang/String; @ 31 c2
Event: 1.905 Thread 0x000002111871fe70 DEOPT PACKING pc=0x000002112994b7c8 sp=0x0000005764cfdd60
Event: 1.905 Thread 0x000002111871fe70 DEOPT UNPACKING pc=0x00000211293d6da3 sp=0x0000005764cfdd30 mode 2
Event: 1.905 Thread 0x000002111871fe70 Uncommon trap: trap_request=0xffffff45 fr.pc=0x0000021129977ad8 relative=0x0000000000000238
Event: 1.905 Thread 0x000002111871fe70 Uncommon trap: reason=unstable_if action=reinterpret pc=0x0000021129977ad8 method=java.lang.String.decodeASCII([BI[CII)I @ 13 c2
Event: 1.905 Thread 0x000002111871fe70 DEOPT PACKING pc=0x0000021129977ad8 sp=0x0000005764cfd8b0
Event: 1.905 Thread 0x000002111871fe70 DEOPT UNPACKING pc=0x00000211293d6da3 sp=0x0000005764cfd838 mode 2
Event: 1.911 Thread 0x000002111871fe70 Uncommon trap: trap_request=0xffffff45 fr.pc=0x0000021129a0e8c0 relative=0x0000000000000d00
Event: 1.911 Thread 0x000002111871fe70 Uncommon trap: reason=unstable_if action=reinterpret pc=0x0000021129a0e8c0 method=org.codehaus.plexus.util.xml.pull.MXParser.nextImpl()I @ 972 c2
Event: 1.911 Thread 0x000002111871fe70 DEOPT PACKING pc=0x0000021129a0e8c0 sp=0x0000005764cfde30
Event: 1.911 Thread 0x000002111871fe70 DEOPT UNPACKING pc=0x00000211293d6da3 sp=0x0000005764cfddb0 mode 2
Event: 1.969 Thread 0x000002111871fe70 Uncommon trap: trap_request=0xffffff45 fr.pc=0x0000021129a111ac relative=0x000000000000008c
Event: 1.969 Thread 0x000002111871fe70 Uncommon trap: reason=unstable_if action=reinterpret pc=0x0000021129a111ac method=org.apache.maven.model.validation.DefaultModelValidator.isValidIdCharacter(C)Z @ 51 c2
Event: 1.969 Thread 0x000002111871fe70 DEOPT PACKING pc=0x0000021129a111ac sp=0x0000005764cfdf90
Event: 1.969 Thread 0x000002111871fe70 DEOPT UNPACKING pc=0x00000211293d6da3 sp=0x0000005764cfdf18 mode 2
Event: 2.019 Thread 0x000002111871fe70 Uncommon trap: trap_request=0xffffff45 fr.pc=0x00000211299a570c relative=0x000000000000006c
Event: 2.019 Thread 0x000002111871fe70 Uncommon trap: reason=unstable_if action=reinterpret pc=0x00000211299a570c method=java.lang.ref.ReferenceQueue.poll()Ljava/lang/ref/Reference; @ 4 c2
Event: 2.019 Thread 0x000002111871fe70 DEOPT PACKING pc=0x00000211299a570c sp=0x0000005764cfe570
Event: 2.019 Thread 0x000002111871fe70 DEOPT UNPACKING pc=0x00000211293d6da3 sp=0x0000005764cfe500 mode 2

Classes loaded (20 events):
Event: 1.757 Loading class sun/util/resources/LocaleData$CommonResourceBundleProvider
Event: 1.758 Loading class sun/util/resources/LocaleData$LocaleDataResourceBundleProvider
Event: 1.758 Loading class java/util/spi/ResourceBundleProvider
Event: 1.758 Loading class java/util/spi/ResourceBundleProvider done
Event: 1.758 Loading class sun/util/resources/LocaleData$LocaleDataResourceBundleProvider done
Event: 1.758 Loading class sun/util/resources/LocaleData$CommonResourceBundleProvider done
Event: 1.758 Loading class sun/util/resources/Bundles$2
Event: 1.758 Loading class sun/util/resources/Bundles$2 done
Event: 1.785 Loading class java/math/BigDecimal
Event: 1.786 Loading class java/math/BigDecimal done
Event: 1.786 Loading class java/lang/Short$ShortCache
Event: 1.786 Loading class java/lang/Short$ShortCache done
Event: 1.786 Loading class java/lang/Byte$ByteCache
Event: 1.786 Loading class java/lang/Byte$ByteCache done
Event: 1.793 Loading class sun/invoke/util/ValueConversions$1
Event: 1.793 Loading class sun/invoke/util/ValueConversions$1 done
Event: 1.794 Loading class java/lang/invoke/BoundMethodHandle$Species_LI
Event: 1.794 Loading class java/lang/invoke/BoundMethodHandle$Species_LI done
Event: 2.018 Loading class java/util/LinkedList$ListItr
Event: 2.019 Loading class java/util/LinkedList$ListItr done

Classes unloaded (0 events):
No events

Classes redefined (0 events):
No events

Internal exceptions (20 events):
Event: 1.441 Thread 0x000002111871fe70 Exception <a 'java/lang/NoSuchMethodError'{0x0000000715fb2328}: 'void java.lang.invoke.Invokers$Holder.invokeExact_MT(java.lang.Object, java.lang.Object, java.lang.Object, java.lang.Object)'> (0x0000000715fb2328) 
thrown [s\open\src\hotspot\share\interpreter\linkResolver.cpp, line 774]
Event: 1.459 Thread 0x000002111871fe70 Exception <a 'java/lang/NoClassDefFoundError'{0x0000000715c331b0}: com/google/inject/servlet/ServletModuleTargetVisitor> (0x0000000715c331b0) 
thrown [s\open\src\hotspot\share\classfile\systemDictionary.cpp, line 244]
Event: 1.459 Thread 0x000002111871fe70 Exception <a 'java/lang/NoClassDefFoundError'{0x0000000715c348f8}: javax/annotation/Priority> (0x0000000715c348f8) 
thrown [s\open\src\hotspot\share\classfile\systemDictionary.cpp, line 244]
Event: 1.497 Thread 0x000002111871fe70 Exception <a 'java/lang/NoSuchMethodError'{0x0000000715d0f198}: 'java.lang.Object java.lang.invoke.DirectMethodHandle$Holder.invokeStatic(java.lang.Object, java.lang.Object, int)'> (0x0000000715d0f198) 
thrown [s\open\src\hotspot\share\interpreter\linkResolver.cpp, line 774]
Event: 1.498 Thread 0x000002111871fe70 Exception <a 'java/lang/NoSuchMethodError'{0x0000000715d143c8}: 'void java.lang.invoke.DirectMethodHandle$Holder.invokeStatic(java.lang.Object, java.lang.Object, int, java.lang.Object)'> (0x0000000715d143c8) 
thrown [s\open\src\hotspot\share\interpreter\linkResolver.cpp, line 774]
Event: 1.498 Thread 0x000002111871fe70 Exception <a 'java/lang/NoSuchMethodError'{0x0000000715d1c390}: 'void java.lang.invoke.DelegatingMethodHandle$Holder.delegate(java.lang.Object, java.lang.Object, int, java.lang.Object)'> (0x0000000715d1c390) 
thrown [s\open\src\hotspot\share\interpreter\linkResolver.cpp, line 774]
Event: 1.499 Thread 0x000002111871fe70 Exception <a 'java/lang/NoSuchMethodError'{0x0000000715d20c70}: 'int java.lang.invoke.DirectMethodHandle$Holder.invokeSpecial(java.lang.Object, java.lang.Object, java.lang.Object)'> (0x0000000715d20c70) 
thrown [s\open\src\hotspot\share\interpreter\linkResolver.cpp, line 774]
Event: 1.534 Thread 0x000002111871fe70 Exception <a 'java/lang/NoSuchMethodError'{0x0000000715a6dd68}: 'java.lang.Object java.lang.invoke.DirectMethodHandle$Holder.newInvokeSpecial(java.lang.Object, java.lang.Object, java.lang.Object, java.lang.Object, java.lang.Object, java.lang.Object, java.lang.Object)'> (0x0000000715a6dd68) 
thrown [s\open\src\hotspot\share\interpreter\linkResolver.cpp, line 774]
Event: 1.545 Thread 0x000002111871fe70 Exception <a 'java/lang/NoSuchMethodError'{0x0000000715aab620}: 'java.lang.Object java.lang.invoke.DirectMethodHandle$Holder.newInvokeSpecial(java.lang.Object, java.lang.Object, java.lang.Object, java.lang.Object, java.lang.Object, java.lang.Object, java.lang.Object, java.lang.Object, java.lang.Object)'> (0x0000000715aab620) 
thrown [s\open\src\hotspot\share\interpreter\linkResolver.cpp, line 774]
Event: 1.567 Thread 0x000002111871fe70 Exception <a 'java/lang/NoSuchMethodError'{0x0000000715b5aa78}: 'java.lang.Object java.lang.invoke.DirectMethodHandle$Holder.newInvokeSpecial(java.lang.Object, java.lang.Object, java.lang.Object, java.lang.Object, java.lang.Object, java.lang.Object, java.lang.Object, java.lang.Object, java.lang.Object, java.lang.Object, java.lang.Object, java.lang.Object)'> (0x0000000715b5aa78) 
thrown [s\open\src\hotspot\share\interpreter\linkResolver.cpp, line 774]
Event: 1.572 Thread 0x000002111871fe70 Exception <a 'java/lang/NoSuchMethodError'{0x0000000715ba2e60}: 'java.lang.Object java.lang.invoke.DirectMethodHandle$Holder.invokeStatic(java.lang.Object, java.lang.Object, java.lang.Object, java.lang.Object, java.lang.Object, java.lang.Object, java.lang.Object, java.lang.Object, java.lang.Object, java.lang.Object, java.lang.Object, java.lang.Object, java.lang.Object)'> (0x0000000715ba2e60) 
thrown [s\open\src\hotspot\share\interpreter\linkResolver.cpp, line 774]
Event: 1.573 Thread 0x000002111871fe70 Exception <a 'java/lang/NoSuchMethodError'{0x0000000715bc2b78}: 'java.lang.Object java.lang.invoke.DirectMethodHandle$Holder.invokeStatic(java.lang.Object, java.lang.Object, java.lang.Object, java.lang.Object, java.lang.Object, java.lang.Object, java.lang.Object, java.lang.Object, java.lang.Object, java.lang.Object, java.lang.Object, java.lang.Object, java.lang.Object, java.lang.Object)'> (0x0000000715bc2b78) 
thrown [s\open\src\hotspot\share\interpreter\linkResolver.cpp, line 774]
Event: 1.575 Thread 0x000002111871fe70 Exception <a 'java/lang/NoSuchMethodError'{0x0000000715be4000}: 'java.lang.Object java.lang.invoke.DirectMethodHandle$Holder.invokeStatic(java.lang.Object, java.lang.Object, java.lang.Object, java.lang.Object, java.lang.Object, java.lang.Object, java.lang.Object, java.lang.Object, java.lang.Object, java.lang.Object, java.lang.Object, java.lang.Object, java.lang.Object, java.lang.Object, java.lang.Object)'> (0x0000000715be4000) 
thrown [s\open\src\hotspot\share\interpreter\linkResolver.cpp, line 774]
Event: 1.695 Thread 0x000002111871fe70 Implicit null exception at 0x00000211299401f2 to 0x00000211299406c4
Event: 1.695 Thread 0x000002111871fe70 Implicit null exception at 0x0000021129956072 to 0x0000021129956540
Event: 1.710 Thread 0x000002111871fe70 Implicit null exception at 0x000002112999bea0 to 0x000002112999c058
Event: 1.793 Thread 0x000002111871fe70 Exception <a 'java/lang/NoSuchMethodError'{0x0000000717a129c0}: 'void java.lang.invoke.DirectMethodHandle$Holder.invokeVirtual(java.lang.Object, java.lang.Object, int)'> (0x0000000717a129c0) 
thrown [s\open\src\hotspot\share\interpreter\linkResolver.cpp, line 774]
Event: 1.793 Thread 0x000002111871fe70 Exception <a 'java/lang/NoSuchMethodError'{0x0000000717a16dd8}: 'int java.lang.invoke.DirectMethodHandle$Holder.invokeSpecial(java.lang.Object, java.lang.Object, java.lang.Object, int)'> (0x0000000717a16dd8) 
thrown [s\open\src\hotspot\share\interpreter\linkResolver.cpp, line 774]
Event: 1.796 Thread 0x000002111871fe70 Exception <a 'java/lang/NoSuchMethodError'{0x0000000717a27600}: 'java.lang.Object java.lang.invoke.DirectMethodHandle$Holder.invokeStatic(java.lang.Object, java.lang.Object, java.lang.Object, java.lang.Object, int)'> (0x0000000717a27600) 
thrown [s\open\src\hotspot\share\interpreter\linkResolver.cpp, line 774]
Event: 1.799 Thread 0x000002111871fe70 Exception <a 'java/lang/NoSuchMethodError'{0x0000000717a32ec0}: 'void java.lang.invoke.DelegatingMethodHandle$Holder.reinvoke_L(java.lang.Object, java.lang.Object, int)'> (0x0000000717a32ec0) 
thrown [s\open\src\hotspot\share\interpreter\linkResolver.cpp, line 774]

VM Operations (20 events):
Event: 1.353 Executing VM operation: HandshakeAllThreads
Event: 1.353 Executing VM operation: HandshakeAllThreads done
Event: 1.354 Executing VM operation: HandshakeAllThreads
Event: 1.354 Executing VM operation: HandshakeAllThreads done
Event: 1.435 Executing VM operation: HandshakeAllThreads
Event: 1.435 Executing VM operation: HandshakeAllThreads done
Event: 1.496 Executing VM operation: HandshakeAllThreads
Event: 1.496 Executing VM operation: HandshakeAllThreads done
Event: 1.592 Executing VM operation: ICBufferFull
Event: 1.593 Executing VM operation: ICBufferFull done
Event: 1.601 Executing VM operation: HandshakeAllThreads
Event: 1.601 Executing VM operation: HandshakeAllThreads done
Event: 1.641 Executing VM operation: HandshakeAllThreads
Event: 1.641 Executing VM operation: HandshakeAllThreads done
Event: 1.676 Executing VM operation: HandshakeAllThreads
Event: 1.676 Executing VM operation: HandshakeAllThreads done
Event: 1.676 Executing VM operation: HandshakeAllThreads
Event: 1.676 Executing VM operation: HandshakeAllThreads done
Event: 1.732 Executing VM operation: G1CollectForAllocation
Event: 1.737 Executing VM operation: G1CollectForAllocation done

Events (14 events):
Event: 0.018 Thread 0x000002111871fe70 Thread added: 0x000002111871fe70
Event: 0.033 Thread 0x000002113cdd7e90 Thread added: 0x000002113cdd7e90
Event: 0.033 Thread 0x000002113cdd87c0 Thread added: 0x000002113cdd87c0
Event: 0.033 Thread 0x000002113cdde3b0 Thread added: 0x000002113cdde3b0
Event: 0.033 Thread 0x000002113cddece0 Thread added: 0x000002113cddece0
Event: 0.033 Thread 0x000002113cddf610 Thread added: 0x000002113cddf610
Event: 0.033 Thread 0x000002113cde06e0 Thread added: 0x000002113cde06e0
Event: 0.033 Thread 0x000002113cde7720 Thread added: 0x000002113cde7720
Event: 0.033 Thread 0x000002113cdf0d60 Thread added: 0x000002113cdf0d60
Event: 0.033 Thread 0x000002113ce014d0 Thread added: 0x000002113ce014d0
Event: 0.057 Thread 0x00000211410dafe0 Thread added: 0x00000211410dafe0
Event: 0.119 Thread 0x00000211410daa90 Thread added: 0x00000211410daa90
Event: 0.119 Thread 0x00000211410dbfd0 Thread added: 0x00000211410dbfd0
Event: 0.730 Thread 0x0000021141b5c050 Thread added: 0x0000021141b5c050


Dynamic libraries:
0x00007ff607f80000 - 0x00007ff607f8e000 	E:\MyProjact\.jdks\openjdk-19.0.2\bin\java.exe
0x00007ffa7afb0000 - 0x00007ffa7b1c4000 	C:\WINDOWS\SYSTEM32\ntdll.dll
0x00007ffa79910000 - 0x00007ffa799d2000 	C:\WINDOWS\System32\KERNEL32.DLL
0x00007ffa789b0000 - 0x00007ffa78d53000 	C:\WINDOWS\System32\KERNELBASE.dll
0x00007ffa78890000 - 0x00007ffa789a1000 	C:\WINDOWS\System32\ucrtbase.dll
0x00007ffa53b90000 - 0x00007ffa53ba7000 	E:\MyProjact\.jdks\openjdk-19.0.2\bin\jli.dll
0x00007ffa7ac20000 - 0x00007ffa7adca000 	C:\WINDOWS\System32\USER32.dll
0x00007ffa78d60000 - 0x00007ffa78d86000 	C:\WINDOWS\System32\win32u.dll
0x00007ffa78d90000 - 0x00007ffa78db9000 	C:\WINDOWS\System32\GDI32.dll
0x00007ffa786b0000 - 0x00007ffa787c9000 	C:\WINDOWS\System32\gdi32full.dll
0x00007ffa783b0000 - 0x00007ffa7844a000 	C:\WINDOWS\System32\msvcp_win.dll
0x00007ffa52480000 - 0x00007ffa5249b000 	E:\MyProjact\.jdks\openjdk-19.0.2\bin\VCRUNTIME140.dll
0x00007ffa5dac0000 - 0x00007ffa5dd4e000 	C:\WINDOWS\WinSxS\amd64_microsoft.windows.common-controls_6595b64144ccf1df_6.0.22621.1635_none_270f70857386168e\COMCTL32.dll
0x00007ffa79b60000 - 0x00007ffa79c07000 	C:\WINDOWS\System32\msvcrt.dll
0x00007ffa79560000 - 0x00007ffa79591000 	C:\WINDOWS\System32\IMM32.DLL
0x00007ffa70300000 - 0x00007ffa7030c000 	E:\MyProjact\.jdks\openjdk-19.0.2\bin\vcruntime140_1.dll
0x00007ffa4d010000 - 0x00007ffa4d09e000 	E:\MyProjact\.jdks\openjdk-19.0.2\bin\msvcp140.dll
0x00007ff9dd060000 - 0x00007ff9ddd20000 	E:\MyProjact\.jdks\openjdk-19.0.2\bin\server\jvm.dll
0x00007ffa78dc0000 - 0x00007ffa78e6e000 	C:\WINDOWS\System32\ADVAPI32.dll
0x00007ffa7a630000 - 0x00007ffa7a6d4000 	C:\WINDOWS\System32\sechost.dll
0x00007ffa799e0000 - 0x00007ffa79af7000 	C:\WINDOWS\System32\RPCRT4.dll
0x00007ffa69e70000 - 0x00007ffa69e79000 	C:\WINDOWS\SYSTEM32\WSOCK32.dll
0x00007ffa7a6e0000 - 0x00007ffa7a751000 	C:\WINDOWS\System32\WS2_32.dll
0x00007ffa76df0000 - 0x00007ffa76e24000 	C:\WINDOWS\SYSTEM32\WINMM.dll
0x00007ffa725b0000 - 0x00007ffa725ba000 	C:\WINDOWS\SYSTEM32\VERSION.dll
0x00007ffa77390000 - 0x00007ffa773a8000 	C:\WINDOWS\SYSTEM32\kernel.appcore.dll
0x00007ffa696e0000 - 0x00007ffa696ea000 	E:\MyProjact\.jdks\openjdk-19.0.2\bin\jimage.dll
0x00007ffa6fc80000 - 0x00007ffa6feae000 	C:\WINDOWS\SYSTEM32\DBGHELP.DLL
0x00007ffa7a760000 - 0x00007ffa7aae9000 	C:\WINDOWS\System32\combase.dll
0x00007ffa79610000 - 0x00007ffa796e7000 	C:\WINDOWS\System32\OLEAUT32.dll
0x00007ffa6fc40000 - 0x00007ffa6fc72000 	C:\WINDOWS\SYSTEM32\dbgcore.DLL
0x00007ffa78630000 - 0x00007ffa786aa000 	C:\WINDOWS\System32\bcryptPrimitives.dll
0x00007ffa69fa0000 - 0x00007ffa69fae000 	E:\MyProjact\.jdks\openjdk-19.0.2\bin\instrument.dll
0x00007ffa52150000 - 0x00007ffa52176000 	E:\MyProjact\.jdks\openjdk-19.0.2\bin\java.dll
0x00007ffa4b9a0000 - 0x00007ffa4ba77000 	E:\MyProjact\.jdks\openjdk-19.0.2\bin\jsvml.dll
0x00007ffa79d20000 - 0x00007ffa7a519000 	C:\WINDOWS\System32\SHELL32.dll
0x00007ffa75e90000 - 0x00007ffa7675e000 	C:\WINDOWS\SYSTEM32\windows.storage.dll
0x00007ffa75d50000 - 0x00007ffa75e8e000 	C:\WINDOWS\SYSTEM32\wintypes.dll
0x00007ffa79c10000 - 0x00007ffa79d01000 	C:\WINDOWS\System32\SHCORE.dll
0x00007ffa7ab10000 - 0x00007ffa7ab6e000 	C:\WINDOWS\System32\shlwapi.dll
0x00007ffa782e0000 - 0x00007ffa78306000 	C:\WINDOWS\SYSTEM32\profapi.dll
0x00007ffa50870000 - 0x00007ffa50888000 	E:\MyProjact\.jdks\openjdk-19.0.2\bin\zip.dll
0x00007ffa506d0000 - 0x00007ffa506e3000 	E:\MyProjact\.jdks\openjdk-19.0.2\bin\net.dll
0x00007ffa70c70000 - 0x00007ffa70da7000 	C:\WINDOWS\SYSTEM32\WINHTTP.dll
0x00007ffa77810000 - 0x00007ffa77879000 	C:\WINDOWS\system32\mswsock.dll
0x00007ffa50890000 - 0x00007ffa508a6000 	E:\MyProjact\.jdks\openjdk-19.0.2\bin\nio.dll
0x00007ffa5cec0000 - 0x00007ffa5ceda000 	C:\Program Files\JetBrains\ideaIU-2022.3.3.win\bin\breakgen64.dll
0x00007ffa56f90000 - 0x00007ffa56f98000 	E:\MyProjact\.jdks\openjdk-19.0.2\bin\extnet.dll
0x00007ffa53b80000 - 0x00007ffa53b90000 	E:\MyProjact\.jdks\openjdk-19.0.2\bin\verify.dll
0x00007ffa77aa0000 - 0x00007ffa77abb000 	C:\WINDOWS\SYSTEM32\CRYPTSP.dll
0x00007ffa77a80000 - 0x00007ffa77a97000 	C:\Program Files\Common Files\Crypto Pro\AppCompat\cpadvai.dll
0x00007ffa77300000 - 0x00007ffa77335000 	C:\WINDOWS\system32\rsaenh.dll
0x00007ffa77920000 - 0x00007ffa7794c000 	C:\WINDOWS\SYSTEM32\USERENV.dll
0x00007ffa77d60000 - 0x00007ffa77d88000 	C:\WINDOWS\SYSTEM32\bcrypt.dll
0x00007ffa77ac0000 - 0x00007ffa77acc000 	C:\WINDOWS\SYSTEM32\CRYPTBASE.dll
0x00007ffa769c0000 - 0x00007ffa769ed000 	C:\WINDOWS\SYSTEM32\IPHLPAPI.DLL
0x00007ffa7a520000 - 0x00007ffa7a529000 	C:\WINDOWS\System32\NSI.dll
0x00007ffa70a70000 - 0x00007ffa70a89000 	C:\WINDOWS\SYSTEM32\dhcpcsvc6.DLL
0x00007ffa70910000 - 0x00007ffa7092f000 	C:\WINDOWS\SYSTEM32\dhcpcsvc.DLL
0x00007ffa76a30000 - 0x00007ffa76b23000 	C:\WINDOWS\SYSTEM32\DNSAPI.dll
0x00007ffa106f0000 - 0x00007ffa106fa000 	C:\Users\PAWEL\AppData\Local\Temp\jansi-1.17.1-5945722418075109739.dll

dbghelp: loaded successfully - version: 4.0.5 - missing functions: none
symbol engine: initialized successfully - sym options: 0x614 - pdb path: .;E:\MyProjact\.jdks\openjdk-19.0.2\bin;C:\WINDOWS\SYSTEM32;C:\WINDOWS\WinSxS\amd64_microsoft.windows.common-controls_6595b64144ccf1df_6.0.22621.1635_none_270f70857386168e;E:\MyProjact\.jdks\openjdk-19.0.2\bin\server;C:\Program Files\JetBrains\ideaIU-2022.3.3.win\bin;C:\Program Files\Common Files\Crypto Pro\AppCompat;C:\Users\PAWEL\AppData\Local\Temp

VM Arguments:
jvm_args: -Dmaven.multiModuleProjectDirectory=E:\MyProjact\shareIt#13work -Djansi.passthrough=true -Dmaven.home=C:\Program Files\JetBrains\ideaIU-2022.3.3.win\plugins\maven\lib\maven3 -Dclassworlds.conf=C:\Program Files\JetBrains\ideaIU-2022.3.3.win\plugins\maven\lib\maven3\bin\m2.conf -Dmaven.ext.class.path=C:\Program Files\JetBrains\ideaIU-2022.3.3.win\plugins\maven\lib\maven-event-listener.jar -javaagent:C:\Program Files\JetBrains\ideaIU-2022.3.3.win\lib\idea_rt.jar=53287:C:\Program Files\JetBrains\ideaIU-2022.3.3.win\bin -Dfile.encoding=UTF-8 -Dsun.stdout.encoding=UTF-8 -Dsun.stderr.encoding=UTF-8 
java_command: org.codehaus.classworlds.Launcher -Didea.version=2023.1.3 test
java_class_path (initial): C:\Program Files\JetBrains\ideaIU-2022.3.3.win\plugins\maven\lib\maven3\boot\plexus-classworlds-2.6.0.jar;C:\Program Files\JetBrains\ideaIU-2022.3.3.win\plugins\maven\lib\maven3\boot\plexus-classworlds.license
Launcher Type: SUN_STANDARD

[Global flags]
     intx CICompilerCount                          = 3                                         {product} {ergonomic}
     uint ConcGCThreads                            = 1                                         {product} {ergonomic}
     uint G1ConcRefinementThreads                  = 4                                         {product} {ergonomic}
   size_t G1HeapRegionSize                         = 2097152                                   {product} {ergonomic}
    uintx GCDrainStackTargetSize                   = 64                                        {product} {ergonomic}
   size_t InitialHeapSize                          = 260046848                                 {product} {ergonomic}
   size_t MarkStackSize                            = 4194304                                   {product} {ergonomic}
   size_t MaxHeapSize                              = 4154458112                                {product} {ergonomic}
   size_t MaxNewSize                               = 2491416576                                {product} {ergonomic}
   size_t MinHeapDeltaBytes                        = 2097152                                   {product} {ergonomic}
   size_t MinHeapSize                              = 8388608                                   {product} {ergonomic}
    uintx NonNMethodCodeHeapSize                   = 5832780                                {pd product} {ergonomic}
    uintx NonProfiledCodeHeapSize                  = 122912730                              {pd product} {ergonomic}
    uintx ProfiledCodeHeapSize                     = 122912730                              {pd product} {ergonomic}
    uintx ReservedCodeCacheSize                    = 251658240                              {pd product} {ergonomic}
     bool SegmentedCodeCache                       = true                                      {product} {ergonomic}
   size_t SoftMaxHeapSize                          = 4154458112                             {manageable} {ergonomic}
     bool UseCompressedClassPointers               = true                           {product lp64_product} {ergonomic}
     bool UseCompressedOops                        = true                           {product lp64_product} {ergonomic}
     bool UseG1GC                                  = true                                      {product} {ergonomic}
     bool UseLargePagesIndividualAllocation        = false                                  {pd product} {ergonomic}

Logging:
Log output configuration:
 #0: stdout all=warning uptime,level,tags foldmultilines=false
 #1: stderr all=off uptime,level,tags foldmultilines=false

Environment Variables:
JAVA_HOME=C:\Program Files\Amazon Corretto\jdk11.0.17_8
PATH=C:\Python311\Scripts\;C:\Python311\;C:\WINDOWS\system32\WBEM;C:\Program Files\Amazon Corretto\jdk11.0.17_8\bin;C:\Program Files (x86)\Common Files\Oracle\Java\javapath;C:\Windows\system32;C:\Windows;C:\Windows\System32\Wbem;C:\Windows\System32\WindowsPowerShell\v1.0\;C:\Windows\System32\OpenSSH\;C:\Program Files\NVIDIA Corporation\NVIDIA NvDLISR;C:\Program Files (x86)\NVIDIA Corporation\PhysX\Common;C:\WINDOWS\system32;C:\WINDOWS;C:\WINDOWS\System32\Wbem;C:\WINDOWS\System32\WindowsPowerShell\v1.0\;C:\WINDOWS\System32\OpenSSH\;C:\Users\PAWEL\AppData\Local\Microsoft\WindowsApps;C:\Users\PAWEL\AppData\Local\Programs\Microsoft VS Code\bin;# C:\Program Files\JetBrains\IntelliJ IDEA Community Edition 2022.2.3\bin;C:\Program Files\dotnet\;"c:\program files\apache-maven-3.8.7\bin;%PATH%";C:\Program Files\nodejs\;C:\ProgramData\chocolatey\bin;c:\Program Files\JetBrains\ideaIU-2022.3.3.win\bin\;C:\Program Files\Graphviz\bin;C:\Program Files\Git\cmd;C:\Users\PAWEL\AppData\Local\Microsoft\WindowsApps;C:\Users\PAWEL\AppData\Local\Programs\Microsoft VS Code\bin;c:\Program Files\JetBrains\ideaIU-2022.3.3.win\bin\;e:\MyProjact\.m2\wrapper\dists\apache-maven-3.8.7-bin\;C:\Users\PAWEL\AppData\Roaming\npm;c:\Program Files\JetBrains\ideaIU-2022.3.3.win\bin\;C:\Users\PAWEL\AppData\Local\GitHubDesktop\bin
USERNAME=PAWEL
OS=Windows_NT
PROCESSOR_IDENTIFIER=Intel64 Family 6 Model 58 Stepping 9, GenuineIntel
TMP=C:\Users\PAWEL\AppData\Local\Temp
TEMP=C:\Users\PAWEL\AppData\Local\Temp



---------------  S Y S T E M  ---------------

OS:
 Windows 11 , 64 bit Build 22621 (10.0.22621.1928)
OS uptime: 2 days 10:47 hours

CPU: total 4 (initial active 4) (4 cores per cpu, 1 threads per core) family 6 model 58 stepping 9 microcode 0x21, cx8, cmov, fxsr, mmx, sse, sse2, sse3, ssse3, sse4.1, sse4.2, popcnt, tsc, tscinvbit, avx, aes, erms, clmul, vzeroupper, clflush, rdtscp

Memory: 4k page, system-wide physical 15843M (592M free)
TotalPageFile size 24035M (AvailPageFile size 5M)
current process WorkingSet (physical memory assigned to process): 125M, peak: 125M
current process commit charge ("private bytes"): 363M, peak: 364M

vm_info: OpenJDK 64-Bit Server VM (19.0.2+7-44) for windows-amd64 JRE (19.0.2+7-44), built on 2022-11-30T18:02:09Z by "mach5one" with MS VC++ 17.1 (VS2022)

END.
